<?xml version="1.0" encoding="UTF-8"?>
<TestRun id="27b0824e-8a44-4e05-b9f4-0a6c8604e502" name="Tim Moore@JACKFROST 2017-05-12 11:16:02" runUser="JACKFROST\Tim Moore" xmlns="http://microsoft.com/schemas/VisualStudio/TeamTest/2010">
  <TestSettings name="Local" id="59dbb065-7fa3-4828-ac9a-7c422d4f56ed">
    <Description>These are default test settings for a local test run.</Description>
    <Execution>
      <TestTypeSpecific />
      <AgentRule name="Execution Agents">
      </AgentRule>
    </Execution>
    <Deployment runDeploymentRoot="Tim Moore_JACKFROST 2017-05-12 11_16_02" />
    <Properties>
      <Property name="TestSettingsUIType" value="LoadTest" />
    </Properties>
  </TestSettings>
  <Times creation="2017-05-12T11:16:02.7349574-05:00" queuing="2017-05-12T11:16:05.9806952-05:00" start="2017-05-12T11:16:06.5226622-05:00" finish="2017-05-12T11:16:24.6680009-05:00" />
  <ResultSummary outcome="Completed">
    <Counters total="1" executed="1" passed="1" error="0" failed="0" timeout="0" aborted="0" inconclusive="0" passedButRunAborted="0" notRunnable="0" notExecuted="0" disconnected="0" warning="0" completed="0" inProgress="0" pending="0" />
  </ResultSummary>
  <TestDefinitions>
    <WebTest name="WebTest1" storage="j:\wwwroot\lessismoore\lessismoore.web\webandloadtestproject1\webtest1.webtest" id="d7f37a64-0760-413f-9924-d27c5b375dfd" persistedWebTest="77u/PD94bWwgdmVyc2lvbj0iMS4wIiBlbmNvZGluZz0iVVRGLTgiIHN0YW5kYWxvbmU9InllcyI/Pg0KPFdlYlRlc3QgTmFtZT0iV2ViVGVzdDEiIElkPSJkN2YzN2E2NC0wNzYwLTQxM2YtOTkyNC1kMjdjNWIzNzVkZmQiIE93bmVyPSIiIFByaW9yaXR5PSIyMTQ3NDgzNjQ3IiBFbmFibGVkPSJUcnVlIiBDc3NQcm9qZWN0U3RydWN0dXJlPSIiIENzc0l0ZXJhdGlvbj0iIiBUaW1lb3V0PSIwIiBXb3JrSXRlbUlkcz0iIiB4bWxucz0iaHR0cDovL21pY3Jvc29mdC5jb20vc2NoZW1hcy9WaXN1YWxTdHVkaW8vVGVhbVRlc3QvMjAxMCIgRGVzY3JpcHRpb249IiIgQ3JlZGVudGlhbFVzZXJOYW1lPSIiIENyZWRlbnRpYWxQYXNzd29yZD0iIiBQcmVBdXRoZW50aWNhdGU9IlRydWUiIFByb3h5PSJkZWZhdWx0IiBTdG9wT25FcnJvcj0iRmFsc2UiIFJlY29yZGVkUmVzdWx0RmlsZT0iV2ViVGVzdDEuMGI2ZjJhY2MtZjY1Zi00YTBlLTk2ZTMtYTY5YjM4YjAxNTM5LnJlYy53ZWJ0ZXN0cmVzdWx0IiBSZXN1bHRzTG9jYWxlPSIiPg0KICA8SXRlbXM+DQogICAgPFJlcXVlc3QgTWV0aG9kPSJHRVQiIEd1aWQ9ImM0NWRmYzEwLWIyNTctNDg4MC1iMDJiLTdkY2E3ZmIxYWVlOCIgVmVyc2lvbj0iMS4xIiBVcmw9Imh0dHA6Ly9hcGkuYmluZy5jb20vcXNtbC5hc3B4IiBUaGlua1RpbWU9IjIiIFRpbWVvdXQ9IjMwMCIgUGFyc2VEZXBlbmRlbnRSZXF1ZXN0cz0iVHJ1ZSIgRm9sbG93UmVkaXJlY3RzPSJUcnVlIiBSZWNvcmRSZXN1bHQ9IlRydWUiIENhY2hlPSJGYWxzZSIgUmVzcG9uc2VUaW1lR29hbD0iMCIgRW5jb2Rpbmc9InV0Zi04IiBFeHBlY3RlZEh0dHBTdGF0dXNDb2RlPSIwIiBFeHBlY3RlZFJlc3BvbnNlVXJsPSIiIFJlcG9ydGluZ05hbWU9IiIgSWdub3JlSHR0cFN0YXR1c0NvZGU9IkZhbHNlIj4NCiAgICAgIDxRdWVyeVN0cmluZ1BhcmFtZXRlcnM+DQogICAgICAgIDxRdWVyeVN0cmluZ1BhcmFtZXRlciBOYW1lPSJxdWVyeSIgVmFsdWU9ImxlIiBSZWNvcmRlZFZhbHVlPSJsZSIgQ29ycmVsYXRpb25CaW5kaW5nPSIiIFVybEVuY29kZT0iRmFsc2UiIFVzZVRvR3JvdXBSZXN1bHRzPSJGYWxzZSIgLz4NCiAgICAgICAgPFF1ZXJ5U3RyaW5nUGFyYW1ldGVyIE5hbWU9InNyYyIgVmFsdWU9IklFLUFkZHJlc3MiIFJlY29yZGVkVmFsdWU9IklFLUFkZHJlc3MiIENvcnJlbGF0aW9uQmluZGluZz0iIiBVcmxFbmNvZGU9IkZhbHNlIiBVc2VUb0dyb3VwUmVzdWx0cz0iRmFsc2UiIC8+DQogICAgICAgIDxRdWVyeVN0cmluZ1BhcmFtZXRlciBOYW1lPSJtYXh3aWR0aCIgVmFsdWU9IjMyNzY1IiBSZWNvcmRlZFZhbHVlPSIzMjc2NSIgQ29ycmVsYXRpb25CaW5kaW5nPSIiIFVybEVuY29kZT0iRmFsc2UiIFVzZVRvR3JvdXBSZXN1bHRzPSJGYWxzZSIgLz4NCiAgICAgICAgPFF1ZXJ5U3RyaW5nUGFyYW1ldGVyIE5hbWU9InJvd2hlaWdodCIgVmFsdWU9IjIwIiBSZWNvcmRlZFZhbHVlPSIyMCIgQ29ycmVsYXRpb25CaW5kaW5nPSIiIFVybEVuY29kZT0iRmFsc2UiIFVzZVRvR3JvdXBSZXN1bHRzPSJGYWxzZSIgLz4NCiAgICAgICAgPFF1ZXJ5U3RyaW5nUGFyYW1ldGVyIE5hbWU9InNlY3Rpb25IZWlnaHQiIFZhbHVlPSIxNjAiIFJlY29yZGVkVmFsdWU9IjE2MCIgQ29ycmVsYXRpb25CaW5kaW5nPSIiIFVybEVuY29kZT0iRmFsc2UiIFVzZVRvR3JvdXBSZXN1bHRzPSJGYWxzZSIgLz4NCiAgICAgICAgPFF1ZXJ5U3RyaW5nUGFyYW1ldGVyIE5hbWU9IkZPUk0iIFZhbHVlPSJJRThTU0MiIFJlY29yZGVkVmFsdWU9IklFOFNTQyIgQ29ycmVsYXRpb25CaW5kaW5nPSIiIFVybEVuY29kZT0iRmFsc2UiIFVzZVRvR3JvdXBSZXN1bHRzPSJGYWxzZSIgLz4NCiAgICAgICAgPFF1ZXJ5U3RyaW5nUGFyYW1ldGVyIE5hbWU9Im1hcmtldCIgVmFsdWU9ImVuLVVTIiBSZWNvcmRlZFZhbHVlPSJlbi1VUyIgQ29ycmVsYXRpb25CaW5kaW5nPSIiIFVybEVuY29kZT0iRmFsc2UiIFVzZVRvR3JvdXBSZXN1bHRzPSJGYWxzZSIgLz4NCiAgICAgIDwvUXVlcnlTdHJpbmdQYXJhbWV0ZXJzPg0KICAgIDwvUmVxdWVzdD4NCiAgICA8UmVxdWVzdCBNZXRob2Q9IkdFVCIgR3VpZD0iNzU3NTVjNzQtMDExNy00ZjVkLWIxNWEtMjdlNWNiMzFiMGFhIiBWZXJzaW9uPSIxLjEiIFVybD0iaHR0cDovL2FwaS5iaW5nLmNvbS9xc21sLmFzcHgiIFRoaW5rVGltZT0iMyIgVGltZW91dD0iMzAwIiBQYXJzZURlcGVuZGVudFJlcXVlc3RzPSJUcnVlIiBGb2xsb3dSZWRpcmVjdHM9IlRydWUiIFJlY29yZFJlc3VsdD0iVHJ1ZSIgQ2FjaGU9IkZhbHNlIiBSZXNwb25zZVRpbWVHb2FsPSIwIiBFbmNvZGluZz0idXRmLTgiIEV4cGVjdGVkSHR0cFN0YXR1c0NvZGU9IjAiIEV4cGVjdGVkUmVzcG9uc2VVcmw9IiIgUmVwb3J0aW5nTmFtZT0iIiBJZ25vcmVIdHRwU3RhdHVzQ29kZT0iRmFsc2UiPg0KICAgICAgPFF1ZXJ5U3RyaW5nUGFyYW1ldGVycz4NCiAgICAgICAgPFF1ZXJ5U3RyaW5nUGFyYW1ldGVyIE5hbWU9InF1ZXJ5IiBWYWx1ZT0ibGVzIiBSZWNvcmRlZFZhbHVlPSJsZXMiIENvcnJlbGF0aW9uQmluZGluZz0iIiBVcmxFbmNvZGU9IkZhbHNlIiBVc2VUb0dyb3VwUmVzdWx0cz0iRmFsc2UiIC8+DQogICAgICAgIDxRdWVyeVN0cmluZ1BhcmFtZXRlciBOYW1lPSJzcmMiIFZhbHVlPSJJRS1BZGRyZXNzIiBSZWNvcmRlZFZhbHVlPSJJRS1BZGRyZXNzIiBDb3JyZWxhdGlvbkJpbmRpbmc9IiIgVXJsRW5jb2RlPSJGYWxzZSIgVXNlVG9Hcm91cFJlc3VsdHM9IkZhbHNlIiAvPg0KICAgICAgICA8UXVlcnlTdHJpbmdQYXJhbWV0ZXIgTmFtZT0ibWF4d2lkdGgiIFZhbHVlPSIzMjc2NSIgUmVjb3JkZWRWYWx1ZT0iMzI3NjUiIENvcnJlbGF0aW9uQmluZGluZz0iIiBVcmxFbmNvZGU9IkZhbHNlIiBVc2VUb0dyb3VwUmVzdWx0cz0iRmFsc2UiIC8+DQogICAgICAgIDxRdWVyeVN0cmluZ1BhcmFtZXRlciBOYW1lPSJyb3doZWlnaHQiIFZhbHVlPSIyMCIgUmVjb3JkZWRWYWx1ZT0iMjAiIENvcnJlbGF0aW9uQmluZGluZz0iIiBVcmxFbmNvZGU9IkZhbHNlIiBVc2VUb0dyb3VwUmVzdWx0cz0iRmFsc2UiIC8+DQogICAgICAgIDxRdWVyeVN0cmluZ1BhcmFtZXRlciBOYW1lPSJzZWN0aW9uSGVpZ2h0IiBWYWx1ZT0iMTYwIiBSZWNvcmRlZFZhbHVlPSIxNjAiIENvcnJlbGF0aW9uQmluZGluZz0iIiBVcmxFbmNvZGU9IkZhbHNlIiBVc2VUb0dyb3VwUmVzdWx0cz0iRmFsc2UiIC8+DQogICAgICAgIDxRdWVyeVN0cmluZ1BhcmFtZXRlciBOYW1lPSJGT1JNIiBWYWx1ZT0iSUU4U1NDIiBSZWNvcmRlZFZhbHVlPSJJRThTU0MiIENvcnJlbGF0aW9uQmluZGluZz0iIiBVcmxFbmNvZGU9IkZhbHNlIiBVc2VUb0dyb3VwUmVzdWx0cz0iRmFsc2UiIC8+DQogICAgICAgIDxRdWVyeVN0cmluZ1BhcmFtZXRlciBOYW1lPSJtYXJrZXQiIFZhbHVlPSJlbi1VUyIgUmVjb3JkZWRWYWx1ZT0iZW4tVVMiIENvcnJlbGF0aW9uQmluZGluZz0iIiBVcmxFbmNvZGU9IkZhbHNlIiBVc2VUb0dyb3VwUmVzdWx0cz0iRmFsc2UiIC8+DQogICAgICA8L1F1ZXJ5U3RyaW5nUGFyYW1ldGVycz4NCiAgICA8L1JlcXVlc3Q+DQogICAgPFJlcXVlc3QgTWV0aG9kPSJHRVQiIEd1aWQ9ImVhZGI5ODhhLTlmMTEtNDZmMS1hNGQ0LWUyYjI0MzczNWZmNCIgVmVyc2lvbj0iMS4xIiBVcmw9Imh0dHA6Ly93d3cubGVzc2lzbW9vcmUubmV0LyIgVGhpbmtUaW1lPSIxIiBUaW1lb3V0PSIzMDAiIFBhcnNlRGVwZW5kZW50UmVxdWVzdHM9IlRydWUiIEZvbGxvd1JlZGlyZWN0cz0iVHJ1ZSIgUmVjb3JkUmVzdWx0PSJUcnVlIiBDYWNoZT0iRmFsc2UiIFJlc3BvbnNlVGltZUdvYWw9IjAiIEVuY29kaW5nPSJ1dGYtOCIgRXhwZWN0ZWRIdHRwU3RhdHVzQ29kZT0iMCIgRXhwZWN0ZWRSZXNwb25zZVVybD0iIiBSZXBvcnRpbmdOYW1lPSIiIElnbm9yZUh0dHBTdGF0dXNDb2RlPSJGYWxzZSI+DQogICAgICA8RGVwZW5kZW50UmVxdWVzdHM+DQogICAgICAgIDxSZXF1ZXN0IE1ldGhvZD0iR0VUIiBHdWlkPSIyNWMwMWQ5NC01MGMwLTQyYjUtYTQxNC1kMjg5ZmU0NGQxNjMiIFZlcnNpb249IjEuMSIgVXJsPSJodHRwOi8vd3d3Lmxlc3Npc21vb3JlLm5ldC9hc3NldHMvZm9udHMvZm9udGF3ZXNvbWUtd2ViZm9udC5lb3QiIFRoaW5rVGltZT0iMCIgVGltZW91dD0iMzAwIiBQYXJzZURlcGVuZGVudFJlcXVlc3RzPSJUcnVlIiBGb2xsb3dSZWRpcmVjdHM9IlRydWUiIFJlY29yZFJlc3VsdD0iVHJ1ZSIgQ2FjaGU9IkZhbHNlIiBSZXNwb25zZVRpbWVHb2FsPSIwIiBFbmNvZGluZz0idXRmLTgiIEV4cGVjdGVkSHR0cFN0YXR1c0NvZGU9IjAiIEV4cGVjdGVkUmVzcG9uc2VVcmw9IiIgUmVwb3J0aW5nTmFtZT0iIiBJZ25vcmVIdHRwU3RhdHVzQ29kZT0iRmFsc2UiPg0KICAgICAgICAgIDxIZWFkZXJzPg0KICAgICAgICAgICAgPEhlYWRlciBOYW1lPSJSZWZlcmVyIiBWYWx1ZT0iaHR0cDovL3d3dy5sZXNzaXNtb29yZS5uZXQvIiAvPg0KICAgICAgICAgIDwvSGVhZGVycz4NCiAgICAgICAgICA8UXVlcnlTdHJpbmdQYXJhbWV0ZXJzPg0KICAgICAgICAgICAgPFF1ZXJ5U3RyaW5nUGFyYW1ldGVyIE5hbWU9IiIgVmFsdWU9IiIgUmVjb3JkZWRWYWx1ZT0iIiBDb3JyZWxhdGlvbkJpbmRpbmc9IiIgVXJsRW5jb2RlPSJGYWxzZSIgVXNlVG9Hcm91cFJlc3VsdHM9IkZhbHNlIiAvPg0KICAgICAgICAgIDwvUXVlcnlTdHJpbmdQYXJhbWV0ZXJzPg0KICAgICAgICA8L1JlcXVlc3Q+DQogICAgICA8L0RlcGVuZGVudFJlcXVlc3RzPg0KICAgICAgPEV4dHJhY3Rpb25SdWxlcz4NCiAgICAgICAgPEV4dHJhY3Rpb25SdWxlIENsYXNzbmFtZT0iTWljcm9zb2Z0LlZpc3VhbFN0dWRpby5UZXN0VG9vbHMuV2ViVGVzdGluZy5SdWxlcy5FeHRyYWN0SGlkZGVuRmllbGRzLCBNaWNyb3NvZnQuVmlzdWFsU3R1ZGlvLlF1YWxpdHlUb29scy5XZWJUZXN0RnJhbWV3b3JrLCBWZXJzaW9uPTEwLjAuMC4wLCBDdWx0dXJlPW5ldXRyYWwsIFB1YmxpY0tleVRva2VuPWIwM2Y1ZjdmMTFkNTBhM2EiIFZhcmlhYmxlTmFtZT0iMSIgRGlzcGxheU5hbWU9IkV4dHJhY3QgSGlkZGVuIEZpZWxkcyIgRGVzY3JpcHRpb249IkV4dHJhY3QgYWxsIGhpZGRlbiBmaWVsZHMgZnJvbSB0aGUgcmVzcG9uc2UgYW5kIHBsYWNlIHRoZW0gaW50byB0aGUgdGVzdCBjb250ZXh0LiI+DQogICAgICAgICAgPFJ1bGVQYXJhbWV0ZXJzPg0KICAgICAgICAgICAgPFJ1bGVQYXJhbWV0ZXIgTmFtZT0iUmVxdWlyZWQiIFZhbHVlPSJUcnVlIiAvPg0KICAgICAgICAgICAgPFJ1bGVQYXJhbWV0ZXIgTmFtZT0iSHRtbERlY29kZSIgVmFsdWU9IlRydWUiIC8+DQogICAgICAgICAgPC9SdWxlUGFyYW1ldGVycz4NCiAgICAgICAgPC9FeHRyYWN0aW9uUnVsZT4NCiAgICAgIDwvRXh0cmFjdGlvblJ1bGVzPg0KICAgICAgPENvcnJlbGF0aW9uRXh0cmFjdGlvblJ1bGVzPg0KICAgICAgICA8RXh0cmFjdGlvblJ1bGUgQ2xhc3NuYW1lPSJNaWNyb3NvZnQuVmlzdWFsU3R1ZGlvLlRlc3RUb29scy5XZWJUZXN0aW5nLlJ1bGVzLkV4dHJhY3RUZXh0LCBNaWNyb3NvZnQuVmlzdWFsU3R1ZGlvLlF1YWxpdHlUb29scy5XZWJUZXN0RnJhbWV3b3JrLCBWZXJzaW9uPTEwLjAuMC4wLCBDdWx0dXJlPW5ldXRyYWwsIFB1YmxpY0tleVRva2VuPWIwM2Y1ZjdmMTFkNTBhM2EiIFZhcmlhYmxlTmFtZT0iRm9ybVBvc3RQYXJhbTEuZGRsTGFuZ2F1Z2UiIERpc3BsYXlOYW1lPSIiIERlc2NyaXB0aW9uPSIiPg0KICAgICAgICAgIDxSdWxlUGFyYW1ldGVycz4NCiAgICAgICAgICAgIDxSdWxlUGFyYW1ldGVyIE5hbWU9IlN0YXJ0c1dpdGgiIFZhbHVlPSJsdWU9JnF1b3Q7IiAvPg0KICAgICAgICAgICAgPFJ1bGVQYXJhbWV0ZXIgTmFtZT0iRW5kc1dpdGgiIFZhbHVlPSImcXVvdDsmZ3Q7U3BhIiAvPg0KICAgICAgICAgICAgPFJ1bGVQYXJhbWV0ZXIgTmFtZT0iSW5kZXgiIFZhbHVlPSIyIiAvPg0KICAgICAgICAgICAgPFJ1bGVQYXJhbWV0ZXIgTmFtZT0iSWdub3JlQ2FzZSIgVmFsdWU9IkZhbHNlIiAvPg0KICAgICAgICAgICAgPFJ1bGVQYXJhbWV0ZXIgTmFtZT0iVXNlUmVndWxhckV4cHJlc3Npb24iIFZhbHVlPSJGYWxzZSIgLz4NCiAgICAgICAgICAgIDxSdWxlUGFyYW1ldGVyIE5hbWU9Ikh0bWxEZWNvZGUiIFZhbHVlPSJUcnVlIiAvPg0KICAgICAgICAgICAgPFJ1bGVQYXJhbWV0ZXIgTmFtZT0iUmVxdWlyZWQiIFZhbHVlPSJGYWxzZSIgLz4NCiAgICAgICAgICA8L1J1bGVQYXJhbWV0ZXJzPg0KICAgICAgICA8L0V4dHJhY3Rpb25SdWxlPg0KICAgICAgPC9Db3JyZWxhdGlvbkV4dHJhY3Rpb25SdWxlcz4NCiAgICA8L1JlcXVlc3Q+DQogICAgPFJlcXVlc3QgTWV0aG9kPSJPUFRJT05TIiBHdWlkPSJhOGUxYWQxMC03M2EyLTQ2NGUtYjA5OS03ZTkxNTEzOWM0MTAiIFZlcnNpb249IjEuMSIgVXJsPSJodHRwczovL2RjLnNlcnZpY2VzLnZpc3VhbHN0dWRpby5jb20vdjIvdHJhY2siIFRoaW5rVGltZT0iMCIgVGltZW91dD0iMzAwIiBQYXJzZURlcGVuZGVudFJlcXVlc3RzPSJUcnVlIiBGb2xsb3dSZWRpcmVjdHM9IlRydWUiIFJlY29yZFJlc3VsdD0iVHJ1ZSIgQ2FjaGU9IkZhbHNlIiBSZXNwb25zZVRpbWVHb2FsPSIwIiBFbmNvZGluZz0idXRmLTgiIEV4cGVjdGVkSHR0cFN0YXR1c0NvZGU9IjAiIEV4cGVjdGVkUmVzcG9uc2VVcmw9IiIgUmVwb3J0aW5nTmFtZT0iIiBJZ25vcmVIdHRwU3RhdHVzQ29kZT0iRmFsc2UiPg0KICAgICAgPFN0cmluZ0h0dHBCb2R5IENvbnRlbnRUeXBlPSIiIEluc2VydEJ5dGVPcmRlck1hcms9IkZhbHNlIj4NCiAgICAgIDwvU3RyaW5nSHR0cEJvZHk+DQogICAgPC9SZXF1ZXN0Pg0KICAgIDxSZXF1ZXN0IE1ldGhvZD0iUE9TVCIgR3VpZD0iOThlZmEwMTgtNDkyNC00ZTM2LThhNmItYzBiZGUzYjRiODJkIiBWZXJzaW9uPSIxLjEiIFVybD0iaHR0cHM6Ly9kYy5zZXJ2aWNlcy52aXN1YWxzdHVkaW8uY29tL3YyL3RyYWNrIiBUaGlua1RpbWU9IjE2IiBUaW1lb3V0PSIzMDAiIFBhcnNlRGVwZW5kZW50UmVxdWVzdHM9IlRydWUiIEZvbGxvd1JlZGlyZWN0cz0iVHJ1ZSIgUmVjb3JkUmVzdWx0PSJUcnVlIiBDYWNoZT0iRmFsc2UiIFJlc3BvbnNlVGltZUdvYWw9IjAiIEVuY29kaW5nPSJ1dGYtOCIgRXhwZWN0ZWRIdHRwU3RhdHVzQ29kZT0iMCIgRXhwZWN0ZWRSZXNwb25zZVVybD0iIiBSZXBvcnRpbmdOYW1lPSIiIElnbm9yZUh0dHBTdGF0dXNDb2RlPSJGYWxzZSI+DQogICAgICA8SGVhZGVycz4NCiAgICAgICAgPEhlYWRlciBOYW1lPSJSZWZlcmVyIiBWYWx1ZT0iaHR0cDovL3d3dy5sZXNzaXNtb29yZS5uZXQvIiAvPg0KICAgICAgPC9IZWFkZXJzPg0KICAgICAgPFN0cmluZ0h0dHBCb2R5IENvbnRlbnRUeXBlPSJhcHBsaWNhdGlvbi9qc29uIiBJbnNlcnRCeXRlT3JkZXJNYXJrPSJGYWxzZSI+V3dCN0FDSUFkQUJwQUcwQVpRQWlBRG9BSWdBeUFEQUFNUUEzQUMwQU1BQTFBQzBBTVFBeUFGUUFNUUEyQURvQU1RQXpBRG9BTlFBekFDNEFNd0ExQURRQVdnQWlBQ3dBSWdCcEFFc0FaUUI1QUNJQU9nQWlBRFVBT0FBeUFHRUFZZ0F3QUdJQU9RQXRBR1FBTUFBMkFHSUFMUUEwQURnQU5RQXpBQzBBT0FBMEFHTUFOd0F0QURJQU9BQTBBR0lBTmdCaUFHVUFZUUEyQUdRQU9RQXpBQ0lBTEFBaUFHNEFZUUJ0QUdVQUlnQTZBQ0lBVFFCcEFHTUFjZ0J2QUhNQWJ3Qm1BSFFBTGdCQkFIQUFjQUJzQUdrQVl3QmhBSFFBYVFCdkFHNEFTUUJ1QUhNQWFRQm5BR2dBZEFCekFDNEFOUUE0QURJQVlRQmlBREFBWWdBNUFHUUFNQUEyQUdJQU5BQTRBRFVBTXdBNEFEUUFZd0EzQURJQU9BQTBBR0lBTmdCaUFHVUFZUUEyQUdRQU9RQXpBQzRBVUFCaEFHY0FaUUIyQUdrQVpRQjNBQ0lBTEFBaUFIUUFZUUJuQUhNQUlnQTZBSHNBSWdCaEFHa0FMZ0J6QUdVQWN3QnpBR2tBYndCdUFDNEFhUUJrQUNJQU9nQWlBRGNBY0FCTUFIa0FhUUFpQUN3QUlnQmhBR2tBTGdCa0FHVUFkZ0JwQUdNQVpRQXVBR2tBWkFBaUFEb0FJZ0JpQUhJQWJ3QjNBSE1BWlFCeUFDSUFMQUFpQUdFQWFRQXVBR1FBWlFCMkFHa0FZd0JsQUM0QWRBQjVBSEFBWlFBaUFEb0FJZ0JDQUhJQWJ3QjNBSE1BWlFCeUFDSUFMQUFpQUdFQWFRQXVBR2tBYmdCMEFHVUFjZ0J1QUdFQWJBQXVBSE1BWkFCckFGWUFaUUJ5QUhNQWFRQnZBRzRBSWdBNkFDSUFhZ0JoQUhZQVlRQnpBR01BY2dCcEFIQUFkQUE2QURFQUxnQXdBQzRBT1FBaUFDd0FJZ0JoQUdrQUxnQjFBSE1BWlFCeUFDNEFhUUJrQUNJQU9nQWlBRWtBYUFCMUFFb0FVQUFpQUN3QUlnQmhBR2tBTGdCdkFIQUFaUUJ5QUdFQWRBQnBBRzhBYmdBdUFHa0FaQUFpQURvQUlnQkdBRzRBTmdBMkFFOEFJZ0FzQUNJQVlRQnBBQzRBYndCd0FHVUFjZ0JoQUhRQWFRQnZBRzRBTGdCdUFHRUFiUUJsQUNJQU9nQWlBQzhBSWdCOUFDd0FJZ0JrQUdFQWRBQmhBQ0lBT2dCN0FDSUFZZ0JoQUhNQVpRQlVBSGtBY0FCbEFDSUFPZ0FpQUZBQVlRQm5BR1VBZGdCcEFHVUFkd0JFQUdFQWRBQmhBQ0lBTEFBaUFHSUFZUUJ6QUdVQVJBQmhBSFFBWVFBaUFEb0Fld0FpQUhZQVpRQnlBQ0lBT2dBeUFDd0FJZ0J1QUdFQWJRQmxBQ0lBT2dBaUFFd0FaUUJ6QUhNQUlBQkpBSE1BSUFCTkFHOEFid0J5QUdVQUlBQjhBQ0FBVXdCdkFHWUFkQUIzQUdFQWNnQmxBQ0FBUkFCbEFIWUFaUUJzQUc4QWNBQnRBR1VBYmdCMEFDSUFMQUFpQUhVQWNnQnNBQ0lBT2dBaUFHZ0FkQUIwQUhBQU9nQXZBQzhBZHdCM0FIY0FMZ0JzQUdVQWN3QnpBR2tBY3dCdEFHOEFid0J5QUdVQUxnQnVBR1VBZEFBdkFDSUFMQUFpQUdRQWRRQnlBR0VBZEFCcEFHOEFiZ0FpQURvQUlnQXdBREFBT2dBd0FEQUFPZ0F4QURBQUxnQXdBREVBTUFBaUFIMEFmUUI5QUN3QWV3QWlBSFFBYVFCdEFHVUFJZ0E2QUNJQU1nQXdBREVBTndBdEFEQUFOUUF0QURFQU1nQlVBREVBTmdBNkFERUFNd0E2QURVQU13QXVBRFFBTXdBM0FGb0FJZ0FzQUNJQWFRQkxBR1VBZVFBaUFEb0FJZ0ExQURnQU1nQmhBR0lBTUFCaUFEa0FMUUJrQURBQU5nQmlBQzBBTkFBNEFEVUFNd0F0QURnQU5BQmpBRGNBTFFBeUFEZ0FOQUJpQURZQVlnQmxBR0VBTmdCa0FEa0FNd0FpQUN3QUlnQnVBR0VBYlFCbEFDSUFPZ0FpQUUwQWFRQmpBSElBYndCekFHOEFaZ0IwQUM0QVFRQndBSEFBYkFCcEFHTUFZUUIwQUdrQWJ3QnVBRWtBYmdCekFHa0Fad0JvQUhRQWN3QXVBRFVBT0FBeUFHRUFZZ0F3QUdJQU9RQmtBREFBTmdCaUFEUUFPQUExQURNQU9BQTBBR01BTndBeUFEZ0FOQUJpQURZQVlnQmxBR0VBTmdCa0FEa0FNd0F1QUZBQVlRQm5BR1VBZGdCcEFHVUFkd0JRQUdVQWNnQm1BRzhBY2dCdEFHRUFiZ0JqQUdVQUlnQXNBQ0lBZEFCaEFHY0Fjd0FpQURvQWV3QWlBR0VBYVFBdUFITUFaUUJ6QUhNQWFRQnZBRzRBTGdCcEFHUUFJZ0E2QUNJQU53QndBRXdBZVFCcEFDSUFMQUFpQUdFQWFRQXVBR1FBWlFCMkFHa0FZd0JsQUM0QWFRQmtBQ0lBT2dBaUFHSUFjZ0J2QUhjQWN3QmxBSElBSWdBc0FDSUFZUUJwQUM0QVpBQmxBSFlBYVFCakFHVUFMZ0IwQUhrQWNBQmxBQ0lBT2dBaUFFSUFjZ0J2QUhjQWN3QmxBSElBSWdBc0FDSUFZUUJwQUM0QWFRQnVBSFFBWlFCeUFHNEFZUUJzQUM0QWN3QmtBR3NBVmdCbEFISUFjd0JwQUc4QWJnQWlBRG9BSWdCcUFHRUFkZ0JoQUhNQVl3QnlBR2tBY0FCMEFEb0FNUUF1QURBQUxnQTVBQ0lBTEFBaUFHRUFhUUF1QUhVQWN3QmxBSElBTGdCcEFHUUFJZ0E2QUNJQVNRQm9BSFVBU2dCUUFDSUFMQUFpQUdFQWFRQXVBRzhBY0FCbEFISUFZUUIwQUdrQWJ3QnVBQzRBYVFCa0FDSUFPZ0FpQUVZQWJnQTJBRFlBVHdBaUFDd0FJZ0JoQUdrQUxnQnZBSEFBWlFCeUFHRUFkQUJwQUc4QWJnQXVBRzRBWVFCdEFHVUFJZ0E2QUNJQUx3QWlBSDBBTEFBaUFHUUFZUUIwQUdFQUlnQTZBSHNBSWdCaUFHRUFjd0JsQUZRQWVRQndBR1VBSWdBNkFDSUFVQUJoQUdjQVpRQjJBR2tBWlFCM0FGQUFaUUJ5QUdZQWJ3QnlBRzBBWVFCdUFHTUFaUUJFQUdFQWRBQmhBQ0lBTEFBaUFHSUFZUUJ6QUdVQVJBQmhBSFFBWVFBaUFEb0Fld0FpQUhZQVpRQnlBQ0lBT2dBeUFDd0FJZ0J1QUdFQWJRQmxBQ0lBT2dBaUFFd0FaUUJ6QUhNQUlBQkpBSE1BSUFCTkFHOEFid0J5QUdVQUlBQjhBQ0FBVXdCdkFHWUFkQUIzQUdFQWNnQmxBQ0FBUkFCbEFIWUFaUUJzQUc4QWNBQnRBR1VBYmdCMEFDSUFMQUFpQUhVQWNnQnNBQ0lBT2dBaUFHZ0FkQUIwQUhBQU9nQXZBQzhBZHdCM0FIY0FMZ0JzQUdVQWN3QnpBR2tBY3dCdEFHOEFid0J5QUdVQUxnQnVBR1VBZEFBdkFDSUFMQUFpQUdRQWRRQnlBR0VBZEFCcEFHOEFiZ0FpQURvQUlnQXdBREFBT2dBd0FEQUFPZ0F4QURBQUxnQXdBREVBTUFBaUFDd0FJZ0J3QUdVQWNnQm1BRlFBYndCMEFHRUFiQUFpQURvQUlnQXdBREFBT2dBd0FEQUFPZ0F4QURBQUxnQXdBREVBTUFBaUFDd0FJZ0J1QUdVQWRBQjNBRzhBY2dCckFFTUFid0J1QUc0QVpRQmpBSFFBSWdBNkFDSUFNQUF3QURvQU1BQXdBRG9BTUFBd0FDNEFNQUF3QURBQUlnQXNBQ0lBY3dCbEFHNEFkQUJTQUdVQWNRQjFBR1VBY3dCMEFDSUFPZ0FpQURBQU1BQTZBREFBTUFBNkFEQUFNQUF1QURBQU1BQXhBQ0lBTEFBaUFISUFaUUJqQUdVQWFRQjJBR1VBWkFCU0FHVUFjd0J3QUc4QWJnQnpBR1VBSWdBNkFDSUFNQUF3QURvQU1BQXdBRG9BTUFBd0FDNEFNQUE1QURnQUlnQXNBQ0lBWkFCdkFHMEFVQUJ5QUc4QVl3QmxBSE1BY3dCcEFHNEFad0FpQURvQUlnQXdBREFBT2dBd0FEQUFPZ0F3QURJQUxnQTFBRGdBTlFBaUFIMEFmUUI5QUYwQTwvU3RyaW5nSHR0cEJvZHk+DQogICAgPC9SZXF1ZXN0Pg0KICAgIDxSZXF1ZXN0IE1ldGhvZD0iUE9TVCIgR3VpZD0iMGY3MDgxMDAtZmU5YS00NjdmLTg3ODItZGU3NTExMjhjOTNiIiBWZXJzaW9uPSIxLjEiIFVybD0iaHR0cDovL3d3dy5sZXNzaXNtb29yZS5uZXQvSG9tZS9TYXZlTGFuZ2F1Z2UiIFRoaW5rVGltZT0iMCIgVGltZW91dD0iMzAwIiBQYXJzZURlcGVuZGVudFJlcXVlc3RzPSJUcnVlIiBGb2xsb3dSZWRpcmVjdHM9IlRydWUiIFJlY29yZFJlc3VsdD0iVHJ1ZSIgQ2FjaGU9IkZhbHNlIiBSZXNwb25zZVRpbWVHb2FsPSIwIiBFbmNvZGluZz0idXRmLTgiIEV4cGVjdGVkSHR0cFN0YXR1c0NvZGU9IjAiIEV4cGVjdGVkUmVzcG9uc2VVcmw9Imh0dHA6Ly93d3cubGVzc2lzbW9vcmUubmV0LyIgUmVwb3J0aW5nTmFtZT0iIiBJZ25vcmVIdHRwU3RhdHVzQ29kZT0iRmFsc2UiPg0KICAgICAgPEhlYWRlcnM+DQogICAgICAgIDxIZWFkZXIgTmFtZT0iUmVmZXJlciIgVmFsdWU9Imh0dHA6Ly93d3cubGVzc2lzbW9vcmUubmV0LyIgLz4NCiAgICAgIDwvSGVhZGVycz4NCiAgICAgIDxGb3JtUG9zdEh0dHBCb2R5Pg0KICAgICAgICA8Rm9ybVBvc3RQYXJhbWV0ZXIgTmFtZT0iZGRsTGFuZ2F1Z2UiIFZhbHVlPSJlcy1FUyIgUmVjb3JkZWRWYWx1ZT0iZXMtRVMiIENvcnJlbGF0aW9uQmluZGluZz0ie3tGb3JtUG9zdFBhcmFtMS5kZGxMYW5nYXVnZX19IiBVcmxFbmNvZGU9IlRydWUiIC8+DQogICAgICAgIDxGb3JtUG9zdFBhcmFtZXRlciBOYW1lPSJfX1JlcXVlc3RWZXJpZmljYXRpb25Ub2tlbiIgVmFsdWU9Int7JEhJRERFTjEuX19SZXF1ZXN0VmVyaWZpY2F0aW9uVG9rZW59fSIgUmVjb3JkZWRWYWx1ZT0iQ2ZESjhBaFg5U2ZrVVBkUGh0b2lHVVJIZklHV1lhN1hwZ2IxeXBvWUVVYW1XS3RFRk1vaWdJNWhKd2Q5Q2J3QmE1RWRDYlNBZ1ZUSFFxV1JEak44bWpmYUhRNW0xODl3bEhsN29jTVhodVNoZUZrZTV5Vk5FRFNQeFJzb0doWl9Zck02NkZqeUVfT2NMUGRDZnBlU083bzZtajAiIENvcnJlbGF0aW9uQmluZGluZz0iIiBVcmxFbmNvZGU9IlRydWUiIC8+DQogICAgICA8L0Zvcm1Qb3N0SHR0cEJvZHk+DQogICAgPC9SZXF1ZXN0Pg0KICAgIDxSZXF1ZXN0IE1ldGhvZD0iUE9TVCIgR3VpZD0iOWU0N2Q2M2UtY2YzYy00NjIwLTlkMWItZDI0NzEzOGE1ZWE0IiBWZXJzaW9uPSIxLjEiIFVybD0iaHR0cHM6Ly9kYy5zZXJ2aWNlcy52aXN1YWxzdHVkaW8uY29tL3YyL3RyYWNrIiBUaGlua1RpbWU9IjIzIiBUaW1lb3V0PSIzMDAiIFBhcnNlRGVwZW5kZW50UmVxdWVzdHM9IlRydWUiIEZvbGxvd1JlZGlyZWN0cz0iVHJ1ZSIgUmVjb3JkUmVzdWx0PSJUcnVlIiBDYWNoZT0iRmFsc2UiIFJlc3BvbnNlVGltZUdvYWw9IjAiIEVuY29kaW5nPSJ1dGYtOCIgRXhwZWN0ZWRIdHRwU3RhdHVzQ29kZT0iMCIgRXhwZWN0ZWRSZXNwb25zZVVybD0iIiBSZXBvcnRpbmdOYW1lPSIiIElnbm9yZUh0dHBTdGF0dXNDb2RlPSJGYWxzZSI+DQogICAgICA8SGVhZGVycz4NCiAgICAgICAgPEhlYWRlciBOYW1lPSJSZWZlcmVyIiBWYWx1ZT0iaHR0cDovL3d3dy5sZXNzaXNtb29yZS5uZXQvIiAvPg0KICAgICAgPC9IZWFkZXJzPg0KICAgICAgPFN0cmluZ0h0dHBCb2R5IENvbnRlbnRUeXBlPSJhcHBsaWNhdGlvbi9qc29uIiBJbnNlcnRCeXRlT3JkZXJNYXJrPSJGYWxzZSI+V3dCN0FDSUFkQUJwQUcwQVpRQWlBRG9BSWdBeUFEQUFNUUEzQUMwQU1BQTFBQzBBTVFBeUFGUUFNUUEyQURvQU1RQTBBRG9BTVFBeUFDNEFPUUE1QURFQVdnQWlBQ3dBSWdCcEFFc0FaUUI1QUNJQU9nQWlBRFVBT0FBeUFHRUFZZ0F3QUdJQU9RQXRBR1FBTUFBMkFHSUFMUUEwQURnQU5RQXpBQzBBT0FBMEFHTUFOd0F0QURJQU9BQTBBR0lBTmdCaUFHVUFZUUEyQUdRQU9RQXpBQ0lBTEFBaUFHNEFZUUJ0QUdVQUlnQTZBQ0lBVFFCcEFHTUFjZ0J2QUhNQWJ3Qm1BSFFBTGdCQkFIQUFjQUJzQUdrQVl3QmhBSFFBYVFCdkFHNEFTUUJ1QUhNQWFRQm5BR2dBZEFCekFDNEFOUUE0QURJQVlRQmlBREFBWWdBNUFHUUFNQUEyQUdJQU5BQTRBRFVBTXdBNEFEUUFZd0EzQURJQU9BQTBBR0lBTmdCaUFHVUFZUUEyQUdRQU9RQXpBQzRBVUFCaEFHY0FaUUIyQUdrQVpRQjNBQ0lBTEFBaUFIUUFZUUJuQUhNQUlnQTZBSHNBSWdCaEFHa0FMZ0J6QUdVQWN3QnpBR2tBYndCdUFDNEFhUUJrQUNJQU9nQWlBRGNBY0FCTUFIa0FhUUFpQUN3QUlnQmhBR2tBTGdCa0FHVUFkZ0JwQUdNQVpRQXVBR2tBWkFBaUFEb0FJZ0JpQUhJQWJ3QjNBSE1BWlFCeUFDSUFMQUFpQUdFQWFRQXVBR1FBWlFCMkFHa0FZd0JsQUM0QWRBQjVBSEFBWlFBaUFEb0FJZ0JDQUhJQWJ3QjNBSE1BWlFCeUFDSUFMQUFpQUdFQWFRQXVBR2tBYmdCMEFHVUFjZ0J1QUdFQWJBQXVBSE1BWkFCckFGWUFaUUJ5QUhNQWFRQnZBRzRBSWdBNkFDSUFhZ0JoQUhZQVlRQnpBR01BY2dCcEFIQUFkQUE2QURFQUxnQXdBQzRBT1FBaUFDd0FJZ0JoQUdrQUxnQjFBSE1BWlFCeUFDNEFhUUJrQUNJQU9nQWlBRWtBYUFCMUFFb0FVQUFpQUN3QUlnQmhBR2tBTGdCdkFIQUFaUUJ5QUdFQWRBQnBBRzhBYmdBdUFHa0FaQUFpQURvQUlnQnpBRk1BV2dCakFGY0FJZ0FzQUNJQVlRQnBBQzRBYndCd0FHVUFjZ0JoQUhRQWFRQnZBRzRBTGdCdUFHRUFiUUJsQUNJQU9nQWlBQzhBSWdCOUFDd0FJZ0JrQUdFQWRBQmhBQ0lBT2dCN0FDSUFZZ0JoQUhNQVpRQlVBSGtBY0FCbEFDSUFPZ0FpQUZBQVlRQm5BR1VBZGdCcEFHVUFkd0JFQUdFQWRBQmhBQ0lBTEFBaUFHSUFZUUJ6QUdVQVJBQmhBSFFBWVFBaUFEb0Fld0FpQUhZQVpRQnlBQ0lBT2dBeUFDd0FJZ0J1QUdFQWJRQmxBQ0lBT2dBaUFFd0FaUUJ6QUhNQUlBQkpBSE1BSUFCTkFHOEFid0J5QUdVQUlBQjhBQ0FBVXdCdkFHWUFkQUIzQUdFQWNnQmxBQ0FBUkFCbEFITUFZUUJ5QUhJQWJ3QnNBR3dBYndBaUFDd0FJZ0IxQUhJQWJBQWlBRG9BSWdCb0FIUUFkQUJ3QURvQUx3QXZBSGNBZHdCM0FDNEFiQUJsQUhNQWN3QnBBSE1BYlFCdkFHOEFjZ0JsQUM0QWJnQmxBSFFBTHdBaUFDd0FJZ0JrQUhVQWNnQmhBSFFBYVFCdkFHNEFJZ0E2QUNJQU1BQXdBRG9BTUFBd0FEb0FNQUF4QUM0QU5BQTBBRE1BSWdCOUFIMEFmUUFzQUhzQUlnQjBBR2tBYlFCbEFDSUFPZ0FpQURJQU1BQXhBRGNBTFFBd0FEVUFMUUF4QURJQVZBQXhBRFlBT2dBeEFEUUFPZ0F4QURJQUxnQTVBRGtBTmdCYUFDSUFMQUFpQUdrQVN3QmxBSGtBSWdBNkFDSUFOUUE0QURJQVlRQmlBREFBWWdBNUFDMEFaQUF3QURZQVlnQXRBRFFBT0FBMUFETUFMUUE0QURRQVl3QTNBQzBBTWdBNEFEUUFZZ0EyQUdJQVpRQmhBRFlBWkFBNUFETUFJZ0FzQUNJQWJnQmhBRzBBWlFBaUFEb0FJZ0JOQUdrQVl3QnlBRzhBY3dCdkFHWUFkQUF1QUVFQWNBQndBR3dBYVFCakFHRUFkQUJwQUc4QWJnQkpBRzRBY3dCcEFHY0FhQUIwQUhNQUxnQTFBRGdBTWdCaEFHSUFNQUJpQURrQVpBQXdBRFlBWWdBMEFEZ0FOUUF6QURnQU5BQmpBRGNBTWdBNEFEUUFZZ0EyQUdJQVpRQmhBRFlBWkFBNUFETUFMZ0JRQUdFQVp3QmxBSFlBYVFCbEFIY0FVQUJsQUhJQVpnQnZBSElBYlFCaEFHNEFZd0JsQUNJQUxBQWlBSFFBWVFCbkFITUFJZ0E2QUhzQUlnQmhBR2tBTGdCekFHVUFjd0J6QUdrQWJ3QnVBQzRBYVFCa0FDSUFPZ0FpQURjQWNBQk1BSGtBYVFBaUFDd0FJZ0JoQUdrQUxnQmtBR1VBZGdCcEFHTUFaUUF1QUdrQVpBQWlBRG9BSWdCaUFISUFid0IzQUhNQVpRQnlBQ0lBTEFBaUFHRUFhUUF1QUdRQVpRQjJBR2tBWXdCbEFDNEFkQUI1QUhBQVpRQWlBRG9BSWdCQ0FISUFid0IzQUhNQVpRQnlBQ0lBTEFBaUFHRUFhUUF1QUdrQWJnQjBBR1VBY2dCdUFHRUFiQUF1QUhNQVpBQnJBRllBWlFCeUFITUFhUUJ2QUc0QUlnQTZBQ0lBYWdCaEFIWUFZUUJ6QUdNQWNnQnBBSEFBZEFBNkFERUFMZ0F3QUM0QU9RQWlBQ3dBSWdCaEFHa0FMZ0IxQUhNQVpRQnlBQzRBYVFCa0FDSUFPZ0FpQUVrQWFBQjFBRW9BVUFBaUFDd0FJZ0JoQUdrQUxnQnZBSEFBWlFCeUFHRUFkQUJwQUc4QWJnQXVBR2tBWkFBaUFEb0FJZ0J6QUZNQVdnQmpBRmNBSWdBc0FDSUFZUUJwQUM0QWJ3QndBR1VBY2dCaEFIUUFhUUJ2QUc0QUxnQnVBR0VBYlFCbEFDSUFPZ0FpQUM4QUlnQjlBQ3dBSWdCa0FHRUFkQUJoQUNJQU9nQjdBQ0lBWWdCaEFITUFaUUJVQUhrQWNBQmxBQ0lBT2dBaUFGQUFZUUJuQUdVQWRnQnBBR1VBZHdCUUFHVUFjZ0JtQUc4QWNnQnRBR0VBYmdCakFHVUFSQUJoQUhRQVlRQWlBQ3dBSWdCaUFHRUFjd0JsQUVRQVlRQjBBR0VBSWdBNkFIc0FJZ0IyQUdVQWNnQWlBRG9BTWdBc0FDSUFiZ0JoQUcwQVpRQWlBRG9BSWdCTUFHVUFjd0J6QUNBQVNRQnpBQ0FBVFFCdkFHOEFjZ0JsQUNBQWZBQWdBRk1BYndCbUFIUUFkd0JoQUhJQVpRQWdBRVFBWlFCekFHRUFjZ0J5QUc4QWJBQnNBRzhBSWdBc0FDSUFkUUJ5QUd3QUlnQTZBQ0lBYUFCMEFIUUFjQUE2QUM4QUx3QjNBSGNBZHdBdUFHd0FaUUJ6QUhNQWFRQnpBRzBBYndCdkFISUFaUUF1QUc0QVpRQjBBQzhBSWdBc0FDSUFaQUIxQUhJQVlRQjBBR2tBYndCdUFDSUFPZ0FpQURBQU1BQTZBREFBTUFBNkFEQUFNUUF1QURRQU5BQXpBQ0lBTEFBaUFIQUFaUUJ5QUdZQVZBQnZBSFFBWVFCc0FDSUFPZ0FpQURBQU1BQTZBREFBTUFBNkFEQUFNUUF1QURRQU5BQXpBQ0lBTEFBaUFHNEFaUUIwQUhjQWJ3QnlBR3NBUXdCdkFHNEFiZ0JsQUdNQWRBQWlBRG9BSWdBd0FEQUFPZ0F3QURBQU9nQXdBREFBTGdBd0FEY0FOZ0FpQUN3QUlnQnpBR1VBYmdCMEFGSUFaUUJ4QUhVQVpRQnpBSFFBSWdBNkFDSUFNQUF3QURvQU1BQXdBRG9BTUFBd0FDNEFPUUF3QURnQUlnQXNBQ0lBY2dCbEFHTUFaUUJwQUhZQVpRQmtBRklBWlFCekFIQUFid0J1QUhNQVpRQWlBRG9BSWdBd0FEQUFPZ0F3QURBQU9nQXdBREFBTGdBd0FEQUFPQUFpQUN3QUlnQmtBRzhBYlFCUUFISUFid0JqQUdVQWN3QnpBR2tBYmdCbkFDSUFPZ0FpQURBQU1BQTZBREFBTUFBNkFEQUFNQUF1QURRQU5BQTVBQ0lBZlFCOUFIMEFYUUE9PC9TdHJpbmdIdHRwQm9keT4NCiAgICA8L1JlcXVlc3Q+DQogICAgPFJlcXVlc3QgTWV0aG9kPSJHRVQiIEd1aWQ9IjdkMTc2ODFlLWM1NDEtNDBjZi05NDI4LTFkODExMzkxNTg5OSIgVmVyc2lvbj0iMS4xIiBVcmw9Imh0dHA6Ly93d3cubGVzc2lzbW9vcmUubmV0L0FjY291bnQvTG9naW4iIFRoaW5rVGltZT0iMyIgVGltZW91dD0iMzAwIiBQYXJzZURlcGVuZGVudFJlcXVlc3RzPSJUcnVlIiBGb2xsb3dSZWRpcmVjdHM9IlRydWUiIFJlY29yZFJlc3VsdD0iVHJ1ZSIgQ2FjaGU9IkZhbHNlIiBSZXNwb25zZVRpbWVHb2FsPSIwIiBFbmNvZGluZz0idXRmLTgiIEV4cGVjdGVkSHR0cFN0YXR1c0NvZGU9IjAiIEV4cGVjdGVkUmVzcG9uc2VVcmw9Imh0dHBzOi8vbG9naW4ubWljcm9zb2Z0b25saW5lLmNvbS83NDM0MDI1NS1hMGE0LTQxMWQtYTlhMS0zNmY4ZmNmMGUyNWMvb2F1dGgyL2F1dGhvcml6ZT9jbGllbnRfaWQ9NzcwOTk1ZDUtN2ZiMi00YmIxLWI5NmQtZjZiYjI5YWI3ZTQ0JmFtcDtyZWRpcmVjdF91cmk9aHR0cCUzQSUyRiUyRnd3dy5sZXNzaXNtb29yZS5uZXQlMkZzaWduaW4tb2lkYyZhbXA7cmVzcG9uc2VfdHlwZT1pZF90b2tlbiZhbXA7c2NvcGU9b3BlbmlkJTIwcHJvZmlsZSZhbXA7cmVzcG9uc2VfbW9kZT1mb3JtX3Bvc3QmYW1wO25vbmNlPTYzNjMwMjAyNDY0NjI2OTAzMC5OMkkxT0dVNVpqVXROelZtTUMwMFpEQTBMVGd5WlRBdFpqZzFZell3WWpGak5XUTVPR1EwTm1NNE5EVXRNMk16WXkwMFlUWTFMV0UxT0dRdE9UQmxOMlF3TTJWaU4ySTImYW1wO3N0YXRlPUNmREo4QWhYOVNma1VQZFBodG9pR1VSSGZJRmNUQjY1WHdLVWp3bmhYVTZLM055anJnQnZRT0swQ19QT0VWNkR3WmxHSnFhQ2Z0c1I3OHFqLWZvVUdwcl9SRHRvdDhnVlFZU3dCRG1Md1M3Mkd1YUxtN0xycTFiTFFDendXbkJQTFJfbWltUlZfM3ZzeU9ia3o3cUlRc3RZWFgzbXJKUDFuUzNIdWxyb0xlZndlLXBUZGFKelJlZ2lJUGpid0xxcXNaQWl0VmxVRHFsdzJ2aTVIT3BiX2t3R1IxcXQwSGdLYmxPRXk4dWJhZkdqZzFKWVh0MEFlRmNCbmJ5WDJiX1RnX2ZzUTlxUWNoWE9aVGxfb1FmRklfWFN0Nng3eGhJZEJjSkR1QVp1MGs5d015dmRIUmZJMzhoMnhsdmtrbVVXUm5HWWdIUmYtb3VvWWl2UVNFMG1pZnpybmpmSGNaNmVaOUtZTUN5bmFoQ1R2MXJqIiBSZXBvcnRpbmdOYW1lPSIiIElnbm9yZUh0dHBTdGF0dXNDb2RlPSJGYWxzZSI+DQogICAgICA8SGVhZGVycz4NCiAgICAgICAgPEhlYWRlciBOYW1lPSJSZWZlcmVyIiBWYWx1ZT0iaHR0cDovL3d3dy5sZXNzaXNtb29yZS5uZXQvIiAvPg0KICAgICAgPC9IZWFkZXJzPg0KICAgICAgPEV4dHJhY3Rpb25SdWxlcz4NCiAgICAgICAgPEV4dHJhY3Rpb25SdWxlIENsYXNzbmFtZT0iTWljcm9zb2Z0LlZpc3VhbFN0dWRpby5UZXN0VG9vbHMuV2ViVGVzdGluZy5SdWxlcy5FeHRyYWN0SGlkZGVuRmllbGRzLCBNaWNyb3NvZnQuVmlzdWFsU3R1ZGlvLlF1YWxpdHlUb29scy5XZWJUZXN0RnJhbWV3b3JrLCBWZXJzaW9uPTEwLjAuMC4wLCBDdWx0dXJlPW5ldXRyYWwsIFB1YmxpY0tleVRva2VuPWIwM2Y1ZjdmMTFkNTBhM2EiIFZhcmlhYmxlTmFtZT0iMSIgRGlzcGxheU5hbWU9IkV4dHJhY3QgSGlkZGVuIEZpZWxkcyIgRGVzY3JpcHRpb249IkV4dHJhY3QgYWxsIGhpZGRlbiBmaWVsZHMgZnJvbSB0aGUgcmVzcG9uc2UgYW5kIHBsYWNlIHRoZW0gaW50byB0aGUgdGVzdCBjb250ZXh0LiI+DQogICAgICAgICAgPFJ1bGVQYXJhbWV0ZXJzPg0KICAgICAgICAgICAgPFJ1bGVQYXJhbWV0ZXIgTmFtZT0iUmVxdWlyZWQiIFZhbHVlPSJUcnVlIiAvPg0KICAgICAgICAgICAgPFJ1bGVQYXJhbWV0ZXIgTmFtZT0iSHRtbERlY29kZSIgVmFsdWU9IlRydWUiIC8+DQogICAgICAgICAgPC9SdWxlUGFyYW1ldGVycz4NCiAgICAgICAgPC9FeHRyYWN0aW9uUnVsZT4NCiAgICAgIDwvRXh0cmFjdGlvblJ1bGVzPg0KICAgIDwvUmVxdWVzdD4NCiAgICA8UmVxdWVzdCBNZXRob2Q9IkdFVCIgR3VpZD0iMzE2ZDdhNTMtMTM0YS00NTg4LTliZTctZjExOThlOWVkZTYzIiBWZXJzaW9uPSIxLjEiIFVybD0iaHR0cHM6Ly9sb2dpbi5taWNyb3NvZnRvbmxpbmUuY29tLzc0MzQwMjU1LWEwYTQtNDExZC1hOWExLTM2ZjhmY2YwZTI1Yy9vYXV0aDIvYXV0aG9yaXplIiBUaGlua1RpbWU9IjAiIFRpbWVvdXQ9IjMwMCIgUGFyc2VEZXBlbmRlbnRSZXF1ZXN0cz0iVHJ1ZSIgRm9sbG93UmVkaXJlY3RzPSJUcnVlIiBSZWNvcmRSZXN1bHQ9IlRydWUiIENhY2hlPSJGYWxzZSIgUmVzcG9uc2VUaW1lR29hbD0iMCIgRW5jb2Rpbmc9InV0Zi04IiBFeHBlY3RlZEh0dHBTdGF0dXNDb2RlPSIwIiBFeHBlY3RlZFJlc3BvbnNlVXJsPSJodHRwczovL2xvZ2luLm1pY3Jvc29mdG9ubGluZS5jb20vNzQzNDAyNTUtYTBhNC00MTFkLWE5YTEtMzZmOGZjZjBlMjVjL29hdXRoMi9hdXRob3JpemU/Y2xpZW50X2lkPTc3MDk5NWQ1LTdmYjItNGJiMS1iOTZkLWY2YmIyOWFiN2U0NCZhbXA7cmVkaXJlY3RfdXJpPWh0dHAlM0ElMkYlMkZ3d3cubGVzc2lzbW9vcmUubmV0JTJGc2lnbmluLW9pZGMmYW1wO3Jlc3BvbnNlX3R5cGU9aWRfdG9rZW4mYW1wO3Njb3BlPW9wZW5pZCUyMHByb2ZpbGUmYW1wO3Jlc3BvbnNlX21vZGU9Zm9ybV9wb3N0JmFtcDtub25jZT02MzYzMDIwMjQ2NDYyNjkwMzAuTjJJMU9HVTVaalV0TnpWbU1DMDBaREEwTFRneVpUQXRaamcxWXpZd1lqRmpOV1E1T0dRME5tTTRORFV0TTJNell5MDBZVFkxTFdFMU9HUXRPVEJsTjJRd00yVmlOMkkyJmFtcDtzdGF0ZT1DZkRKOEFoWDlTZmtVUGRQaHRvaUdVUkhmSUZjVEI2NVh3S1Vqd25oWFU2SzNOeWpyZ0J2UU9LMENfUE9FVjZEd1psR0pxYUNmdHNSNzhxai1mb1VHcHJfUkR0b3Q4Z1ZRWVN3QkRtTHdTNzJHdWFMbTdMcnExYkxRQ3p3V25CUExSX21pbVJWXzN2c3lPYmt6N3FJUXN0WVhYM21ySlAxblMzSHVscm9MZWZ3ZS1wVGRhSnpSZWdpSVBqYndMcXFzWkFpdFZsVURxbHcydmk1SE9wYl9rd0dSMXF0MEhnS2JsT0V5OHViYWZHamcxSllYdDBBZUZjQm5ieVgyYl9UZ19mc1E5cVFjaFhPWlRsX29RZkZJX1hTdDZ4N3hoSWRCY0pEdUFadTBrOXdNeXZkSFJmSTM4aDJ4bHZra21VV1JuR1lnSFJmLW91b1lpdlFTRTBtaWZ6cm5qZkhjWjZlWjlLWU1DeW5haENUdjFyaiMiIFJlcG9ydGluZ05hbWU9IiIgSWdub3JlSHR0cFN0YXR1c0NvZGU9IkZhbHNlIj4NCiAgICAgIDxRdWVyeVN0cmluZ1BhcmFtZXRlcnM+DQogICAgICAgIDxRdWVyeVN0cmluZ1BhcmFtZXRlciBOYW1lPSJjbGllbnRfaWQiIFZhbHVlPSI3NzA5OTVkNS03ZmIyLTRiYjEtYjk2ZC1mNmJiMjlhYjdlNDQiIFJlY29yZGVkVmFsdWU9Ijc3MDk5NWQ1LTdmYjItNGJiMS1iOTZkLWY2YmIyOWFiN2U0NCIgQ29ycmVsYXRpb25CaW5kaW5nPSIiIFVybEVuY29kZT0iRmFsc2UiIFVzZVRvR3JvdXBSZXN1bHRzPSJGYWxzZSIgLz4NCiAgICAgICAgPFF1ZXJ5U3RyaW5nUGFyYW1ldGVyIE5hbWU9InJlZGlyZWN0X3VyaSIgVmFsdWU9Imh0dHAlM0ElMkYlMkZ3d3cubGVzc2lzbW9vcmUubmV0JTJGc2lnbmluLW9pZGMiIFJlY29yZGVkVmFsdWU9Imh0dHAlM0ElMkYlMkZ3d3cubGVzc2lzbW9vcmUubmV0JTJGc2lnbmluLW9pZGMiIENvcnJlbGF0aW9uQmluZGluZz0iIiBVcmxFbmNvZGU9IkZhbHNlIiBVc2VUb0dyb3VwUmVzdWx0cz0iRmFsc2UiIC8+DQogICAgICAgIDxRdWVyeVN0cmluZ1BhcmFtZXRlciBOYW1lPSJyZXNwb25zZV90eXBlIiBWYWx1ZT0iaWRfdG9rZW4iIFJlY29yZGVkVmFsdWU9ImlkX3Rva2VuIiBDb3JyZWxhdGlvbkJpbmRpbmc9IiIgVXJsRW5jb2RlPSJGYWxzZSIgVXNlVG9Hcm91cFJlc3VsdHM9IkZhbHNlIiAvPg0KICAgICAgICA8UXVlcnlTdHJpbmdQYXJhbWV0ZXIgTmFtZT0ic2NvcGUiIFZhbHVlPSJvcGVuaWQlMjBwcm9maWxlIiBSZWNvcmRlZFZhbHVlPSJvcGVuaWQlMjBwcm9maWxlIiBDb3JyZWxhdGlvbkJpbmRpbmc9IiIgVXJsRW5jb2RlPSJGYWxzZSIgVXNlVG9Hcm91cFJlc3VsdHM9IkZhbHNlIiAvPg0KICAgICAgICA8UXVlcnlTdHJpbmdQYXJhbWV0ZXIgTmFtZT0icmVzcG9uc2VfbW9kZSIgVmFsdWU9ImZvcm1fcG9zdCIgUmVjb3JkZWRWYWx1ZT0iZm9ybV9wb3N0IiBDb3JyZWxhdGlvbkJpbmRpbmc9IiIgVXJsRW5jb2RlPSJGYWxzZSIgVXNlVG9Hcm91cFJlc3VsdHM9IkZhbHNlIiAvPg0KICAgICAgICA8UXVlcnlTdHJpbmdQYXJhbWV0ZXIgTmFtZT0ibm9uY2UiIFZhbHVlPSI2MzYzMDIwMjQ2NDYyNjkwMzAuTjJJMU9HVTVaalV0TnpWbU1DMDBaREEwTFRneVpUQXRaamcxWXpZd1lqRmpOV1E1T0dRME5tTTRORFV0TTJNell5MDBZVFkxTFdFMU9HUXRPVEJsTjJRd00yVmlOMkkyIiBSZWNvcmRlZFZhbHVlPSI2MzYzMDIwMjQ2NDYyNjkwMzAuTjJJMU9HVTVaalV0TnpWbU1DMDBaREEwTFRneVpUQXRaamcxWXpZd1lqRmpOV1E1T0dRME5tTTRORFV0TTJNell5MDBZVFkxTFdFMU9HUXRPVEJsTjJRd00yVmlOMkkyIiBDb3JyZWxhdGlvbkJpbmRpbmc9IiIgVXJsRW5jb2RlPSJGYWxzZSIgVXNlVG9Hcm91cFJlc3VsdHM9IkZhbHNlIiAvPg0KICAgICAgICA8UXVlcnlTdHJpbmdQYXJhbWV0ZXIgTmFtZT0ic3RhdGUiIFZhbHVlPSJDZkRKOEFoWDlTZmtVUGRQaHRvaUdVUkhmSUZjVEI2NVh3S1Vqd25oWFU2SzNOeWpyZ0J2UU9LMENfUE9FVjZEd1psR0pxYUNmdHNSNzhxai1mb1VHcHJfUkR0b3Q4Z1ZRWVN3QkRtTHdTNzJHdWFMbTdMcnExYkxRQ3p3V25CUExSX21pbVJWXzN2c3lPYmt6N3FJUXN0WVhYM21ySlAxblMzSHVscm9MZWZ3ZS1wVGRhSnpSZWdpSVBqYndMcXFzWkFpdFZsVURxbHcydmk1SE9wYl9rd0dSMXF0MEhnS2JsT0V5OHViYWZHamcxSllYdDBBZUZjQm5ieVgyYl9UZ19mc1E5cVFjaFhPWlRsX29RZkZJX1hTdDZ4N3hoSWRCY0pEdUFadTBrOXdNeXZkSFJmSTM4aDJ4bHZra21VV1JuR1lnSFJmLW91b1lpdlFTRTBtaWZ6cm5qZkhjWjZlWjlLWU1DeW5haENUdjFyaiIgUmVjb3JkZWRWYWx1ZT0iQ2ZESjhBaFg5U2ZrVVBkUGh0b2lHVVJIZklGY1RCNjVYd0tVanduaFhVNkszTnlqcmdCdlFPSzBDX1BPRVY2RHdabEdKcWFDZnRzUjc4cWotZm9VR3ByX1JEdG90OGdWUVlTd0JEbUx3UzcyR3VhTG03THJxMWJMUUN6d1duQlBMUl9taW1SVl8zdnN5T2JrejdxSVFzdFlYWDNtckpQMW5TM0h1bHJvTGVmd2UtcFRkYUp6UmVnaUlQamJ3THFxc1pBaXRWbFVEcWx3MnZpNUhPcGJfa3dHUjFxdDBIZ0tibE9FeTh1YmFmR2pnMUpZWHQwQWVGY0JuYnlYMmJfVGdfZnNROXFRY2hYT1pUbF9vUWZGSV9YU3Q2eDd4aElkQmNKRHVBWnUwazl3TXl2ZEhSZkkzOGgyeGx2a2ttVVdSbkdZZ0hSZi1vdW9ZaXZRU0UwbWlmenJuamZIY1o2ZVo5S1lNQ3luYWhDVHYxcmoiIENvcnJlbGF0aW9uQmluZGluZz0iIiBVcmxFbmNvZGU9IkZhbHNlIiBVc2VUb0dyb3VwUmVzdWx0cz0iRmFsc2UiIC8+DQogICAgICA8L1F1ZXJ5U3RyaW5nUGFyYW1ldGVycz4NCiAgICA8L1JlcXVlc3Q+DQogICAgPFJlcXVlc3QgTWV0aG9kPSJHRVQiIEd1aWQ9IjI2OTQxYTA3LWY1MzItNDcyOS1iNTgzLWM2NmI4OWYzYTdiZiIgVmVyc2lvbj0iMS4xIiBVcmw9Imh0dHBzOi8vbG9naW4ubWljcm9zb2Z0b25saW5lLmNvbS83NDM0MDI1NS1hMGE0LTQxMWQtYTlhMS0zNmY4ZmNmMGUyNWMvcmVwcm9jZXNzIiBUaGlua1RpbWU9IjMiIFRpbWVvdXQ9IjMwMCIgUGFyc2VEZXBlbmRlbnRSZXF1ZXN0cz0iVHJ1ZSIgRm9sbG93UmVkaXJlY3RzPSJUcnVlIiBSZWNvcmRSZXN1bHQ9IlRydWUiIENhY2hlPSJGYWxzZSIgUmVzcG9uc2VUaW1lR29hbD0iMCIgRW5jb2Rpbmc9InV0Zi04IiBFeHBlY3RlZEh0dHBTdGF0dXNDb2RlPSIwIiBFeHBlY3RlZFJlc3BvbnNlVXJsPSJodHRwczovL2xvZ2luLm1pY3Jvc29mdG9ubGluZS5jb20vNzQzNDAyNTUtYTBhNC00MTFkLWE5YTEtMzZmOGZjZjBlMjVjL3JlcHJvY2Vzcz9zZXNzaW9uSWQ9NDNlY2FhNzctMTc3MS00OTM3LWJjNTYtZjAwYWUyYzVmMmFhJmFtcDtjdHg9clFJSUFZMlNPNF9qVkFCR2s4bnNhbmVGWUxYVlNraG9peEVTakp5NXZuN0ZnNURJYXh6bjVUaXhNN1lieTlmMmplMzRrZGczOGRpX0FEbzZCTjFTVUd4SnMyZ2xfc0JVMDBKQmphZ1FvcUFrX0FPYXJfaUtVeHlkVDF0MG03Ni1FQVFnaXB6SFVRSkdrR0lSb2lrazhoNkZlWVNnNkNEQlo5bjh4YlBuekRkZmZmSkw0LV94ejZqell2TDZoOHMzelk4RFFuYlhWMWRsV2JaanZ5akNJc215M0ctblBya3F3azBhcGxRV2V1NVB6ZVpEc19sN3Nfbm1yT0FabmdFUVFKWm5lY2lMZ0FIdE9aUnBSZEk1SzlMSnZGNG5zejRBMXFBTHB0cW1zclF1c2FJTmJkWm1hVVkzMGZ4VzVSUkpCZk5reHM0SE9wbkJXVzFXQUppYVNVOXZoeWVPU2hTdEY4LWhXczdnT2p5eDRhOW5IeWpkQXduZ2Y1UGxZZTNfZGZZVVozbGk3N0tDZk5mNjg2eVBCLU5PTnpERUZkN3FDMjhSa0N5VTlPVUl5emV1MXVNNW81em9VWmtHaHM1UG1Ia1Y1WnZlVVZVbW9HOHZsT0dhSDVSV0xJMzNUaC1UWWlsMDloR0ZNMTNhNWZaeVFETFMyYXhWYzFYMkJzbTBYQWxRT2pqVFJKam1leHBOMVg1ZDNxYTl4WFJwSjJHeVhOdk1zYWdVdEsyRnZhd1d4RFFNSnNuSEN6cGRNYU5EbkdkVEg1Yy10ZE04WjF3dl9VMG9MeUpVVHZmN3d1cUdaQjNyZzMxY3dtUElqWlFkc3JlbHRLVDNCSXcyRXhRcnc2cHpRQTZXVGk3SHBrRkExNzl4ZXltcURJaHNiV1BqUWhYM3Foc1lpcVhGZHFiaUc5azJWb1NfRS00QzJldTU0OEdoYXgzQVZpeG4xZEViTGJITWRBSjRGeC0zMjBTX1hhYVN1VG1kVkhiSXpQQ29yb1lnQ1hHZHB4RWV1UmJ2Vy1MRW5QV3IxQW42MnBIT294OWJGd0xMc0FCeUhPVUFoNlZZbXZZb1IzUm9pdUZ4QjdzWS1KQnozN1V1V01aM0hVY1FLRm9RYUlvVkdZRkNMc2RUR0FESGh5NkhvZVBjdDk3UGRuNGFlcTkyZVliRDJIODRiXzV4X2g1b1hUOTU4dXg1NDJYalZlT2Y4LWIzajA0SmZfaloyOWVfdGUtX2VJdS1fUGFoLXFoeF8taUsxaVpwZktubHFoekx1S2haR2Q5VkIxVkxKU011Z1htSmh1UHFNaTJVWUJHQ3pfbHItdXZIajk4OV9aX2Rfd3MxIyIgUmVwb3J0aW5nTmFtZT0iIiBJZ25vcmVIdHRwU3RhdHVzQ29kZT0iRmFsc2UiPg0KICAgICAgPEhlYWRlcnM+DQogICAgICAgIDxIZWFkZXIgTmFtZT0iUmVmZXJlciIgVmFsdWU9Imh0dHBzOi8vbG9naW4ubWljcm9zb2Z0b25saW5lLmNvbS83NDM0MDI1NS1hMGE0LTQxMWQtYTlhMS0zNmY4ZmNmMGUyNWMvb2F1dGgyL2F1dGhvcml6ZT9jbGllbnRfaWQ9NzcwOTk1ZDUtN2ZiMi00YmIxLWI5NmQtZjZiYjI5YWI3ZTQ0JmFtcDtyZWRpcmVjdF91cmk9aHR0cCUzQSUyRiUyRnd3dy5sZXNzaXNtb29yZS5uZXQlMkZzaWduaW4tb2lkYyZhbXA7cmVzcG9uc2VfdHlwZT1pZF90b2tlbiZhbXA7c2NvcGU9b3BlbmlkJTIwcHJvZmlsZSZhbXA7cmVzcG9uc2VfbW9kZT1mb3JtX3Bvc3QmYW1wO25vbmNlPTYzNjMwMjAyNDY0NjI2OTAzMC5OMkkxT0dVNVpqVXROelZtTUMwMFpEQTBMVGd5WlRBdFpqZzFZell3WWpGak5XUTVPR1EwTm1NNE5EVXRNMk16WXkwMFlUWTFMV0UxT0dRdE9UQmxOMlF3TTJWaU4ySTImYW1wO3N0YXRlPUNmREo4QWhYOVNma1VQZFBodG9pR1VSSGZJRmNUQjY1WHdLVWp3bmhYVTZLM055anJnQnZRT0swQ19QT0VWNkR3WmxHSnFhQ2Z0c1I3OHFqLWZvVUdwcl9SRHRvdDhnVlFZU3dCRG1Md1M3Mkd1YUxtN0xycTFiTFFDendXbkJQTFJfbWltUlZfM3ZzeU9ia3o3cUlRc3RZWFgzbXJKUDFuUzNIdWxyb0xlZndlLXBUZGFKelJlZ2lJUGpid0xxcXNaQWl0VmxVRHFsdzJ2aTVIT3BiX2t3R1IxcXQwSGdLYmxPRXk4dWJhZkdqZzFKWVh0MEFlRmNCbmJ5WDJiX1RnX2ZzUTlxUWNoWE9aVGxfb1FmRklfWFN0Nng3eGhJZEJjSkR1QVp1MGs5d015dmRIUmZJMzhoMnhsdmtrbVVXUm5HWWdIUmYtb3VvWWl2UVNFMG1pZnpybmpmSGNaNmVaOUtZTUN5bmFoQ1R2MXJqIiAvPg0KICAgICAgPC9IZWFkZXJzPg0KICAgICAgPENvcnJlbGF0aW9uRXh0cmFjdGlvblJ1bGVzPg0KICAgICAgICA8RXh0cmFjdGlvblJ1bGUgQ2xhc3NuYW1lPSJNaWNyb3NvZnQuVmlzdWFsU3R1ZGlvLlRlc3RUb29scy5XZWJUZXN0aW5nLlJ1bGVzLkV4dHJhY3RUZXh0LCBNaWNyb3NvZnQuVmlzdWFsU3R1ZGlvLlF1YWxpdHlUb29scy5XZWJUZXN0RnJhbWV3b3JrLCBWZXJzaW9uPTEwLjAuMC4wLCBDdWx0dXJlPW5ldXRyYWwsIFB1YmxpY0tleVRva2VuPWIwM2Y1ZjdmMTFkNTBhM2EiIFZhcmlhYmxlTmFtZT0iUXVlcnlTdHJpbmdQYXJhbTMyLmN0eCIgRGlzcGxheU5hbWU9IiIgRGVzY3JpcHRpb249IiI+DQogICAgICAgICAgPFJ1bGVQYXJhbWV0ZXJzPg0KICAgICAgICAgICAgPFJ1bGVQYXJhbWV0ZXIgTmFtZT0iU3RhcnRzV2l0aCIgVmFsdWU9IiZhbXA7YW1wO2N0eD0iIC8+DQogICAgICAgICAgICA8UnVsZVBhcmFtZXRlciBOYW1lPSJFbmRzV2l0aCIgVmFsdWU9IiZxdW90OyIgLz4NCiAgICAgICAgICAgIDxSdWxlUGFyYW1ldGVyIE5hbWU9IkluZGV4IiBWYWx1ZT0iMCIgLz4NCiAgICAgICAgICAgIDxSdWxlUGFyYW1ldGVyIE5hbWU9Iklnbm9yZUNhc2UiIFZhbHVlPSJGYWxzZSIgLz4NCiAgICAgICAgICAgIDxSdWxlUGFyYW1ldGVyIE5hbWU9IlVzZVJlZ3VsYXJFeHByZXNzaW9uIiBWYWx1ZT0iRmFsc2UiIC8+DQogICAgICAgICAgICA8UnVsZVBhcmFtZXRlciBOYW1lPSJIdG1sRGVjb2RlIiBWYWx1ZT0iVHJ1ZSIgLz4NCiAgICAgICAgICAgIDxSdWxlUGFyYW1ldGVyIE5hbWU9IlJlcXVpcmVkIiBWYWx1ZT0iRmFsc2UiIC8+DQogICAgICAgICAgPC9SdWxlUGFyYW1ldGVycz4NCiAgICAgICAgPC9FeHRyYWN0aW9uUnVsZT4NCiAgICAgIDwvQ29ycmVsYXRpb25FeHRyYWN0aW9uUnVsZXM+DQogICAgICA8UXVlcnlTdHJpbmdQYXJhbWV0ZXJzPg0KICAgICAgICA8UXVlcnlTdHJpbmdQYXJhbWV0ZXIgTmFtZT0ic2Vzc2lvbklkIiBWYWx1ZT0iNDNlY2FhNzctMTc3MS00OTM3LWJjNTYtZjAwYWUyYzVmMmFhIiBSZWNvcmRlZFZhbHVlPSI0M2VjYWE3Ny0xNzcxLTQ5MzctYmM1Ni1mMDBhZTJjNWYyYWEiIENvcnJlbGF0aW9uQmluZGluZz0iIiBVcmxFbmNvZGU9IkZhbHNlIiBVc2VUb0dyb3VwUmVzdWx0cz0iRmFsc2UiIC8+DQogICAgICAgIDxRdWVyeVN0cmluZ1BhcmFtZXRlciBOYW1lPSJjdHgiIFZhbHVlPSJ7eyRISURERU4xLmN0eH19IiBSZWNvcmRlZFZhbHVlPSJyUUlJQVkyU080X2pWQUJHazhuc2FuZUZZTFhWU2tob2l4RVNqSnk1dm43Rmc1RElheHpuNVRpeE03WWJ5OWYyamUzNGtkZzM4ZGlfQURvNkJOMVNVR3hKczJnbF9zQlUwMEpCamFnUW9xQWtfQU9hcl9pS1V4eWRUMXQwbTc2LUVBUWdpcHpIVVFKR2tHSVJvaWtrOGg2RmVZU2c2Q0RCWjluOHhiUG56RGRmZmZKTDQtX3h6Nmp6WXZMNmg4czN6WThEUW5iWFYxZGxXYlpqdnlqQ0lzbXkzRy1uUHJrcXdrMGFwbFFXZXU1UHplWkRzX2w3c19ubXJPQVpuZ0VRUUpabmVjaUxnQUh0T1pScFJkSTVLOUxKdkY0bnN6NEExcUFMcHRxbXNyUXVzYUlOYmRabWFVWTMwZnhXNVJSSkJmTmt4czRIT3BuQldXMVdBSmlhU1U5dmh5ZU9TaFN0RjgtaFdzN2dPanl4NGE5bkh5amRBd25nZjVQbFllM19kZllVWjNsaTc3S0NmTmY2ODZ5UEItTk9OekRFRmQ3cUMyOFJrQ3lVOU9VSXl6ZXUxdU01bzV6b1Vaa0doczVQbUhrVjVadmVVVlVtb0c4dmxPR2FINVJXTEkzM1RoLVRZaWwwOWhHRk0xM2E1Zlp5UURMUzJheFZjMVgyQnNtMFhBbFFPampUUkpqbWV4cE4xWDVkM3FhOXhYUnBKMkd5WE52TXNhZ1V0SzJGdmF3V3hEUU1Kc25IQ3pwZE1hTkRuR2RUSDVjLXRkTThaMXd2X1Uwb0x5SlVUdmY3d3VxR1pCM3JnMzFjd21QSWpaUWRzcmVsdEtUM0JJdzJFeFFydzZwelFBNldUaTdIcGtGQTE3OXhleW1xREloc2JXUGpRaFgzcWhzWWlxWEZkcWJpRzlrMlZvU19FLTRDMmV1NTQ4R2hheDNBVml4bjFkRWJMYkhNZEFKNEZ4LTMyMFNfWGFhU3VUbWRWSGJJelBDb3JvWWdDWEdkcHhFZXVSYnZXLUxFblBXcjFBbjYycEhPb3g5YkZ3TExzQUJ5SE9VQWg2VlltdllvUjNSb2l1RnhCN3NZLUpCejM3VXVXTVozSFVjUUtGb1FhSW9WR1lGQ0xzZFRHQURIaHk2SG9lUGN0OTdQZG40YWVxOTJlWWJEMkg4NGJfNXhfaDVvWFQ5NTh1eDU0MlhqVmVPZjgtYjNqMDRKZl9qWjI5ZV90ZS1fZUl1LV9QYWgtcWh4Xy1pSzFpWnBmS25scWh6THVLaFpHZDlWQjFWTEpTTXVnWG1KaHVQcU1pMlVZQkdDel9sci11dkhqOTg5X1pfZF93czEiIENvcnJlbGF0aW9uQmluZGluZz0iIiBVcmxFbmNvZGU9IkZhbHNlIiBVc2VUb0dyb3VwUmVzdWx0cz0iRmFsc2UiIC8+DQogICAgICA8L1F1ZXJ5U3RyaW5nUGFyYW1ldGVycz4NCiAgICA8L1JlcXVlc3Q+DQogICAgPFJlcXVlc3QgTWV0aG9kPSJHRVQiIEd1aWQ9IjMxYzA0ZTdmLTUyY2UtNDExMi04NWFkLWMwODQ0ZTIyNTU4YiIgVmVyc2lvbj0iMS4xIiBVcmw9Imh0dHBzOi8vbG9naW4ubWljcm9zb2Z0b25saW5lLmNvbS83NDM0MDI1NS1hMGE0LTQxMWQtYTlhMS0zNmY4ZmNmMGUyNWMvcmVwcm9jZXNzIiBUaGlua1RpbWU9IjYiIFRpbWVvdXQ9IjMwMCIgUGFyc2VEZXBlbmRlbnRSZXF1ZXN0cz0iVHJ1ZSIgRm9sbG93UmVkaXJlY3RzPSJUcnVlIiBSZWNvcmRSZXN1bHQ9IlRydWUiIENhY2hlPSJGYWxzZSIgUmVzcG9uc2VUaW1lR29hbD0iMCIgRW5jb2Rpbmc9InV0Zi04IiBFeHBlY3RlZEh0dHBTdGF0dXNDb2RlPSIwIiBFeHBlY3RlZFJlc3BvbnNlVXJsPSJodHRwczovL2xvZ2luLm1pY3Jvc29mdG9ubGluZS5jb20vNzQzNDAyNTUtYTBhNC00MTFkLWE5YTEtMzZmOGZjZjBlMjVjL3JlcHJvY2Vzcz9zZXNzaW9uSWQ9NDNlY2FhNzctMTc3MS00OTM3LWJjNTYtZjAwYWUyYzVmMmFhJmFtcDtjdHg9clFJSUFZMlNPNF9qVkFCR2s4bnNhbmVGWUxYVlNraG9peEVTakp5NXZuN0ZnNURJYXh6bjVUaXhNN1lieTlmMmplMzRrZGczOGRpX0FEbzZCTjFTVUd4SnMyZ2xfc0JVMDBKQmphZ1FvcUFrX0FPYXJfaUtVeHlkVDF0MG03Ni1FQVFnaXB6SFVRSkdrR0lSb2lrazhoNkZlWVNnNkNEQlo5bjh4YlBuekRkZmZmSkw0LV94ejZqell2TDZoOHMzelk4RFFuYlhWMWRsV2JaanZ5akNJc215M0ctblBya3F3azBhcGxRV2V1NVB6ZVpEc19sN3Nfbm1yT0FabmdFUVFKWm5lY2lMZ0FIdE9aUnBSZEk1SzlMSnZGNG5zejRBMXFBTHB0cW1zclF1c2FJTmJkWm1hVVkzMGZ4VzVSUkpCZk5reHM0SE9wbkJXVzFXQUppYVNVOXZoeWVPU2hTdEY4LWhXczdnT2p5eDRhOW5IeWpkQXduZ2Y1UGxZZTNfZGZZVVozbGk3N0tDZk5mNjg2eVBCLU5PTnpERUZkN3FDMjhSa0N5VTlPVUl5emV1MXVNNW81em9VWmtHaHM1UG1Ia1Y1WnZlVVZVbW9HOHZsT0dhSDVSV0xJMzNUaC1UWWlsMDloR0ZNMTNhNWZaeVFETFMyYXhWYzFYMkJzbTBYQWxRT2pqVFJKam1leHBOMVg1ZDNxYTl4WFJwSjJHeVhOdk1zYWdVdEsyRnZhd1d4RFFNSnNuSEN6cGRNYU5EbkdkVEg1Yy10ZE04WjF3dl9VMG9MeUpVVHZmN3d1cUdaQjNyZzMxY3dtUElqWlFkc3JlbHRLVDNCSXcyRXhRcnc2cHpRQTZXVGk3SHBrRkExNzl4ZXltcURJaHNiV1BqUWhYM3Foc1lpcVhGZHFiaUc5azJWb1NfRS00QzJldTU0OEdoYXgzQVZpeG4xZEViTGJITWRBSjRGeC0zMjBTX1hhYVN1VG1kVkhiSXpQQ29yb1lnQ1hHZHB4RWV1UmJ2Vy1MRW5QV3IxQW42MnBIT294OWJGd0xMc0FCeUhPVUFoNlZZbXZZb1IzUm9pdUZ4QjdzWS1KQnozN1V1V01aM0hVY1FLRm9RYUlvVkdZRkNMc2RUR0FESGh5NkhvZVBjdDk3UGRuNGFlcTkyZVliRDJIODRiXzV4X2g1b1hUOTU4dXg1NDJYalZlT2Y4LWIzajA0SmZfaloyOWVfdGUtX2VJdS1fUGFoLXFoeF8taUsxaVpwZktubHFoekx1S2haR2Q5VkIxVkxKU011Z1htSmh1UHFNaTJVWUJHQ3pfbHItdXZIajk4OV9aX2Rfd3MxIyIgUmVwb3J0aW5nTmFtZT0iIiBJZ25vcmVIdHRwU3RhdHVzQ29kZT0iRmFsc2UiPg0KICAgICAgPEhlYWRlcnM+DQogICAgICAgIDxIZWFkZXIgTmFtZT0iUmVmZXJlciIgVmFsdWU9Imh0dHBzOi8vbG9naW4ubWljcm9zb2Z0b25saW5lLmNvbS83NDM0MDI1NS1hMGE0LTQxMWQtYTlhMS0zNmY4ZmNmMGUyNWMvcmVwcm9jZXNzP3Nlc3Npb25JZD00M2VjYWE3Ny0xNzcxLTQ5MzctYmM1Ni1mMDBhZTJjNWYyYWEmYW1wO2N0eD1yUUlJQVkyU080X2pWQUJHazhuc2FuZUZZTFhWU2tob2l4RVNqSnk1dm43Rmc1RElheHpuNVRpeE03WWJ5OWYyamUzNGtkZzM4ZGlfQURvNkJOMVNVR3hKczJnbF9zQlUwMEpCamFnUW9xQWtfQU9hcl9pS1V4eWRUMXQwbTc2LUVBUWdpcHpIVVFKR2tHSVJvaWtrOGg2RmVZU2c2Q0RCWjluOHhiUG56RGRmZmZKTDQtX3h6Nmp6WXZMNmg4czN6WThEUW5iWFYxZGxXYlpqdnlqQ0lzbXkzRy1uUHJrcXdrMGFwbFFXZXU1UHplWkRzX2w3c19ubXJPQVpuZ0VRUUpabmVjaUxnQUh0T1pScFJkSTVLOUxKdkY0bnN6NEExcUFMcHRxbXNyUXVzYUlOYmRabWFVWTMwZnhXNVJSSkJmTmt4czRIT3BuQldXMVdBSmlhU1U5dmh5ZU9TaFN0RjgtaFdzN2dPanl4NGE5bkh5amRBd25nZjVQbFllM19kZllVWjNsaTc3S0NmTmY2ODZ5UEItTk9OekRFRmQ3cUMyOFJrQ3lVOU9VSXl6ZXUxdU01bzV6b1Vaa0doczVQbUhrVjVadmVVVlVtb0c4dmxPR2FINVJXTEkzM1RoLVRZaWwwOWhHRk0xM2E1Zlp5UURMUzJheFZjMVgyQnNtMFhBbFFPampUUkpqbWV4cE4xWDVkM3FhOXhYUnBKMkd5WE52TXNhZ1V0SzJGdmF3V3hEUU1Kc25IQ3pwZE1hTkRuR2RUSDVjLXRkTThaMXd2X1Uwb0x5SlVUdmY3d3VxR1pCM3JnMzFjd21QSWpaUWRzcmVsdEtUM0JJdzJFeFFydzZwelFBNldUaTdIcGtGQTE3OXhleW1xREloc2JXUGpRaFgzcWhzWWlxWEZkcWJpRzlrMlZvU19FLTRDMmV1NTQ4R2hheDNBVml4bjFkRWJMYkhNZEFKNEZ4LTMyMFNfWGFhU3VUbWRWSGJJelBDb3JvWWdDWEdkcHhFZXVSYnZXLUxFblBXcjFBbjYycEhPb3g5YkZ3TExzQUJ5SE9VQWg2VlltdllvUjNSb2l1RnhCN3NZLUpCejM3VXVXTVozSFVjUUtGb1FhSW9WR1lGQ0xzZFRHQURIaHk2SG9lUGN0OTdQZG40YWVxOTJlWWJEMkg4NGJfNXhfaDVvWFQ5NTh1eDU0MlhqVmVPZjgtYjNqMDRKZl9qWjI5ZV90ZS1fZUl1LV9QYWgtcWh4Xy1pSzFpWnBmS25scWh6THVLaFpHZDlWQjFWTEpTTXVnWG1KaHVQcU1pMlVZQkdDel9sci11dkhqOTg5X1pfZF93czEiIC8+DQogICAgICA8L0hlYWRlcnM+DQogICAgICA8UXVlcnlTdHJpbmdQYXJhbWV0ZXJzPg0KICAgICAgICA8UXVlcnlTdHJpbmdQYXJhbWV0ZXIgTmFtZT0ic2Vzc2lvbklkIiBWYWx1ZT0iNDNlY2FhNzctMTc3MS00OTM3LWJjNTYtZjAwYWUyYzVmMmFhIiBSZWNvcmRlZFZhbHVlPSI0M2VjYWE3Ny0xNzcxLTQ5MzctYmM1Ni1mMDBhZTJjNWYyYWEiIENvcnJlbGF0aW9uQmluZGluZz0iIiBVcmxFbmNvZGU9IkZhbHNlIiBVc2VUb0dyb3VwUmVzdWx0cz0iRmFsc2UiIC8+DQogICAgICAgIDxRdWVyeVN0cmluZ1BhcmFtZXRlciBOYW1lPSJjdHgiIFZhbHVlPSJyUUlJQVkyU080X2pWQUJHazhuc2FuZUZZTFhWU2tob2l4RVNqSnk1dm43Rmc1RElheHpuNVRpeE03WWJ5OWYyamUzNGtkZzM4ZGlfQURvNkJOMVNVR3hKczJnbF9zQlUwMEpCamFnUW9xQWtfQU9hcl9pS1V4eWRUMXQwbTc2LUVBUWdpcHpIVVFKR2tHSVJvaWtrOGg2RmVZU2c2Q0RCWjluOHhiUG56RGRmZmZKTDQtX3h6Nmp6WXZMNmg4czN6WThEUW5iWFYxZGxXYlpqdnlqQ0lzbXkzRy1uUHJrcXdrMGFwbFFXZXU1UHplWkRzX2w3c19ubXJPQVpuZ0VRUUpabmVjaUxnQUh0T1pScFJkSTVLOUxKdkY0bnN6NEExcUFMcHRxbXNyUXVzYUlOYmRabWFVWTMwZnhXNVJSSkJmTmt4czRIT3BuQldXMVdBSmlhU1U5dmh5ZU9TaFN0RjgtaFdzN2dPanl4NGE5bkh5amRBd25nZjVQbFllM19kZllVWjNsaTc3S0NmTmY2ODZ5UEItTk9OekRFRmQ3cUMyOFJrQ3lVOU9VSXl6ZXUxdU01bzV6b1Vaa0doczVQbUhrVjVadmVVVlVtb0c4dmxPR2FINVJXTEkzM1RoLVRZaWwwOWhHRk0xM2E1Zlp5UURMUzJheFZjMVgyQnNtMFhBbFFPampUUkpqbWV4cE4xWDVkM3FhOXhYUnBKMkd5WE52TXNhZ1V0SzJGdmF3V3hEUU1Kc25IQ3pwZE1hTkRuR2RUSDVjLXRkTThaMXd2X1Uwb0x5SlVUdmY3d3VxR1pCM3JnMzFjd21QSWpaUWRzcmVsdEtUM0JJdzJFeFFydzZwelFBNldUaTdIcGtGQTE3OXhleW1xREloc2JXUGpRaFgzcWhzWWlxWEZkcWJpRzlrMlZvU19FLTRDMmV1NTQ4R2hheDNBVml4bjFkRWJMYkhNZEFKNEZ4LTMyMFNfWGFhU3VUbWRWSGJJelBDb3JvWWdDWEdkcHhFZXVSYnZXLUxFblBXcjFBbjYycEhPb3g5YkZ3TExzQUJ5SE9VQWg2VlltdllvUjNSb2l1RnhCN3NZLUpCejM3VXVXTVozSFVjUUtGb1FhSW9WR1lGQ0xzZFRHQURIaHk2SG9lUGN0OTdQZG40YWVxOTJlWWJEMkg4NGJfNXhfaDVvWFQ5NTh1eDU0MlhqVmVPZjgtYjNqMDRKZl9qWjI5ZV90ZS1fZUl1LV9QYWgtcWh4Xy1pSzFpWnBmS25scWh6THVLaFpHZDlWQjFWTEpTTXVnWG1KaHVQcU1pMlVZQkdDel9sci11dkhqOTg5X1pfZF93czEiIFJlY29yZGVkVmFsdWU9InJRSUlBWTJTTzRfalZBQkdrOG5zYW5lRllMWFZTa2hvaXhFU2pKeTV2bjdGZzVESWF4em41VGl4TTdZYnk5ZjJqZTM0a2RnMzhkaV9BRG82Qk4xU1VHeEpzMmdsX3NCVTAwSkJqYWdRb3FBa19BT2FyX2lLVXh5ZFQxdDBtNzYtRUFRZ2lwekhVUUpHa0dJUm9pa2s4aDZGZVlTZzZDREJaOW44eGJQbnpEZGZmZkpMNC1feHo2anpZdkw2aDhzM3pZOERRbmJYVjFkbFdiWmp2eWpDSXNteTNHLW5Qcmtxd2swYXBsUVdldTVQemVaRHNfbDdzX25tck9BWm5nRVFRSlpuZWNpTGdBSHRPWlJwUmRJNUs5TEp2RjRuc3o0QTFxQUxwdHFtc3JRdXNhSU5iZFptYVVZMzBmeFc1UlJKQmZOa3hzNEhPcG5CV1cxV0FKaWFTVTl2aHllT1NoU3RGOC1oV3M3Z09qeXg0YTluSHlqZEF3bmdmNVBsWWUzX2RmWVVaM2xpNzdLQ2ZOZjY4NnlQQi1OT056REVGZDdxQzI4UmtDeVU5T1VJeXpldTF1TTVvNXpvVVprR2hzNVBtSGtWNVp2ZVVWVW1vRzh2bE9HYUg1UldMSTMzVGgtVFlpbDA5aEdGTTEzYTVmWnlRRExTMmF4VmMxWDJCc20wWEFsUU9qalRSSmptZXhwTjFYNWQzcWE5eFhScEoyR3lYTnZNc2FnVXRLMkZ2YXdXeERRTUpzbkhDenBkTWFORG5HZFRINWMtdGRNOFoxd3ZfVTBvTHlKVVR2Zjd3dXFHWkIzcmczMWN3bVBJalpRZHNyZWx0S1QzQkl3MkV4UXJ3NnB6UUE2V1RpN0hwa0ZBMTc5eGV5bXFESWhzYldQalFoWDNxaHNZaXFYRmRxYmlHOWsyVm9TX0UtNEMyZXU1NDhHaGF4M0FWaXhuMWRFYkxiSE1kQUo0RngtMzIwU19YYWFTdVRtZFZIYkl6UENvcm9ZZ0NYR2RweEVldVJidlctTEVuUFdyMUFuNjJwSE9veDliRndMTHNBQnlIT1VBaDZWWW12WW9SM1JvaXVGeEI3c1ktSkJ6MzdVdVdNWjNIVWNRS0ZvUWFJb1ZHWUZDTHNkVEdBREhoeTZIb2VQY3Q5N1BkbjRhZXE5MmVZYkQySDg0Yl81eF9oNW9YVDk1OHV4NTQyWGpWZU9mOC1iM2owNEpmX2paMjllX3RlLV9lSXUtX1BhaC1xaHhfLWlLMWlacGZLbmxxaHpMdUtoWkdkOVZCMVZMSlNNdWdYbUpodVBxTWkyVVlCR0N6X2xyLXV2SGo5ODlfWl9kX3dzMSIgQ29ycmVsYXRpb25CaW5kaW5nPSJ7e1F1ZXJ5U3RyaW5nUGFyYW0zMi5jdHh9fSIgVXJsRW5jb2RlPSJGYWxzZSIgVXNlVG9Hcm91cFJlc3VsdHM9IkZhbHNlIiAvPg0KICAgICAgPC9RdWVyeVN0cmluZ1BhcmFtZXRlcnM+DQogICAgPC9SZXF1ZXN0Pg0KICAgIDxSZXF1ZXN0IE1ldGhvZD0iR0VUIiBHdWlkPSIwODNkYzRiYi0xYjBjLTQ1MjItYjk4MS1iOTA2ZWEzY2IyM2IiIFZlcnNpb249IjEuMSIgVXJsPSJodHRwczovL2xvZ2luLm1pY3Jvc29mdG9ubGluZS5jb20vNzQzNDAyNTUtYTBhNC00MTFkLWE5YTEtMzZmOGZjZjBlMjVjL3JlcHJvY2VzcyIgVGhpbmtUaW1lPSIzIiBUaW1lb3V0PSIzMDAiIFBhcnNlRGVwZW5kZW50UmVxdWVzdHM9IlRydWUiIEZvbGxvd1JlZGlyZWN0cz0iVHJ1ZSIgUmVjb3JkUmVzdWx0PSJUcnVlIiBDYWNoZT0iRmFsc2UiIFJlc3BvbnNlVGltZUdvYWw9IjAiIEVuY29kaW5nPSJ1dGYtOCIgRXhwZWN0ZWRIdHRwU3RhdHVzQ29kZT0iMCIgRXhwZWN0ZWRSZXNwb25zZVVybD0iIiBSZXBvcnRpbmdOYW1lPSIiIElnbm9yZUh0dHBTdGF0dXNDb2RlPSJGYWxzZSI+DQogICAgICA8SGVhZGVycz4NCiAgICAgICAgPEhlYWRlciBOYW1lPSJSZWZlcmVyIiBWYWx1ZT0iaHR0cHM6Ly9sb2dpbi5taWNyb3NvZnRvbmxpbmUuY29tLzc0MzQwMjU1LWEwYTQtNDExZC1hOWExLTM2ZjhmY2YwZTI1Yy9vYXV0aDIvYXV0aG9yaXplP2NsaWVudF9pZD03NzA5OTVkNS03ZmIyLTRiYjEtYjk2ZC1mNmJiMjlhYjdlNDQmYW1wO3JlZGlyZWN0X3VyaT1odHRwJTNBJTJGJTJGd3d3Lmxlc3Npc21vb3JlLm5ldCUyRnNpZ25pbi1vaWRjJmFtcDtyZXNwb25zZV90eXBlPWlkX3Rva2VuJmFtcDtzY29wZT1vcGVuaWQlMjBwcm9maWxlJmFtcDtyZXNwb25zZV9tb2RlPWZvcm1fcG9zdCZhbXA7bm9uY2U9NjM2MzAyMDI0NjQ2MjY5MDMwLk4ySTFPR1U1WmpVdE56Vm1NQzAwWkRBMExUZ3laVEF0WmpnMVl6WXdZakZqTldRNU9HUTBObU00TkRVdE0yTXpZeTAwWVRZMUxXRTFPR1F0T1RCbE4yUXdNMlZpTjJJMiZhbXA7c3RhdGU9Q2ZESjhBaFg5U2ZrVVBkUGh0b2lHVVJIZklGY1RCNjVYd0tVanduaFhVNkszTnlqcmdCdlFPSzBDX1BPRVY2RHdabEdKcWFDZnRzUjc4cWotZm9VR3ByX1JEdG90OGdWUVlTd0JEbUx3UzcyR3VhTG03THJxMWJMUUN6d1duQlBMUl9taW1SVl8zdnN5T2JrejdxSVFzdFlYWDNtckpQMW5TM0h1bHJvTGVmd2UtcFRkYUp6UmVnaUlQamJ3THFxc1pBaXRWbFVEcWx3MnZpNUhPcGJfa3dHUjFxdDBIZ0tibE9FeTh1YmFmR2pnMUpZWHQwQWVGY0JuYnlYMmJfVGdfZnNROXFRY2hYT1pUbF9vUWZGSV9YU3Q2eDd4aElkQmNKRHVBWnUwazl3TXl2ZEhSZkkzOGgyeGx2a2ttVVdSbkdZZ0hSZi1vdW9ZaXZRU0UwbWlmenJuamZIY1o2ZVo5S1lNQ3luYWhDVHYxcmoiIC8+DQogICAgICA8L0hlYWRlcnM+DQogICAgICA8UXVlcnlTdHJpbmdQYXJhbWV0ZXJzPg0KICAgICAgICA8UXVlcnlTdHJpbmdQYXJhbWV0ZXIgTmFtZT0ic2Vzc2lvbklkIiBWYWx1ZT0iNDNlY2FhNzctMTc3MS00OTM3LWJjNTYtZjAwYWUyYzVmMmFhIiBSZWNvcmRlZFZhbHVlPSI0M2VjYWE3Ny0xNzcxLTQ5MzctYmM1Ni1mMDBhZTJjNWYyYWEiIENvcnJlbGF0aW9uQmluZGluZz0iIiBVcmxFbmNvZGU9IkZhbHNlIiBVc2VUb0dyb3VwUmVzdWx0cz0iRmFsc2UiIC8+DQogICAgICAgIDxRdWVyeVN0cmluZ1BhcmFtZXRlciBOYW1lPSJjdHgiIFZhbHVlPSJ7eyRISURERU4xLmN0eH19IiBSZWNvcmRlZFZhbHVlPSJyUUlJQVkyU080X2pWQUJHazhuc2FuZUZZTFhWU2tob2l4RVNqSnk1dm43Rmc1RElheHpuNVRpeE03WWJ5OWYyamUzNGtkZzM4ZGlfQURvNkJOMVNVR3hKczJnbF9zQlUwMEpCamFnUW9xQWtfQU9hcl9pS1V4eWRUMXQwbTc2LUVBUWdpcHpIVVFKR2tHSVJvaWtrOGg2RmVZU2c2Q0RCWjluOHhiUG56RGRmZmZKTDQtX3h6Nmp6WXZMNmg4czN6WThEUW5iWFYxZGxXYlpqdnlqQ0lzbXkzRy1uUHJrcXdrMGFwbFFXZXU1UHplWkRzX2w3c19ubXJPQVpuZ0VRUUpabmVjaUxnQUh0T1pScFJkSTVLOUxKdkY0bnN6NEExcUFMcHRxbXNyUXVzYUlOYmRabWFVWTMwZnhXNVJSSkJmTmt4czRIT3BuQldXMVdBSmlhU1U5dmh5ZU9TaFN0RjgtaFdzN2dPanl4NGE5bkh5amRBd25nZjVQbFllM19kZllVWjNsaTc3S0NmTmY2ODZ5UEItTk9OekRFRmQ3cUMyOFJrQ3lVOU9VSXl6ZXUxdU01bzV6b1Vaa0doczVQbUhrVjVadmVVVlVtb0c4dmxPR2FINVJXTEkzM1RoLVRZaWwwOWhHRk0xM2E1Zlp5UURMUzJheFZjMVgyQnNtMFhBbFFPampUUkpqbWV4cE4xWDVkM3FhOXhYUnBKMkd5WE52TXNhZ1V0SzJGdmF3V3hEUU1Kc25IQ3pwZE1hTkRuR2RUSDVjLXRkTThaMXd2X1Uwb0x5SlVUdmY3d3VxR1pCM3JnMzFjd21QSWpaUWRzcmVsdEtUM0JJdzJFeFFydzZwelFBNldUaTdIcGtGQTE3OXhleW1xREloc2JXUGpRaFgzcWhzWWlxWEZkcWJpRzlrMlZvU19FLTRDMmV1NTQ4R2hheDNBVml4bjFkRWJMYkhNZEFKNEZ4LTMyMFNfWGFhU3VUbWRWSGJJelBDb3JvWWdDWEdkcHhFZXVSYnZXLUxFblBXcjFBbjYycEhPb3g5YkZ3TExzQUJ5SE9VQWg2VlltdllvUjNSb2l1RnhCN3NZLUpCejM3VXVXTVozSFVjUUtGb1FhSW9WR1lGQ0xzZFRHQURIaHk2SG9lUGN0OTdQZG40YWVxOTJlWWJEMkg4NGJfNXhfaDVvWFQ5NTh1eDU0MlhqVmVPZjgtYjNqMDRKZl9qWjI5ZV90ZS1fZUl1LV9QYWgtcWh4Xy1pSzFpWnBmS25scWh6THVLaFpHZDlWQjFWTEpTTXVnWG1KaHVQcU1pMlVZQkdDel9sci11dkhqOTg5X1pfZF93czEiIENvcnJlbGF0aW9uQmluZGluZz0iIiBVcmxFbmNvZGU9IkZhbHNlIiBVc2VUb0dyb3VwUmVzdWx0cz0iRmFsc2UiIC8+DQogICAgICA8L1F1ZXJ5U3RyaW5nUGFyYW1ldGVycz4NCiAgICA8L1JlcXVlc3Q+DQogICAgPFJlcXVlc3QgTWV0aG9kPSJHRVQiIEd1aWQ9Ijc1NmJmNWI0LTFjNzEtNDVmNS1iYWViLTM5OWQ4NjZmNTQ1OCIgVmVyc2lvbj0iMS4xIiBVcmw9Imh0dHBzOi8vbG9naW4ubWljcm9zb2Z0b25saW5lLmNvbS83NDM0MDI1NS1hMGE0LTQxMWQtYTlhMS0zNmY4ZmNmMGUyNWMvb2F1dGgyL2F1dGhvcml6ZSIgVGhpbmtUaW1lPSI4IiBUaW1lb3V0PSIzMDAiIFBhcnNlRGVwZW5kZW50UmVxdWVzdHM9IlRydWUiIEZvbGxvd1JlZGlyZWN0cz0iVHJ1ZSIgUmVjb3JkUmVzdWx0PSJUcnVlIiBDYWNoZT0iRmFsc2UiIFJlc3BvbnNlVGltZUdvYWw9IjAiIEVuY29kaW5nPSJ1dGYtOCIgRXhwZWN0ZWRIdHRwU3RhdHVzQ29kZT0iMCIgRXhwZWN0ZWRSZXNwb25zZVVybD0iIiBSZXBvcnRpbmdOYW1lPSIiIElnbm9yZUh0dHBTdGF0dXNDb2RlPSJGYWxzZSI+DQogICAgICA8SGVhZGVycz4NCiAgICAgICAgPEhlYWRlciBOYW1lPSJSZWZlcmVyIiBWYWx1ZT0iaHR0cDovL3d3dy5sZXNzaXNtb29yZS5uZXQvIiAvPg0KICAgICAgPC9IZWFkZXJzPg0KICAgICAgPENvcnJlbGF0aW9uRXh0cmFjdGlvblJ1bGVzPg0KICAgICAgICA8RXh0cmFjdGlvblJ1bGUgQ2xhc3NuYW1lPSJNaWNyb3NvZnQuVmlzdWFsU3R1ZGlvLlRlc3RUb29scy5XZWJUZXN0aW5nLlJ1bGVzLkV4dHJhY3RGb3JtRmllbGQsIE1pY3Jvc29mdC5WaXN1YWxTdHVkaW8uUXVhbGl0eVRvb2xzLldlYlRlc3RGcmFtZXdvcmssIFZlcnNpb249MTAuMC4wLjAsIEN1bHR1cmU9bmV1dHJhbCwgUHVibGljS2V5VG9rZW49YjAzZjVmN2YxMWQ1MGEzYSIgVmFyaWFibGVOYW1lPSJGb3JtUG9zdFBhcmFtMi5jdHgiIERpc3BsYXlOYW1lPSIiIERlc2NyaXB0aW9uPSIiPg0KICAgICAgICAgIDxSdWxlUGFyYW1ldGVycz4NCiAgICAgICAgICAgIDxSdWxlUGFyYW1ldGVyIE5hbWU9Ik5hbWUiIFZhbHVlPSJjdHgiIC8+DQogICAgICAgICAgICA8UnVsZVBhcmFtZXRlciBOYW1lPSJIdG1sRGVjb2RlIiBWYWx1ZT0iVHJ1ZSIgLz4NCiAgICAgICAgICAgIDxSdWxlUGFyYW1ldGVyIE5hbWU9IlJlcXVpcmVkIiBWYWx1ZT0iRmFsc2UiIC8+DQogICAgICAgICAgICA8UnVsZVBhcmFtZXRlciBOYW1lPSJJbmRleCIgVmFsdWU9IjAiIC8+DQogICAgICAgICAgPC9SdWxlUGFyYW1ldGVycz4NCiAgICAgICAgPC9FeHRyYWN0aW9uUnVsZT4NCiAgICAgICAgPEV4dHJhY3Rpb25SdWxlIENsYXNzbmFtZT0iTWljcm9zb2Z0LlZpc3VhbFN0dWRpby5UZXN0VG9vbHMuV2ViVGVzdGluZy5SdWxlcy5FeHRyYWN0Rm9ybUZpZWxkLCBNaWNyb3NvZnQuVmlzdWFsU3R1ZGlvLlF1YWxpdHlUb29scy5XZWJUZXN0RnJhbWV3b3JrLCBWZXJzaW9uPTEwLjAuMC4wLCBDdWx0dXJlPW5ldXRyYWwsIFB1YmxpY0tleVRva2VuPWIwM2Y1ZjdmMTFkNTBhM2EiIFZhcmlhYmxlTmFtZT0iRm9ybVBvc3RQYXJhbTMuZmxvd1Rva2VuIiBEaXNwbGF5TmFtZT0iIiBEZXNjcmlwdGlvbj0iIj4NCiAgICAgICAgICA8UnVsZVBhcmFtZXRlcnM+DQogICAgICAgICAgICA8UnVsZVBhcmFtZXRlciBOYW1lPSJOYW1lIiBWYWx1ZT0iZmxvd1Rva2VuIiAvPg0KICAgICAgICAgICAgPFJ1bGVQYXJhbWV0ZXIgTmFtZT0iSHRtbERlY29kZSIgVmFsdWU9IlRydWUiIC8+DQogICAgICAgICAgICA8UnVsZVBhcmFtZXRlciBOYW1lPSJSZXF1aXJlZCIgVmFsdWU9IkZhbHNlIiAvPg0KICAgICAgICAgICAgPFJ1bGVQYXJhbWV0ZXIgTmFtZT0iSW5kZXgiIFZhbHVlPSIwIiAvPg0KICAgICAgICAgIDwvUnVsZVBhcmFtZXRlcnM+DQogICAgICAgIDwvRXh0cmFjdGlvblJ1bGU+DQogICAgICAgIDxFeHRyYWN0aW9uUnVsZSBDbGFzc25hbWU9Ik1pY3Jvc29mdC5WaXN1YWxTdHVkaW8uVGVzdFRvb2xzLldlYlRlc3RpbmcuUnVsZXMuRXh0cmFjdEZvcm1GaWVsZCwgTWljcm9zb2Z0LlZpc3VhbFN0dWRpby5RdWFsaXR5VG9vbHMuV2ViVGVzdEZyYW1ld29yaywgVmVyc2lvbj0xMC4wLjAuMCwgQ3VsdHVyZT1uZXV0cmFsLCBQdWJsaWNLZXlUb2tlbj1iMDNmNWY3ZjExZDUwYTNhIiBWYXJpYWJsZU5hbWU9IkZvcm1Qb3N0UGFyYW00LmNhbmFyeSIgRGlzcGxheU5hbWU9IiIgRGVzY3JpcHRpb249IiI+DQogICAgICAgICAgPFJ1bGVQYXJhbWV0ZXJzPg0KICAgICAgICAgICAgPFJ1bGVQYXJhbWV0ZXIgTmFtZT0iTmFtZSIgVmFsdWU9ImNhbmFyeSIgLz4NCiAgICAgICAgICAgIDxSdWxlUGFyYW1ldGVyIE5hbWU9Ikh0bWxEZWNvZGUiIFZhbHVlPSJUcnVlIiAvPg0KICAgICAgICAgICAgPFJ1bGVQYXJhbWV0ZXIgTmFtZT0iUmVxdWlyZWQiIFZhbHVlPSJGYWxzZSIgLz4NCiAgICAgICAgICAgIDxSdWxlUGFyYW1ldGVyIE5hbWU9IkluZGV4IiBWYWx1ZT0iMCIgLz4NCiAgICAgICAgICA8L1J1bGVQYXJhbWV0ZXJzPg0KICAgICAgICA8L0V4dHJhY3Rpb25SdWxlPg0KICAgICAgICA8RXh0cmFjdGlvblJ1bGUgQ2xhc3NuYW1lPSJNaWNyb3NvZnQuVmlzdWFsU3R1ZGlvLlRlc3RUb29scy5XZWJUZXN0aW5nLlJ1bGVzLkV4dHJhY3RUZXh0LCBNaWNyb3NvZnQuVmlzdWFsU3R1ZGlvLlF1YWxpdHlUb29scy5XZWJUZXN0RnJhbWV3b3JrLCBWZXJzaW9uPTEwLjAuMC4wLCBDdWx0dXJlPW5ldXRyYWwsIFB1YmxpY0tleVRva2VuPWIwM2Y1ZjdmMTFkNTBhM2EiIFZhcmlhYmxlTmFtZT0iRm9ybVBvc3RQYXJhbTUubjIxIiBEaXNwbGF5TmFtZT0iIiBEZXNjcmlwdGlvbj0iIj4NCiAgICAgICAgICA8UnVsZVBhcmFtZXRlcnM+DQogICAgICAgICAgICA8UnVsZVBhcmFtZXRlciBOYW1lPSJTdGFydHNXaXRoIiBWYWx1ZT0ibHVlPSZxdW90OyIgLz4NCiAgICAgICAgICAgIDxSdWxlUGFyYW1ldGVyIE5hbWU9IkVuZHNXaXRoIiBWYWx1ZT0iJnF1b3Q7IGNsYSIgLz4NCiAgICAgICAgICAgIDxSdWxlUGFyYW1ldGVyIE5hbWU9IkluZGV4IiBWYWx1ZT0iNSIgLz4NCiAgICAgICAgICAgIDxSdWxlUGFyYW1ldGVyIE5hbWU9Iklnbm9yZUNhc2UiIFZhbHVlPSJGYWxzZSIgLz4NCiAgICAgICAgICAgIDxSdWxlUGFyYW1ldGVyIE5hbWU9IlVzZVJlZ3VsYXJFeHByZXNzaW9uIiBWYWx1ZT0iRmFsc2UiIC8+DQogICAgICAgICAgICA8UnVsZVBhcmFtZXRlciBOYW1lPSJIdG1sRGVjb2RlIiBWYWx1ZT0iVHJ1ZSIgLz4NCiAgICAgICAgICAgIDxSdWxlUGFyYW1ldGVyIE5hbWU9IlJlcXVpcmVkIiBWYWx1ZT0iRmFsc2UiIC8+DQogICAgICAgICAgPC9SdWxlUGFyYW1ldGVycz4NCiAgICAgICAgPC9FeHRyYWN0aW9uUnVsZT4NCiAgICAgICAgPEV4dHJhY3Rpb25SdWxlIENsYXNzbmFtZT0iTWljcm9zb2Z0LlZpc3VhbFN0dWRpby5UZXN0VG9vbHMuV2ViVGVzdGluZy5SdWxlcy5FeHRyYWN0VGV4dCwgTWljcm9zb2Z0LlZpc3VhbFN0dWRpby5RdWFsaXR5VG9vbHMuV2ViVGVzdEZyYW1ld29yaywgVmVyc2lvbj0xMC4wLjAuMCwgQ3VsdHVyZT1uZXV0cmFsLCBQdWJsaWNLZXlUb2tlbj1iMDNmNWY3ZjExZDUwYTNhIiBWYXJpYWJsZU5hbWU9IkZvcm1Qb3N0UGFyYW02Lm4yMiIgRGlzcGxheU5hbWU9IiIgRGVzY3JpcHRpb249IiI+DQogICAgICAgICAgPFJ1bGVQYXJhbWV0ZXJzPg0KICAgICAgICAgICAgPFJ1bGVQYXJhbWV0ZXIgTmFtZT0iU3RhcnRzV2l0aCIgVmFsdWU9Imx1ZT0mcXVvdDsiIC8+DQogICAgICAgICAgICA8UnVsZVBhcmFtZXRlciBOYW1lPSJFbmRzV2l0aCIgVmFsdWU9IiZxdW90OyBjbGEiIC8+DQogICAgICAgICAgICA8UnVsZVBhcmFtZXRlciBOYW1lPSJJbmRleCIgVmFsdWU9IjUiIC8+DQogICAgICAgICAgICA8UnVsZVBhcmFtZXRlciBOYW1lPSJJZ25vcmVDYXNlIiBWYWx1ZT0iRmFsc2UiIC8+DQogICAgICAgICAgICA8UnVsZVBhcmFtZXRlciBOYW1lPSJVc2VSZWd1bGFyRXhwcmVzc2lvbiIgVmFsdWU9IkZhbHNlIiAvPg0KICAgICAgICAgICAgPFJ1bGVQYXJhbWV0ZXIgTmFtZT0iSHRtbERlY29kZSIgVmFsdWU9IlRydWUiIC8+DQogICAgICAgICAgICA8UnVsZVBhcmFtZXRlciBOYW1lPSJSZXF1aXJlZCIgVmFsdWU9IkZhbHNlIiAvPg0KICAgICAgICAgIDwvUnVsZVBhcmFtZXRlcnM+DQogICAgICAgIDwvRXh0cmFjdGlvblJ1bGU+DQogICAgICAgIDxFeHRyYWN0aW9uUnVsZSBDbGFzc25hbWU9Ik1pY3Jvc29mdC5WaXN1YWxTdHVkaW8uVGVzdFRvb2xzLldlYlRlc3RpbmcuUnVsZXMuRXh0cmFjdFRleHQsIE1pY3Jvc29mdC5WaXN1YWxTdHVkaW8uUXVhbGl0eVRvb2xzLldlYlRlc3RGcmFtZXdvcmssIFZlcnNpb249MTAuMC4wLjAsIEN1bHR1cmU9bmV1dHJhbCwgUHVibGljS2V5VG9rZW49YjAzZjVmN2YxMWQ1MGEzYSIgVmFyaWFibGVOYW1lPSJGb3JtUG9zdFBhcmFtNy5uMjYiIERpc3BsYXlOYW1lPSIiIERlc2NyaXB0aW9uPSIiPg0KICAgICAgICAgIDxSdWxlUGFyYW1ldGVycz4NCiAgICAgICAgICAgIDxSdWxlUGFyYW1ldGVyIE5hbWU9IlN0YXJ0c1dpdGgiIFZhbHVlPSJsdWU9JnF1b3Q7IiAvPg0KICAgICAgICAgICAgPFJ1bGVQYXJhbWV0ZXIgTmFtZT0iRW5kc1dpdGgiIFZhbHVlPSImcXVvdDsgY2xhIiAvPg0KICAgICAgICAgICAgPFJ1bGVQYXJhbWV0ZXIgTmFtZT0iSW5kZXgiIFZhbHVlPSI1IiAvPg0KICAgICAgICAgICAgPFJ1bGVQYXJhbWV0ZXIgTmFtZT0iSWdub3JlQ2FzZSIgVmFsdWU9IkZhbHNlIiAvPg0KICAgICAgICAgICAgPFJ1bGVQYXJhbWV0ZXIgTmFtZT0iVXNlUmVndWxhckV4cHJlc3Npb24iIFZhbHVlPSJGYWxzZSIgLz4NCiAgICAgICAgICAgIDxSdWxlUGFyYW1ldGVyIE5hbWU9Ikh0bWxEZWNvZGUiIFZhbHVlPSJUcnVlIiAvPg0KICAgICAgICAgICAgPFJ1bGVQYXJhbWV0ZXIgTmFtZT0iUmVxdWlyZWQiIFZhbHVlPSJGYWxzZSIgLz4NCiAgICAgICAgICA8L1J1bGVQYXJhbWV0ZXJzPg0KICAgICAgICA8L0V4dHJhY3Rpb25SdWxlPg0KICAgICAgICA8RXh0cmFjdGlvblJ1bGUgQ2xhc3NuYW1lPSJNaWNyb3NvZnQuVmlzdWFsU3R1ZGlvLlRlc3RUb29scy5XZWJUZXN0aW5nLlJ1bGVzLkV4dHJhY3RUZXh0LCBNaWNyb3NvZnQuVmlzdWFsU3R1ZGlvLlF1YWxpdHlUb29scy5XZWJUZXN0RnJhbWV3b3JrLCBWZXJzaW9uPTEwLjAuMC4wLCBDdWx0dXJlPW5ldXRyYWwsIFB1YmxpY0tleVRva2VuPWIwM2Y1ZjdmMTFkNTBhM2EiIFZhcmlhYmxlTmFtZT0iRm9ybVBvc3RQYXJhbTgubjI3IiBEaXNwbGF5TmFtZT0iIiBEZXNjcmlwdGlvbj0iIj4NCiAgICAgICAgICA8UnVsZVBhcmFtZXRlcnM+DQogICAgICAgICAgICA8UnVsZVBhcmFtZXRlciBOYW1lPSJTdGFydHNXaXRoIiBWYWx1ZT0ibHVlPSZxdW90OyIgLz4NCiAgICAgICAgICAgIDxSdWxlUGFyYW1ldGVyIE5hbWU9IkVuZHNXaXRoIiBWYWx1ZT0iJnF1b3Q7IGNsYSIgLz4NCiAgICAgICAgICAgIDxSdWxlUGFyYW1ldGVyIE5hbWU9IkluZGV4IiBWYWx1ZT0iNSIgLz4NCiAgICAgICAgICAgIDxSdWxlUGFyYW1ldGVyIE5hbWU9Iklnbm9yZUNhc2UiIFZhbHVlPSJGYWxzZSIgLz4NCiAgICAgICAgICAgIDxSdWxlUGFyYW1ldGVyIE5hbWU9IlVzZVJlZ3VsYXJFeHByZXNzaW9uIiBWYWx1ZT0iRmFsc2UiIC8+DQogICAgICAgICAgICA8UnVsZVBhcmFtZXRlciBOYW1lPSJIdG1sRGVjb2RlIiBWYWx1ZT0iVHJ1ZSIgLz4NCiAgICAgICAgICAgIDxSdWxlUGFyYW1ldGVyIE5hbWU9IlJlcXVpcmVkIiBWYWx1ZT0iRmFsc2UiIC8+DQogICAgICAgICAgPC9SdWxlUGFyYW1ldGVycz4NCiAgICAgICAgPC9FeHRyYWN0aW9uUnVsZT4NCiAgICAgICAgPEV4dHJhY3Rpb25SdWxlIENsYXNzbmFtZT0iTWljcm9zb2Z0LlZpc3VhbFN0dWRpby5UZXN0VG9vbHMuV2ViVGVzdGluZy5SdWxlcy5FeHRyYWN0VGV4dCwgTWljcm9zb2Z0LlZpc3VhbFN0dWRpby5RdWFsaXR5VG9vbHMuV2ViVGVzdEZyYW1ld29yaywgVmVyc2lvbj0xMC4wLjAuMCwgQ3VsdHVyZT1uZXV0cmFsLCBQdWJsaWNLZXlUb2tlbj1iMDNmNWY3ZjExZDUwYTNhIiBWYXJpYWJsZU5hbWU9IkZvcm1Qb3N0UGFyYW05Lm4yOCIgRGlzcGxheU5hbWU9IiIgRGVzY3JpcHRpb249IiI+DQogICAgICAgICAgPFJ1bGVQYXJhbWV0ZXJzPg0KICAgICAgICAgICAgPFJ1bGVQYXJhbWV0ZXIgTmFtZT0iU3RhcnRzV2l0aCIgVmFsdWU9Imx1ZT0mcXVvdDsiIC8+DQogICAgICAgICAgICA8UnVsZVBhcmFtZXRlciBOYW1lPSJFbmRzV2l0aCIgVmFsdWU9IiZxdW90OyBjbGEiIC8+DQogICAgICAgICAgICA8UnVsZVBhcmFtZXRlciBOYW1lPSJJbmRleCIgVmFsdWU9IjUiIC8+DQogICAgICAgICAgICA8UnVsZVBhcmFtZXRlciBOYW1lPSJJZ25vcmVDYXNlIiBWYWx1ZT0iRmFsc2UiIC8+DQogICAgICAgICAgICA8UnVsZVBhcmFtZXRlciBOYW1lPSJVc2VSZWd1bGFyRXhwcmVzc2lvbiIgVmFsdWU9IkZhbHNlIiAvPg0KICAgICAgICAgICAgPFJ1bGVQYXJhbWV0ZXIgTmFtZT0iSHRtbERlY29kZSIgVmFsdWU9IlRydWUiIC8+DQogICAgICAgICAgICA8UnVsZVBhcmFtZXRlciBOYW1lPSJSZXF1aXJlZCIgVmFsdWU9IkZhbHNlIiAvPg0KICAgICAgICAgIDwvUnVsZVBhcmFtZXRlcnM+DQogICAgICAgIDwvRXh0cmFjdGlvblJ1bGU+DQogICAgICAgIDxFeHRyYWN0aW9uUnVsZSBDbGFzc25hbWU9Ik1pY3Jvc29mdC5WaXN1YWxTdHVkaW8uVGVzdFRvb2xzLldlYlRlc3RpbmcuUnVsZXMuRXh0cmFjdFRleHQsIE1pY3Jvc29mdC5WaXN1YWxTdHVkaW8uUXVhbGl0eVRvb2xzLldlYlRlc3RGcmFtZXdvcmssIFZlcnNpb249MTAuMC4wLjAsIEN1bHR1cmU9bmV1dHJhbCwgUHVibGljS2V5VG9rZW49YjAzZjVmN2YxMWQ1MGEzYSIgVmFyaWFibGVOYW1lPSJGb3JtUG9zdFBhcmFtMTAubjMxIiBEaXNwbGF5TmFtZT0iIiBEZXNjcmlwdGlvbj0iIj4NCiAgICAgICAgICA8UnVsZVBhcmFtZXRlcnM+DQogICAgICAgICAgICA8UnVsZVBhcmFtZXRlciBOYW1lPSJTdGFydHNXaXRoIiBWYWx1ZT0ibHVlPSZxdW90OyIgLz4NCiAgICAgICAgICAgIDxSdWxlUGFyYW1ldGVyIE5hbWU9IkVuZHNXaXRoIiBWYWx1ZT0iJnF1b3Q7IGNsYSIgLz4NCiAgICAgICAgICAgIDxSdWxlUGFyYW1ldGVyIE5hbWU9IkluZGV4IiBWYWx1ZT0iNSIgLz4NCiAgICAgICAgICAgIDxSdWxlUGFyYW1ldGVyIE5hbWU9Iklnbm9yZUNhc2UiIFZhbHVlPSJGYWxzZSIgLz4NCiAgICAgICAgICAgIDxSdWxlUGFyYW1ldGVyIE5hbWU9IlVzZVJlZ3VsYXJFeHByZXNzaW9uIiBWYWx1ZT0iRmFsc2UiIC8+DQogICAgICAgICAgICA8UnVsZVBhcmFtZXRlciBOYW1lPSJIdG1sRGVjb2RlIiBWYWx1ZT0iVHJ1ZSIgLz4NCiAgICAgICAgICAgIDxSdWxlUGFyYW1ldGVyIE5hbWU9IlJlcXVpcmVkIiBWYWx1ZT0iRmFsc2UiIC8+DQogICAgICAgICAgPC9SdWxlUGFyYW1ldGVycz4NCiAgICAgICAgPC9FeHRyYWN0aW9uUnVsZT4NCiAgICAgICAgPEV4dHJhY3Rpb25SdWxlIENsYXNzbmFtZT0iTWljcm9zb2Z0LlZpc3VhbFN0dWRpby5UZXN0VG9vbHMuV2ViVGVzdGluZy5SdWxlcy5FeHRyYWN0VGV4dCwgTWljcm9zb2Z0LlZpc3VhbFN0dWRpby5RdWFsaXR5VG9vbHMuV2ViVGVzdEZyYW1ld29yaywgVmVyc2lvbj0xMC4wLjAuMCwgQ3VsdHVyZT1uZXV0cmFsLCBQdWJsaWNLZXlUb2tlbj1iMDNmNWY3ZjExZDUwYTNhIiBWYXJpYWJsZU5hbWU9IkZvcm1Qb3N0UGFyYW0xMS5uMzIiIERpc3BsYXlOYW1lPSIiIERlc2NyaXB0aW9uPSIiPg0KICAgICAgICAgIDxSdWxlUGFyYW1ldGVycz4NCiAgICAgICAgICAgIDxSdWxlUGFyYW1ldGVyIE5hbWU9IlN0YXJ0c1dpdGgiIFZhbHVlPSJsdWU9JnF1b3Q7IiAvPg0KICAgICAgICAgICAgPFJ1bGVQYXJhbWV0ZXIgTmFtZT0iRW5kc1dpdGgiIFZhbHVlPSImcXVvdDsgY2xhIiAvPg0KICAgICAgICAgICAgPFJ1bGVQYXJhbWV0ZXIgTmFtZT0iSW5kZXgiIFZhbHVlPSI1IiAvPg0KICAgICAgICAgICAgPFJ1bGVQYXJhbWV0ZXIgTmFtZT0iSWdub3JlQ2FzZSIgVmFsdWU9IkZhbHNlIiAvPg0KICAgICAgICAgICAgPFJ1bGVQYXJhbWV0ZXIgTmFtZT0iVXNlUmVndWxhckV4cHJlc3Npb24iIFZhbHVlPSJGYWxzZSIgLz4NCiAgICAgICAgICAgIDxSdWxlUGFyYW1ldGVyIE5hbWU9Ikh0bWxEZWNvZGUiIFZhbHVlPSJUcnVlIiAvPg0KICAgICAgICAgICAgPFJ1bGVQYXJhbWV0ZXIgTmFtZT0iUmVxdWlyZWQiIFZhbHVlPSJGYWxzZSIgLz4NCiAgICAgICAgICA8L1J1bGVQYXJhbWV0ZXJzPg0KICAgICAgICA8L0V4dHJhY3Rpb25SdWxlPg0KICAgICAgICA8RXh0cmFjdGlvblJ1bGUgQ2xhc3NuYW1lPSJNaWNyb3NvZnQuVmlzdWFsU3R1ZGlvLlRlc3RUb29scy5XZWJUZXN0aW5nLlJ1bGVzLkV4dHJhY3RUZXh0LCBNaWNyb3NvZnQuVmlzdWFsU3R1ZGlvLlF1YWxpdHlUb29scy5XZWJUZXN0RnJhbWV3b3JrLCBWZXJzaW9uPTEwLjAuMC4wLCBDdWx0dXJlPW5ldXRyYWwsIFB1YmxpY0tleVRva2VuPWIwM2Y1ZjdmMTFkNTBhM2EiIFZhcmlhYmxlTmFtZT0iRm9ybVBvc3RQYXJhbTEyLm4zMyIgRGlzcGxheU5hbWU9IiIgRGVzY3JpcHRpb249IiI+DQogICAgICAgICAgPFJ1bGVQYXJhbWV0ZXJzPg0KICAgICAgICAgICAgPFJ1bGVQYXJhbWV0ZXIgTmFtZT0iU3RhcnRzV2l0aCIgVmFsdWU9Imx1ZT0mcXVvdDsiIC8+DQogICAgICAgICAgICA8UnVsZVBhcmFtZXRlciBOYW1lPSJFbmRzV2l0aCIgVmFsdWU9IiZxdW90OyBjbGEiIC8+DQogICAgICAgICAgICA8UnVsZVBhcmFtZXRlciBOYW1lPSJJbmRleCIgVmFsdWU9IjUiIC8+DQogICAgICAgICAgICA8UnVsZVBhcmFtZXRlciBOYW1lPSJJZ25vcmVDYXNlIiBWYWx1ZT0iRmFsc2UiIC8+DQogICAgICAgICAgICA8UnVsZVBhcmFtZXRlciBOYW1lPSJVc2VSZWd1bGFyRXhwcmVzc2lvbiIgVmFsdWU9IkZhbHNlIiAvPg0KICAgICAgICAgICAgPFJ1bGVQYXJhbWV0ZXIgTmFtZT0iSHRtbERlY29kZSIgVmFsdWU9IlRydWUiIC8+DQogICAgICAgICAgICA8UnVsZVBhcmFtZXRlciBOYW1lPSJSZXF1aXJlZCIgVmFsdWU9IkZhbHNlIiAvPg0KICAgICAgICAgIDwvUnVsZVBhcmFtZXRlcnM+DQogICAgICAgIDwvRXh0cmFjdGlvblJ1bGU+DQogICAgICAgIDxFeHRyYWN0aW9uUnVsZSBDbGFzc25hbWU9Ik1pY3Jvc29mdC5WaXN1YWxTdHVkaW8uVGVzdFRvb2xzLldlYlRlc3RpbmcuUnVsZXMuRXh0cmFjdFRleHQsIE1pY3Jvc29mdC5WaXN1YWxTdHVkaW8uUXVhbGl0eVRvb2xzLldlYlRlc3RGcmFtZXdvcmssIFZlcnNpb249MTAuMC4wLjAsIEN1bHR1cmU9bmV1dHJhbCwgUHVibGljS2V5VG9rZW49YjAzZjVmN2YxMWQ1MGEzYSIgVmFyaWFibGVOYW1lPSJGb3JtUG9zdFBhcmFtMTMubjM0IiBEaXNwbGF5TmFtZT0iIiBEZXNjcmlwdGlvbj0iIj4NCiAgICAgICAgICA8UnVsZVBhcmFtZXRlcnM+DQogICAgICAgICAgICA8UnVsZVBhcmFtZXRlciBOYW1lPSJTdGFydHNXaXRoIiBWYWx1ZT0ibHVlPSZxdW90OyIgLz4NCiAgICAgICAgICAgIDxSdWxlUGFyYW1ldGVyIE5hbWU9IkVuZHNXaXRoIiBWYWx1ZT0iJnF1b3Q7IGNsYSIgLz4NCiAgICAgICAgICAgIDxSdWxlUGFyYW1ldGVyIE5hbWU9IkluZGV4IiBWYWx1ZT0iNSIgLz4NCiAgICAgICAgICAgIDxSdWxlUGFyYW1ldGVyIE5hbWU9Iklnbm9yZUNhc2UiIFZhbHVlPSJGYWxzZSIgLz4NCiAgICAgICAgICAgIDxSdWxlUGFyYW1ldGVyIE5hbWU9IlVzZVJlZ3VsYXJFeHByZXNzaW9uIiBWYWx1ZT0iRmFsc2UiIC8+DQogICAgICAgICAgICA8UnVsZVBhcmFtZXRlciBOYW1lPSJIdG1sRGVjb2RlIiBWYWx1ZT0iVHJ1ZSIgLz4NCiAgICAgICAgICAgIDxSdWxlUGFyYW1ldGVyIE5hbWU9IlJlcXVpcmVkIiBWYWx1ZT0iRmFsc2UiIC8+DQogICAgICAgICAgPC9SdWxlUGFyYW1ldGVycz4NCiAgICAgICAgPC9FeHRyYWN0aW9uUnVsZT4NCiAgICAgICAgPEV4dHJhY3Rpb25SdWxlIENsYXNzbmFtZT0iTWljcm9zb2Z0LlZpc3VhbFN0dWRpby5UZXN0VG9vbHMuV2ViVGVzdGluZy5SdWxlcy5FeHRyYWN0VGV4dCwgTWljcm9zb2Z0LlZpc3VhbFN0dWRpby5RdWFsaXR5VG9vbHMuV2ViVGVzdEZyYW1ld29yaywgVmVyc2lvbj0xMC4wLjAuMCwgQ3VsdHVyZT1uZXV0cmFsLCBQdWJsaWNLZXlUb2tlbj1iMDNmNWY3ZjExZDUwYTNhIiBWYXJpYWJsZU5hbWU9IkZvcm1Qb3N0UGFyYW0xNC5uMzUiIERpc3BsYXlOYW1lPSIiIERlc2NyaXB0aW9uPSIiPg0KICAgICAgICAgIDxSdWxlUGFyYW1ldGVycz4NCiAgICAgICAgICAgIDxSdWxlUGFyYW1ldGVyIE5hbWU9IlN0YXJ0c1dpdGgiIFZhbHVlPSJsdWU9JnF1b3Q7IiAvPg0KICAgICAgICAgICAgPFJ1bGVQYXJhbWV0ZXIgTmFtZT0iRW5kc1dpdGgiIFZhbHVlPSImcXVvdDsgY2xhIiAvPg0KICAgICAgICAgICAgPFJ1bGVQYXJhbWV0ZXIgTmFtZT0iSW5kZXgiIFZhbHVlPSI1IiAvPg0KICAgICAgICAgICAgPFJ1bGVQYXJhbWV0ZXIgTmFtZT0iSWdub3JlQ2FzZSIgVmFsdWU9IkZhbHNlIiAvPg0KICAgICAgICAgICAgPFJ1bGVQYXJhbWV0ZXIgTmFtZT0iVXNlUmVndWxhckV4cHJlc3Npb24iIFZhbHVlPSJGYWxzZSIgLz4NCiAgICAgICAgICAgIDxSdWxlUGFyYW1ldGVyIE5hbWU9Ikh0bWxEZWNvZGUiIFZhbHVlPSJUcnVlIiAvPg0KICAgICAgICAgICAgPFJ1bGVQYXJhbWV0ZXIgTmFtZT0iUmVxdWlyZWQiIFZhbHVlPSJGYWxzZSIgLz4NCiAgICAgICAgICA8L1J1bGVQYXJhbWV0ZXJzPg0KICAgICAgICA8L0V4dHJhY3Rpb25SdWxlPg0KICAgICAgICA8RXh0cmFjdGlvblJ1bGUgQ2xhc3NuYW1lPSJNaWNyb3NvZnQuVmlzdWFsU3R1ZGlvLlRlc3RUb29scy5XZWJUZXN0aW5nLlJ1bGVzLkV4dHJhY3RUZXh0LCBNaWNyb3NvZnQuVmlzdWFsU3R1ZGlvLlF1YWxpdHlUb29scy5XZWJUZXN0RnJhbWV3b3JrLCBWZXJzaW9uPTEwLjAuMC4wLCBDdWx0dXJlPW5ldXRyYWwsIFB1YmxpY0tleVRva2VuPWIwM2Y1ZjdmMTFkNTBhM2EiIFZhcmlhYmxlTmFtZT0iRm9ybVBvc3RQYXJhbTE1Lm4zNiIgRGlzcGxheU5hbWU9IiIgRGVzY3JpcHRpb249IiI+DQogICAgICAgICAgPFJ1bGVQYXJhbWV0ZXJzPg0KICAgICAgICAgICAgPFJ1bGVQYXJhbWV0ZXIgTmFtZT0iU3RhcnRzV2l0aCIgVmFsdWU9Imx1ZT0mcXVvdDsiIC8+DQogICAgICAgICAgICA8UnVsZVBhcmFtZXRlciBOYW1lPSJFbmRzV2l0aCIgVmFsdWU9IiZxdW90OyBjbGEiIC8+DQogICAgICAgICAgICA8UnVsZVBhcmFtZXRlciBOYW1lPSJJbmRleCIgVmFsdWU9IjUiIC8+DQogICAgICAgICAgICA8UnVsZVBhcmFtZXRlciBOYW1lPSJJZ25vcmVDYXNlIiBWYWx1ZT0iRmFsc2UiIC8+DQogICAgICAgICAgICA8UnVsZVBhcmFtZXRlciBOYW1lPSJVc2VSZWd1bGFyRXhwcmVzc2lvbiIgVmFsdWU9IkZhbHNlIiAvPg0KICAgICAgICAgICAgPFJ1bGVQYXJhbWV0ZXIgTmFtZT0iSHRtbERlY29kZSIgVmFsdWU9IlRydWUiIC8+DQogICAgICAgICAgICA8UnVsZVBhcmFtZXRlciBOYW1lPSJSZXF1aXJlZCIgVmFsdWU9IkZhbHNlIiAvPg0KICAgICAgICAgIDwvUnVsZVBhcmFtZXRlcnM+DQogICAgICAgIDwvRXh0cmFjdGlvblJ1bGU+DQogICAgICAgIDxFeHRyYWN0aW9uUnVsZSBDbGFzc25hbWU9Ik1pY3Jvc29mdC5WaXN1YWxTdHVkaW8uVGVzdFRvb2xzLldlYlRlc3RpbmcuUnVsZXMuRXh0cmFjdFRleHQsIE1pY3Jvc29mdC5WaXN1YWxTdHVkaW8uUXVhbGl0eVRvb2xzLldlYlRlc3RGcmFtZXdvcmssIFZlcnNpb249MTAuMC4wLjAsIEN1bHR1cmU9bmV1dHJhbCwgUHVibGljS2V5VG9rZW49YjAzZjVmN2YxMWQ1MGEzYSIgVmFyaWFibGVOYW1lPSJGb3JtUG9zdFBhcmFtMTYubjM3IiBEaXNwbGF5TmFtZT0iIiBEZXNjcmlwdGlvbj0iIj4NCiAgICAgICAgICA8UnVsZVBhcmFtZXRlcnM+DQogICAgICAgICAgICA8UnVsZVBhcmFtZXRlciBOYW1lPSJTdGFydHNXaXRoIiBWYWx1ZT0ibHVlPSZxdW90OyIgLz4NCiAgICAgICAgICAgIDxSdWxlUGFyYW1ldGVyIE5hbWU9IkVuZHNXaXRoIiBWYWx1ZT0iJnF1b3Q7IGNsYSIgLz4NCiAgICAgICAgICAgIDxSdWxlUGFyYW1ldGVyIE5hbWU9IkluZGV4IiBWYWx1ZT0iNSIgLz4NCiAgICAgICAgICAgIDxSdWxlUGFyYW1ldGVyIE5hbWU9Iklnbm9yZUNhc2UiIFZhbHVlPSJGYWxzZSIgLz4NCiAgICAgICAgICAgIDxSdWxlUGFyYW1ldGVyIE5hbWU9IlVzZVJlZ3VsYXJFeHByZXNzaW9uIiBWYWx1ZT0iRmFsc2UiIC8+DQogICAgICAgICAgICA8UnVsZVBhcmFtZXRlciBOYW1lPSJIdG1sRGVjb2RlIiBWYWx1ZT0iVHJ1ZSIgLz4NCiAgICAgICAgICAgIDxSdWxlUGFyYW1ldGVyIE5hbWU9IlJlcXVpcmVkIiBWYWx1ZT0iRmFsc2UiIC8+DQogICAgICAgICAgPC9SdWxlUGFyYW1ldGVycz4NCiAgICAgICAgPC9FeHRyYWN0aW9uUnVsZT4NCiAgICAgICAgPEV4dHJhY3Rpb25SdWxlIENsYXNzbmFtZT0iTWljcm9zb2Z0LlZpc3VhbFN0dWRpby5UZXN0VG9vbHMuV2ViVGVzdGluZy5SdWxlcy5FeHRyYWN0VGV4dCwgTWljcm9zb2Z0LlZpc3VhbFN0dWRpby5RdWFsaXR5VG9vbHMuV2ViVGVzdEZyYW1ld29yaywgVmVyc2lvbj0xMC4wLjAuMCwgQ3VsdHVyZT1uZXV0cmFsLCBQdWJsaWNLZXlUb2tlbj1iMDNmNWY3ZjExZDUwYTNhIiBWYXJpYWJsZU5hbWU9IkZvcm1Qb3N0UGFyYW0xNy5uMzgiIERpc3BsYXlOYW1lPSIiIERlc2NyaXB0aW9uPSIiPg0KICAgICAgICAgIDxSdWxlUGFyYW1ldGVycz4NCiAgICAgICAgICAgIDxSdWxlUGFyYW1ldGVyIE5hbWU9IlN0YXJ0c1dpdGgiIFZhbHVlPSJsdWU9JnF1b3Q7IiAvPg0KICAgICAgICAgICAgPFJ1bGVQYXJhbWV0ZXIgTmFtZT0iRW5kc1dpdGgiIFZhbHVlPSImcXVvdDsgY2xhIiAvPg0KICAgICAgICAgICAgPFJ1bGVQYXJhbWV0ZXIgTmFtZT0iSW5kZXgiIFZhbHVlPSI1IiAvPg0KICAgICAgICAgICAgPFJ1bGVQYXJhbWV0ZXIgTmFtZT0iSWdub3JlQ2FzZSIgVmFsdWU9IkZhbHNlIiAvPg0KICAgICAgICAgICAgPFJ1bGVQYXJhbWV0ZXIgTmFtZT0iVXNlUmVndWxhckV4cHJlc3Npb24iIFZhbHVlPSJGYWxzZSIgLz4NCiAgICAgICAgICAgIDxSdWxlUGFyYW1ldGVyIE5hbWU9Ikh0bWxEZWNvZGUiIFZhbHVlPSJUcnVlIiAvPg0KICAgICAgICAgICAgPFJ1bGVQYXJhbWV0ZXIgTmFtZT0iUmVxdWlyZWQiIFZhbHVlPSJGYWxzZSIgLz4NCiAgICAgICAgICA8L1J1bGVQYXJhbWV0ZXJzPg0KICAgICAgICA8L0V4dHJhY3Rpb25SdWxlPg0KICAgICAgICA8RXh0cmFjdGlvblJ1bGUgQ2xhc3NuYW1lPSJNaWNyb3NvZnQuVmlzdWFsU3R1ZGlvLlRlc3RUb29scy5XZWJUZXN0aW5nLlJ1bGVzLkV4dHJhY3RUZXh0LCBNaWNyb3NvZnQuVmlzdWFsU3R1ZGlvLlF1YWxpdHlUb29scy5XZWJUZXN0RnJhbWV3b3JrLCBWZXJzaW9uPTEwLjAuMC4wLCBDdWx0dXJlPW5ldXRyYWwsIFB1YmxpY0tleVRva2VuPWIwM2Y1ZjdmMTFkNTBhM2EiIFZhcmlhYmxlTmFtZT0iRm9ybVBvc3RQYXJhbTE4Lm4zOSIgRGlzcGxheU5hbWU9IiIgRGVzY3JpcHRpb249IiI+DQogICAgICAgICAgPFJ1bGVQYXJhbWV0ZXJzPg0KICAgICAgICAgICAgPFJ1bGVQYXJhbWV0ZXIgTmFtZT0iU3RhcnRzV2l0aCIgVmFsdWU9Imx1ZT0mcXVvdDsiIC8+DQogICAgICAgICAgICA8UnVsZVBhcmFtZXRlciBOYW1lPSJFbmRzV2l0aCIgVmFsdWU9IiZxdW90OyBjbGEiIC8+DQogICAgICAgICAgICA8UnVsZVBhcmFtZXRlciBOYW1lPSJJbmRleCIgVmFsdWU9IjUiIC8+DQogICAgICAgICAgICA8UnVsZVBhcmFtZXRlciBOYW1lPSJJZ25vcmVDYXNlIiBWYWx1ZT0iRmFsc2UiIC8+DQogICAgICAgICAgICA8UnVsZVBhcmFtZXRlciBOYW1lPSJVc2VSZWd1bGFyRXhwcmVzc2lvbiIgVmFsdWU9IkZhbHNlIiAvPg0KICAgICAgICAgICAgPFJ1bGVQYXJhbWV0ZXIgTmFtZT0iSHRtbERlY29kZSIgVmFsdWU9IlRydWUiIC8+DQogICAgICAgICAgICA8UnVsZVBhcmFtZXRlciBOYW1lPSJSZXF1aXJlZCIgVmFsdWU9IkZhbHNlIiAvPg0KICAgICAgICAgIDwvUnVsZVBhcmFtZXRlcnM+DQogICAgICAgIDwvRXh0cmFjdGlvblJ1bGU+DQogICAgICAgIDxFeHRyYWN0aW9uUnVsZSBDbGFzc25hbWU9Ik1pY3Jvc29mdC5WaXN1YWxTdHVkaW8uVGVzdFRvb2xzLldlYlRlc3RpbmcuUnVsZXMuRXh0cmFjdFRleHQsIE1pY3Jvc29mdC5WaXN1YWxTdHVkaW8uUXVhbGl0eVRvb2xzLldlYlRlc3RGcmFtZXdvcmssIFZlcnNpb249MTAuMC4wLjAsIEN1bHR1cmU9bmV1dHJhbCwgUHVibGljS2V5VG9rZW49YjAzZjVmN2YxMWQ1MGEzYSIgVmFyaWFibGVOYW1lPSJGb3JtUG9zdFBhcmFtMTkubjQwIiBEaXNwbGF5TmFtZT0iIiBEZXNjcmlwdGlvbj0iIj4NCiAgICAgICAgICA8UnVsZVBhcmFtZXRlcnM+DQogICAgICAgICAgICA8UnVsZVBhcmFtZXRlciBOYW1lPSJTdGFydHNXaXRoIiBWYWx1ZT0ibHVlPSZxdW90OyIgLz4NCiAgICAgICAgICAgIDxSdWxlUGFyYW1ldGVyIE5hbWU9IkVuZHNXaXRoIiBWYWx1ZT0iJnF1b3Q7IGNsYSIgLz4NCiAgICAgICAgICAgIDxSdWxlUGFyYW1ldGVyIE5hbWU9IkluZGV4IiBWYWx1ZT0iNSIgLz4NCiAgICAgICAgICAgIDxSdWxlUGFyYW1ldGVyIE5hbWU9Iklnbm9yZUNhc2UiIFZhbHVlPSJGYWxzZSIgLz4NCiAgICAgICAgICAgIDxSdWxlUGFyYW1ldGVyIE5hbWU9IlVzZVJlZ3VsYXJFeHByZXNzaW9uIiBWYWx1ZT0iRmFsc2UiIC8+DQogICAgICAgICAgICA8UnVsZVBhcmFtZXRlciBOYW1lPSJIdG1sRGVjb2RlIiBWYWx1ZT0iVHJ1ZSIgLz4NCiAgICAgICAgICAgIDxSdWxlUGFyYW1ldGVyIE5hbWU9IlJlcXVpcmVkIiBWYWx1ZT0iRmFsc2UiIC8+DQogICAgICAgICAgPC9SdWxlUGFyYW1ldGVycz4NCiAgICAgICAgPC9FeHRyYWN0aW9uUnVsZT4NCiAgICAgICAgPEV4dHJhY3Rpb25SdWxlIENsYXNzbmFtZT0iTWljcm9zb2Z0LlZpc3VhbFN0dWRpby5UZXN0VG9vbHMuV2ViVGVzdGluZy5SdWxlcy5FeHRyYWN0VGV4dCwgTWljcm9zb2Z0LlZpc3VhbFN0dWRpby5RdWFsaXR5VG9vbHMuV2ViVGVzdEZyYW1ld29yaywgVmVyc2lvbj0xMC4wLjAuMCwgQ3VsdHVyZT1uZXV0cmFsLCBQdWJsaWNLZXlUb2tlbj1iMDNmNWY3ZjExZDUwYTNhIiBWYXJpYWJsZU5hbWU9IkZvcm1Qb3N0UGFyYW0yMC5pMTQiIERpc3BsYXlOYW1lPSIiIERlc2NyaXB0aW9uPSIiPg0KICAgICAgICAgIDxSdWxlUGFyYW1ldGVycz4NCiAgICAgICAgICAgIDxSdWxlUGFyYW1ldGVyIE5hbWU9IlN0YXJ0c1dpdGgiIFZhbHVlPSImcXVvdDtWJnF1b3Q7OiZxdW90OyIgLz4NCiAgICAgICAgICAgIDxSdWxlUGFyYW1ldGVyIE5hbWU9IkVuZHNXaXRoIiBWYWx1ZT0iJnF1b3Q7fSwmcXVvdDt3IiAvPg0KICAgICAgICAgICAgPFJ1bGVQYXJhbWV0ZXIgTmFtZT0iSW5kZXgiIFZhbHVlPSIwIiAvPg0KICAgICAgICAgICAgPFJ1bGVQYXJhbWV0ZXIgTmFtZT0iSWdub3JlQ2FzZSIgVmFsdWU9IkZhbHNlIiAvPg0KICAgICAgICAgICAgPFJ1bGVQYXJhbWV0ZXIgTmFtZT0iVXNlUmVndWxhckV4cHJlc3Npb24iIFZhbHVlPSJGYWxzZSIgLz4NCiAgICAgICAgICAgIDxSdWxlUGFyYW1ldGVyIE5hbWU9Ikh0bWxEZWNvZGUiIFZhbHVlPSJUcnVlIiAvPg0KICAgICAgICAgICAgPFJ1bGVQYXJhbWV0ZXIgTmFtZT0iUmVxdWlyZWQiIFZhbHVlPSJGYWxzZSIgLz4NCiAgICAgICAgICA8L1J1bGVQYXJhbWV0ZXJzPg0KICAgICAgICA8L0V4dHJhY3Rpb25SdWxlPg0KICAgICAgPC9Db3JyZWxhdGlvbkV4dHJhY3Rpb25SdWxlcz4NCiAgICAgIDxRdWVyeVN0cmluZ1BhcmFtZXRlcnM+DQogICAgICAgIDxRdWVyeVN0cmluZ1BhcmFtZXRlciBOYW1lPSJjbGllbnRfaWQiIFZhbHVlPSI3NzA5OTVkNS03ZmIyLTRiYjEtYjk2ZC1mNmJiMjlhYjdlNDQiIFJlY29yZGVkVmFsdWU9Ijc3MDk5NWQ1LTdmYjItNGJiMS1iOTZkLWY2YmIyOWFiN2U0NCIgQ29ycmVsYXRpb25CaW5kaW5nPSIiIFVybEVuY29kZT0iRmFsc2UiIFVzZVRvR3JvdXBSZXN1bHRzPSJGYWxzZSIgLz4NCiAgICAgICAgPFF1ZXJ5U3RyaW5nUGFyYW1ldGVyIE5hbWU9InJlZGlyZWN0X3VyaSIgVmFsdWU9Imh0dHAlM0ElMkYlMkZ3d3cubGVzc2lzbW9vcmUubmV0JTJGc2lnbmluLW9pZGMiIFJlY29yZGVkVmFsdWU9Imh0dHAlM0ElMkYlMkZ3d3cubGVzc2lzbW9vcmUubmV0JTJGc2lnbmluLW9pZGMiIENvcnJlbGF0aW9uQmluZGluZz0iIiBVcmxFbmNvZGU9IkZhbHNlIiBVc2VUb0dyb3VwUmVzdWx0cz0iRmFsc2UiIC8+DQogICAgICAgIDxRdWVyeVN0cmluZ1BhcmFtZXRlciBOYW1lPSJyZXNwb25zZV90eXBlIiBWYWx1ZT0iaWRfdG9rZW4iIFJlY29yZGVkVmFsdWU9ImlkX3Rva2VuIiBDb3JyZWxhdGlvbkJpbmRpbmc9IiIgVXJsRW5jb2RlPSJGYWxzZSIgVXNlVG9Hcm91cFJlc3VsdHM9IkZhbHNlIiAvPg0KICAgICAgICA8UXVlcnlTdHJpbmdQYXJhbWV0ZXIgTmFtZT0ic2NvcGUiIFZhbHVlPSJvcGVuaWQlMjBwcm9maWxlIiBSZWNvcmRlZFZhbHVlPSJvcGVuaWQlMjBwcm9maWxlIiBDb3JyZWxhdGlvbkJpbmRpbmc9IiIgVXJsRW5jb2RlPSJGYWxzZSIgVXNlVG9Hcm91cFJlc3VsdHM9IkZhbHNlIiAvPg0KICAgICAgICA8UXVlcnlTdHJpbmdQYXJhbWV0ZXIgTmFtZT0icmVzcG9uc2VfbW9kZSIgVmFsdWU9ImZvcm1fcG9zdCIgUmVjb3JkZWRWYWx1ZT0iZm9ybV9wb3N0IiBDb3JyZWxhdGlvbkJpbmRpbmc9IiIgVXJsRW5jb2RlPSJGYWxzZSIgVXNlVG9Hcm91cFJlc3VsdHM9IkZhbHNlIiAvPg0KICAgICAgICA8UXVlcnlTdHJpbmdQYXJhbWV0ZXIgTmFtZT0ibm9uY2UiIFZhbHVlPSI2MzYzMDIwMjQ2NDYyNjkwMzAuTjJJMU9HVTVaalV0TnpWbU1DMDBaREEwTFRneVpUQXRaamcxWXpZd1lqRmpOV1E1T0dRME5tTTRORFV0TTJNell5MDBZVFkxTFdFMU9HUXRPVEJsTjJRd00yVmlOMkkyIiBSZWNvcmRlZFZhbHVlPSI2MzYzMDIwMjQ2NDYyNjkwMzAuTjJJMU9HVTVaalV0TnpWbU1DMDBaREEwTFRneVpUQXRaamcxWXpZd1lqRmpOV1E1T0dRME5tTTRORFV0TTJNell5MDBZVFkxTFdFMU9HUXRPVEJsTjJRd00yVmlOMkkyIiBDb3JyZWxhdGlvbkJpbmRpbmc9IiIgVXJsRW5jb2RlPSJGYWxzZSIgVXNlVG9Hcm91cFJlc3VsdHM9IkZhbHNlIiAvPg0KICAgICAgICA8UXVlcnlTdHJpbmdQYXJhbWV0ZXIgTmFtZT0ic3RhdGUiIFZhbHVlPSJDZkRKOEFoWDlTZmtVUGRQaHRvaUdVUkhmSUZjVEI2NVh3S1Vqd25oWFU2SzNOeWpyZ0J2UU9LMENfUE9FVjZEd1psR0pxYUNmdHNSNzhxai1mb1VHcHJfUkR0b3Q4Z1ZRWVN3QkRtTHdTNzJHdWFMbTdMcnExYkxRQ3p3V25CUExSX21pbVJWXzN2c3lPYmt6N3FJUXN0WVhYM21ySlAxblMzSHVscm9MZWZ3ZS1wVGRhSnpSZWdpSVBqYndMcXFzWkFpdFZsVURxbHcydmk1SE9wYl9rd0dSMXF0MEhnS2JsT0V5OHViYWZHamcxSllYdDBBZUZjQm5ieVgyYl9UZ19mc1E5cVFjaFhPWlRsX29RZkZJX1hTdDZ4N3hoSWRCY0pEdUFadTBrOXdNeXZkSFJmSTM4aDJ4bHZra21VV1JuR1lnSFJmLW91b1lpdlFTRTBtaWZ6cm5qZkhjWjZlWjlLWU1DeW5haENUdjFyaiIgUmVjb3JkZWRWYWx1ZT0iQ2ZESjhBaFg5U2ZrVVBkUGh0b2lHVVJIZklGY1RCNjVYd0tVanduaFhVNkszTnlqcmdCdlFPSzBDX1BPRVY2RHdabEdKcWFDZnRzUjc4cWotZm9VR3ByX1JEdG90OGdWUVlTd0JEbUx3UzcyR3VhTG03THJxMWJMUUN6d1duQlBMUl9taW1SVl8zdnN5T2JrejdxSVFzdFlYWDNtckpQMW5TM0h1bHJvTGVmd2UtcFRkYUp6UmVnaUlQamJ3THFxc1pBaXRWbFVEcWx3MnZpNUhPcGJfa3dHUjFxdDBIZ0tibE9FeTh1YmFmR2pnMUpZWHQwQWVGY0JuYnlYMmJfVGdfZnNROXFRY2hYT1pUbF9vUWZGSV9YU3Q2eDd4aElkQmNKRHVBWnUwazl3TXl2ZEhSZkkzOGgyeGx2a2ttVVdSbkdZZ0hSZi1vdW9ZaXZRU0UwbWlmenJuamZIY1o2ZVo5S1lNQ3luYWhDVHYxcmoiIENvcnJlbGF0aW9uQmluZGluZz0iIiBVcmxFbmNvZGU9IkZhbHNlIiBVc2VUb0dyb3VwUmVzdWx0cz0iRmFsc2UiIC8+DQogICAgICA8L1F1ZXJ5U3RyaW5nUGFyYW1ldGVycz4NCiAgICA8L1JlcXVlc3Q+DQogICAgPFJlcXVlc3QgTWV0aG9kPSJHRVQiIEd1aWQ9ImQ2NDQ3NmNiLWM1ZWYtNGZmNy1hYWU3LWU4NDhiNGUyM2E5YiIgVmVyc2lvbj0iMS4xIiBVcmw9Imh0dHBzOi8vbG9naW4ubWljcm9zb2Z0b25saW5lLmNvbS83NDM0MDI1NS1hMGE0LTQxMWQtYTlhMS0zNmY4ZmNmMGUyNWMvb2F1dGgyL2F1dGhvcml6ZSIgVGhpbmtUaW1lPSIxMyIgVGltZW91dD0iMzAwIiBQYXJzZURlcGVuZGVudFJlcXVlc3RzPSJUcnVlIiBGb2xsb3dSZWRpcmVjdHM9IlRydWUiIFJlY29yZFJlc3VsdD0iVHJ1ZSIgQ2FjaGU9IkZhbHNlIiBSZXNwb25zZVRpbWVHb2FsPSIwIiBFbmNvZGluZz0idXRmLTgiIEV4cGVjdGVkSHR0cFN0YXR1c0NvZGU9IjAiIEV4cGVjdGVkUmVzcG9uc2VVcmw9Imh0dHBzOi8vbG9naW4ubWljcm9zb2Z0b25saW5lLmNvbS83NDM0MDI1NS1hMGE0LTQxMWQtYTlhMS0zNmY4ZmNmMGUyNWMvb2F1dGgyL2F1dGhvcml6ZT9jbGllbnRfaWQ9NzcwOTk1ZDUtN2ZiMi00YmIxLWI5NmQtZjZiYjI5YWI3ZTQ0JmFtcDtyZWRpcmVjdF91cmk9aHR0cCUzQSUyRiUyRnd3dy5sZXNzaXNtb29yZS5uZXQlMkZzaWduaW4tb2lkYyZhbXA7cmVzcG9uc2VfdHlwZT1pZF90b2tlbiZhbXA7c2NvcGU9b3BlbmlkJTIwcHJvZmlsZSZhbXA7cmVzcG9uc2VfbW9kZT1mb3JtX3Bvc3QmYW1wO25vbmNlPTYzNjMwMjAyNDY0NjI2OTAzMC5OMkkxT0dVNVpqVXROelZtTUMwMFpEQTBMVGd5WlRBdFpqZzFZell3WWpGak5XUTVPR1EwTm1NNE5EVXRNMk16WXkwMFlUWTFMV0UxT0dRdE9UQmxOMlF3TTJWaU4ySTImYW1wO3N0YXRlPUNmREo4QWhYOVNma1VQZFBodG9pR1VSSGZJRmNUQjY1WHdLVWp3bmhYVTZLM055anJnQnZRT0swQ19QT0VWNkR3WmxHSnFhQ2Z0c1I3OHFqLWZvVUdwcl9SRHRvdDhnVlFZU3dCRG1Md1M3Mkd1YUxtN0xycTFiTFFDendXbkJQTFJfbWltUlZfM3ZzeU9ia3o3cUlRc3RZWFgzbXJKUDFuUzNIdWxyb0xlZndlLXBUZGFKelJlZ2lJUGpid0xxcXNaQWl0VmxVRHFsdzJ2aTVIT3BiX2t3R1IxcXQwSGdLYmxPRXk4dWJhZkdqZzFKWVh0MEFlRmNCbmJ5WDJiX1RnX2ZzUTlxUWNoWE9aVGxfb1FmRklfWFN0Nng3eGhJZEJjSkR1QVp1MGs5d015dmRIUmZJMzhoMnhsdmtrbVVXUm5HWWdIUmYtb3VvWWl2UVNFMG1pZnpybmpmSGNaNmVaOUtZTUN5bmFoQ1R2MXJqIyIgUmVwb3J0aW5nTmFtZT0iIiBJZ25vcmVIdHRwU3RhdHVzQ29kZT0iRmFsc2UiPg0KICAgICAgPFF1ZXJ5U3RyaW5nUGFyYW1ldGVycz4NCiAgICAgICAgPFF1ZXJ5U3RyaW5nUGFyYW1ldGVyIE5hbWU9ImNsaWVudF9pZCIgVmFsdWU9Ijc3MDk5NWQ1LTdmYjItNGJiMS1iOTZkLWY2YmIyOWFiN2U0NCIgUmVjb3JkZWRWYWx1ZT0iNzcwOTk1ZDUtN2ZiMi00YmIxLWI5NmQtZjZiYjI5YWI3ZTQ0IiBDb3JyZWxhdGlvbkJpbmRpbmc9IiIgVXJsRW5jb2RlPSJGYWxzZSIgVXNlVG9Hcm91cFJlc3VsdHM9IkZhbHNlIiAvPg0KICAgICAgICA8UXVlcnlTdHJpbmdQYXJhbWV0ZXIgTmFtZT0icmVkaXJlY3RfdXJpIiBWYWx1ZT0iaHR0cCUzQSUyRiUyRnd3dy5sZXNzaXNtb29yZS5uZXQlMkZzaWduaW4tb2lkYyIgUmVjb3JkZWRWYWx1ZT0iaHR0cCUzQSUyRiUyRnd3dy5sZXNzaXNtb29yZS5uZXQlMkZzaWduaW4tb2lkYyIgQ29ycmVsYXRpb25CaW5kaW5nPSIiIFVybEVuY29kZT0iRmFsc2UiIFVzZVRvR3JvdXBSZXN1bHRzPSJGYWxzZSIgLz4NCiAgICAgICAgPFF1ZXJ5U3RyaW5nUGFyYW1ldGVyIE5hbWU9InJlc3BvbnNlX3R5cGUiIFZhbHVlPSJpZF90b2tlbiIgUmVjb3JkZWRWYWx1ZT0iaWRfdG9rZW4iIENvcnJlbGF0aW9uQmluZGluZz0iIiBVcmxFbmNvZGU9IkZhbHNlIiBVc2VUb0dyb3VwUmVzdWx0cz0iRmFsc2UiIC8+DQogICAgICAgIDxRdWVyeVN0cmluZ1BhcmFtZXRlciBOYW1lPSJzY29wZSIgVmFsdWU9Im9wZW5pZCUyMHByb2ZpbGUiIFJlY29yZGVkVmFsdWU9Im9wZW5pZCUyMHByb2ZpbGUiIENvcnJlbGF0aW9uQmluZGluZz0iIiBVcmxFbmNvZGU9IkZhbHNlIiBVc2VUb0dyb3VwUmVzdWx0cz0iRmFsc2UiIC8+DQogICAgICAgIDxRdWVyeVN0cmluZ1BhcmFtZXRlciBOYW1lPSJyZXNwb25zZV9tb2RlIiBWYWx1ZT0iZm9ybV9wb3N0IiBSZWNvcmRlZFZhbHVlPSJmb3JtX3Bvc3QiIENvcnJlbGF0aW9uQmluZGluZz0iIiBVcmxFbmNvZGU9IkZhbHNlIiBVc2VUb0dyb3VwUmVzdWx0cz0iRmFsc2UiIC8+DQogICAgICAgIDxRdWVyeVN0cmluZ1BhcmFtZXRlciBOYW1lPSJub25jZSIgVmFsdWU9IjYzNjMwMjAyNDY0NjI2OTAzMC5OMkkxT0dVNVpqVXROelZtTUMwMFpEQTBMVGd5WlRBdFpqZzFZell3WWpGak5XUTVPR1EwTm1NNE5EVXRNMk16WXkwMFlUWTFMV0UxT0dRdE9UQmxOMlF3TTJWaU4ySTIiIFJlY29yZGVkVmFsdWU9IjYzNjMwMjAyNDY0NjI2OTAzMC5OMkkxT0dVNVpqVXROelZtTUMwMFpEQTBMVGd5WlRBdFpqZzFZell3WWpGak5XUTVPR1EwTm1NNE5EVXRNMk16WXkwMFlUWTFMV0UxT0dRdE9UQmxOMlF3TTJWaU4ySTIiIENvcnJlbGF0aW9uQmluZGluZz0iIiBVcmxFbmNvZGU9IkZhbHNlIiBVc2VUb0dyb3VwUmVzdWx0cz0iRmFsc2UiIC8+DQogICAgICAgIDxRdWVyeVN0cmluZ1BhcmFtZXRlciBOYW1lPSJzdGF0ZSIgVmFsdWU9IkNmREo4QWhYOVNma1VQZFBodG9pR1VSSGZJRmNUQjY1WHdLVWp3bmhYVTZLM055anJnQnZRT0swQ19QT0VWNkR3WmxHSnFhQ2Z0c1I3OHFqLWZvVUdwcl9SRHRvdDhnVlFZU3dCRG1Md1M3Mkd1YUxtN0xycTFiTFFDendXbkJQTFJfbWltUlZfM3ZzeU9ia3o3cUlRc3RZWFgzbXJKUDFuUzNIdWxyb0xlZndlLXBUZGFKelJlZ2lJUGpid0xxcXNaQWl0VmxVRHFsdzJ2aTVIT3BiX2t3R1IxcXQwSGdLYmxPRXk4dWJhZkdqZzFKWVh0MEFlRmNCbmJ5WDJiX1RnX2ZzUTlxUWNoWE9aVGxfb1FmRklfWFN0Nng3eGhJZEJjSkR1QVp1MGs5d015dmRIUmZJMzhoMnhsdmtrbVVXUm5HWWdIUmYtb3VvWWl2UVNFMG1pZnpybmpmSGNaNmVaOUtZTUN5bmFoQ1R2MXJqIiBSZWNvcmRlZFZhbHVlPSJDZkRKOEFoWDlTZmtVUGRQaHRvaUdVUkhmSUZjVEI2NVh3S1Vqd25oWFU2SzNOeWpyZ0J2UU9LMENfUE9FVjZEd1psR0pxYUNmdHNSNzhxai1mb1VHcHJfUkR0b3Q4Z1ZRWVN3QkRtTHdTNzJHdWFMbTdMcnExYkxRQ3p3V25CUExSX21pbVJWXzN2c3lPYmt6N3FJUXN0WVhYM21ySlAxblMzSHVscm9MZWZ3ZS1wVGRhSnpSZWdpSVBqYndMcXFzWkFpdFZsVURxbHcydmk1SE9wYl9rd0dSMXF0MEhnS2JsT0V5OHViYWZHamcxSllYdDBBZUZjQm5ieVgyYl9UZ19mc1E5cVFjaFhPWlRsX29RZkZJX1hTdDZ4N3hoSWRCY0pEdUFadTBrOXdNeXZkSFJmSTM4aDJ4bHZra21VV1JuR1lnSFJmLW91b1lpdlFTRTBtaWZ6cm5qZkhjWjZlWjlLWU1DeW5haENUdjFyaiIgQ29ycmVsYXRpb25CaW5kaW5nPSIiIFVybEVuY29kZT0iRmFsc2UiIFVzZVRvR3JvdXBSZXN1bHRzPSJGYWxzZSIgLz4NCiAgICAgIDwvUXVlcnlTdHJpbmdQYXJhbWV0ZXJzPg0KICAgIDwvUmVxdWVzdD4NCiAgICA8UmVxdWVzdCBNZXRob2Q9IkdFVCIgR3VpZD0iNDVhMTllZmUtNzY1Yy00MDhjLWIwYjMtYTZmYjZhMmQwOWE1IiBWZXJzaW9uPSIxLjEiIFVybD0iaHR0cHM6Ly9sb2dpbi5taWNyb3NvZnRvbmxpbmUuY29tL2NvbW1vbi91c2VycmVhbG0iIFRoaW5rVGltZT0iNiIgVGltZW91dD0iMzAwIiBQYXJzZURlcGVuZGVudFJlcXVlc3RzPSJUcnVlIiBGb2xsb3dSZWRpcmVjdHM9IlRydWUiIFJlY29yZFJlc3VsdD0iVHJ1ZSIgQ2FjaGU9IkZhbHNlIiBSZXNwb25zZVRpbWVHb2FsPSIwIiBFbmNvZGluZz0idXRmLTgiIEV4cGVjdGVkSHR0cFN0YXR1c0NvZGU9IjAiIEV4cGVjdGVkUmVzcG9uc2VVcmw9IiIgUmVwb3J0aW5nTmFtZT0iIiBJZ25vcmVIdHRwU3RhdHVzQ29kZT0iRmFsc2UiPg0KICAgICAgPEhlYWRlcnM+DQogICAgICAgIDxIZWFkZXIgTmFtZT0iQWNjZXB0IiBWYWx1ZT0iYXBwbGljYXRpb24vanNvbiIgLz4NCiAgICAgICAgPEhlYWRlciBOYW1lPSJYLVJlcXVlc3RlZC1XaXRoIiBWYWx1ZT0iWE1MSHR0cFJlcXVlc3QiIC8+DQogICAgICAgIDxIZWFkZXIgTmFtZT0iUmVmZXJlciIgVmFsdWU9Imh0dHBzOi8vbG9naW4ubWljcm9zb2Z0b25saW5lLmNvbS83NDM0MDI1NS1hMGE0LTQxMWQtYTlhMS0zNmY4ZmNmMGUyNWMvb2F1dGgyL2F1dGhvcml6ZT9jbGllbnRfaWQ9NzcwOTk1ZDUtN2ZiMi00YmIxLWI5NmQtZjZiYjI5YWI3ZTQ0JmFtcDtyZWRpcmVjdF91cmk9aHR0cCUzQSUyRiUyRnd3dy5sZXNzaXNtb29yZS5uZXQlMkZzaWduaW4tb2lkYyZhbXA7cmVzcG9uc2VfdHlwZT1pZF90b2tlbiZhbXA7c2NvcGU9b3BlbmlkJTIwcHJvZmlsZSZhbXA7cmVzcG9uc2VfbW9kZT1mb3JtX3Bvc3QmYW1wO25vbmNlPTYzNjMwMjAyNDY0NjI2OTAzMC5OMkkxT0dVNVpqVXROelZtTUMwMFpEQTBMVGd5WlRBdFpqZzFZell3WWpGak5XUTVPR1EwTm1NNE5EVXRNMk16WXkwMFlUWTFMV0UxT0dRdE9UQmxOMlF3TTJWaU4ySTImYW1wO3N0YXRlPUNmREo4QWhYOVNma1VQZFBodG9pR1VSSGZJRmNUQjY1WHdLVWp3bmhYVTZLM055anJnQnZRT0swQ19QT0VWNkR3WmxHSnFhQ2Z0c1I3OHFqLWZvVUdwcl9SRHRvdDhnVlFZU3dCRG1Md1M3Mkd1YUxtN0xycTFiTFFDendXbkJQTFJfbWltUlZfM3ZzeU9ia3o3cUlRc3RZWFgzbXJKUDFuUzNIdWxyb0xlZndlLXBUZGFKelJlZ2lJUGpid0xxcXNaQWl0VmxVRHFsdzJ2aTVIT3BiX2t3R1IxcXQwSGdLYmxPRXk4dWJhZkdqZzFKWVh0MEFlRmNCbmJ5WDJiX1RnX2ZzUTlxUWNoWE9aVGxfb1FmRklfWFN0Nng3eGhJZEJjSkR1QVp1MGs5d015dmRIUmZJMzhoMnhsdmtrbVVXUm5HWWdIUmYtb3VvWWl2UVNFMG1pZnpybmpmSGNaNmVaOUtZTUN5bmFoQ1R2MXJqIiAvPg0KICAgICAgPC9IZWFkZXJzPg0KICAgICAgPFF1ZXJ5U3RyaW5nUGFyYW1ldGVycz4NCiAgICAgICAgPFF1ZXJ5U3RyaW5nUGFyYW1ldGVyIE5hbWU9InVzZXIiIFZhbHVlPSJqb2huZCU0MGxlc3Npc21vb3JlLm5ldCIgUmVjb3JkZWRWYWx1ZT0iam9obmQlNDBsZXNzaXNtb29yZS5uZXQiIENvcnJlbGF0aW9uQmluZGluZz0iIiBVcmxFbmNvZGU9IkZhbHNlIiBVc2VUb0dyb3VwUmVzdWx0cz0iRmFsc2UiIC8+DQogICAgICAgIDxRdWVyeVN0cmluZ1BhcmFtZXRlciBOYW1lPSJhcGktdmVyc2lvbiIgVmFsdWU9IjIuMSIgUmVjb3JkZWRWYWx1ZT0iMi4xIiBDb3JyZWxhdGlvbkJpbmRpbmc9IiIgVXJsRW5jb2RlPSJGYWxzZSIgVXNlVG9Hcm91cFJlc3VsdHM9IkZhbHNlIiAvPg0KICAgICAgICA8UXVlcnlTdHJpbmdQYXJhbWV0ZXIgTmFtZT0ic3RzUmVxdWVzdCIgVmFsdWU9InJRSUlBWTJTTzRfalZBQkdKNVBaMWU0S3dXcHBZS3N0UmlBeDhzeTkxNjk0cEMzeUdzZUpFOGVKbmJGZFlQbDFfWWdmOFNQeDJBMGROYUlFMFNBaG9XMVdva0JvNmFDYmFtdC1BVkFoS2tyQ1A2RDVpcTg0eGRINXBBc3Y0ZlU1eXdLT28xMmFZTEdOQ01xMklXRnpqRXRneHJZUlo5bXNSMUhGc3lkUF83aHZxR2V2Zi1sX28zXzQzY2VqVDZldk9oOEZWYlc3dnJxcTZfb3k5c295TEpNc0s3ekwxS3V1eXRCUHc1VElRdGY1cWRONTItbjgzdW04T2kwWmtpRUJBb2hpS0FZeEhDREI1UUlKVU9KVjJvalVhdEZ1a3ZrUUFHUFVCNkxpTjRiU3I0ekloM3FyMTNwMEV5MXVaVnJpWmJCSTV0UmlwRlp6TkdfMUJnQmQwYUY0T3o1eTVFcFNCdkVDeWZVY2JjSWpHXzEyLXA3VTMxY0ItbS15SW15OXYwOGY0NnhJekYxV1ZsOTFfem9kNHRHMDF3ODBibzIzNnRKZEJsVVc4dXBxZ29VYlJ4a3d0RmJQMUtoT0EwMWxadVNpaVFwX2NKQ2xHUmlhUzJtOFlVYTFFZlBUM0JyaXFseXh2VHdpY0tieXU4SmNqYXFzNnZrYldWX1hnMUVpMW1zVzhYdExURml4eUtFdHlzTzJ2azBIUzNGbEptR3kycGprb1d3a2U5dXl1U0NYbGE1cFpGSk1sekJkazVOOVhHU2loMnVQMkNtdU5XMVhuaDhLeThpdXhUd3ZqWDVZYldKMWxNYzFPb1QwUk5yWjVyYm1WekN2d01TZjJiRTBibnA3MjhMODBlVlUxeXJROTI2Y1FXbzNHckpOeFRkeEtYTzU3QVNhWkNpeG1jbjRSakMxZGNYY3NYZUI0QTZjNldqZk5fWmd5OVh6NXVCT1ZsZ2dld0c2aXdfYmJhTGVybEplOTQ4bmtlMHpQVHpJNnpGSVF0d1dhWVFuanNGNEJqZlQ1OE1tdFlLaGNvQkY5RVAzbktWSUNpQ2FKaXhnVVFRRm9VdFluQVVKa3NFOTdHRGdJZHA1MHoyblNNLXhMSllsSU10Q2d1SklsckFkbWlFd0FKYUhIQm9qeTdydnZwdnR2RFIwWC15S0RJZXg5X2FzOC1mWk82QjdfZWpSazZjbkg1eThPUG5uclBQdGcyUEN2MzctY183LWw2LWxIOFhQdm9kZlB6LTVmM0FGbFZrYVh5aUZMTVFDTGx0S3dIZk5YbFpTWG90cm9GX1k0Mmx6a1paU3NBekJTM2dOdjNqNDhNM2pfOW45dncyIiBSZWNvcmRlZFZhbHVlPSJyUUlJQVkyU080X2pWQUJHSjVQWjFlNEt3V3BwWUtzdFJpQXg4c3k5MTY5NHBDM3lHc2VKRThlSm5iRmRZUGwxX1lnZjhTUHgyQTBkTmFJRTBTQWhvVzFXb2tCbzZhQ2JhbXQtQVZBaEtrckNQNkQ1aXE4NHhkSDVwQXN2NGZVNXl3S09vMTJhWUxHTkNNcTJJV0Z6akV0Z3hyWVJaOW1zUjFIRnN5ZFBfN2h2cUdldmYtbF9vM180M2NlalQ2ZXZPaDhGVmJXN3ZycXE2X295OXNveUxKTXNLN3pMMUt1dXl0QlB3NVRJUXRmNXFkTjUyLW44M3VtOE9pMFpraUVCQW9oaUtBWXhIQ0RCNVFJSlVPSlYyb2pVYXRGdWt2a1FBR1BVQjZMaU40YlNyNHpJaDNxcjEzcDBFeTF1WlZyaVpiQkk1dFJpcEZaek5HXzFCZ0JkMGFGNE96NXk1RXBTQnZFQ3lmVWNiY0lqR18xMi1wN1UzMWNCLW0teUlteTl2MDhmNDZ4SXpGMVdWbDkxX3pvZDR0RzAxdzgwYm8yMzZ0SmRCbFVXOHVwcWdvVWJSeGt3dEZiUDFLaE9BMDFsWnVTaWlRcF9jSkNsR1JpYVMybThZVWExRWZQVDNCcmlxbHl4dlR3aWNLYnl1OEpjamFxczZ2a2JXVl9YZzFFaTFtc1c4WHRMVEZpeHlLRXR5c08ydmswSFMzRmxKbUd5MnBqa29Xd2tlOXV5dVNDWGxhNXBaRkpNbHpCZGs1TjlYR1NpaDJ1UDJDbXVOVzFYbmg4S3k4aXV4VHd2alg1WWJXSjFsTWMxT29UMFJOclo1cmJtVnpDdndNU2YyYkUwYm5wNzI4TDgwZVZVMXlyUTkyNmNRV28zR3JKTnhUZHhLWE81N0FTYVpDaXhtY240UmpDMWRjWGNzWGVCNEE2YzZXamZOX1pneTlYejV1Qk9WbGdnZXdHNml3X2JiYUxlcmxKZTk0OG5rZTB6UFR6STZ6RklRdHdXYVlRbmpzRjRCamZUNThNbXRZS2hjb0JGOUVQM25LVklDaUNhSml4Z1VRUUZvVXRZbkFVSmtzRTk3R0RnSWRwNTB6Mm5TTS14TEpZbElNdENndUpJbHJBZG1pRXdBSmFISEJvank3cnZ2cHZ0dkRSMFgteUtESWV4OV9hczgtZlpPNkI3X2VqUms2Y25INXk4T1BubnJQUHRnMlBDdjM3LWNfNy1sNi1sSDhYUHZvZGZQei01ZjNBRmxWa2FYeWlGTE1RQ0xsdEt3SGZOWGxaU1hvdHJvRl9ZNDJsemtaWlNzQXpCUzNnTnYzajQ4TTNqXzluOXZ3MiIgQ29ycmVsYXRpb25CaW5kaW5nPSIiIFVybEVuY29kZT0iRmFsc2UiIFVzZVRvR3JvdXBSZXN1bHRzPSJGYWxzZSIgLz4NCiAgICAgICAgPFF1ZXJ5U3RyaW5nUGFyYW1ldGVyIE5hbWU9ImNoZWNrRm9yTWljcm9zb2Z0QWNjb3VudCIgVmFsdWU9InRydWUiIFJlY29yZGVkVmFsdWU9InRydWUiIENvcnJlbGF0aW9uQmluZGluZz0iIiBVcmxFbmNvZGU9IkZhbHNlIiBVc2VUb0dyb3VwUmVzdWx0cz0iRmFsc2UiIC8+DQogICAgICA8L1F1ZXJ5U3RyaW5nUGFyYW1ldGVycz4NCiAgICA8L1JlcXVlc3Q+DQogICAgPFJlcXVlc3QgTWV0aG9kPSJQT1NUIiBHdWlkPSI0ZjFkMjYxMS0yNDBmLTRkNTgtYjQyNC1lMjRiZjZlNWM4MzAiIFZlcnNpb249IjEuMSIgVXJsPSJodHRwczovL2xvZ2luLm1pY3Jvc29mdG9ubGluZS5jb20vNzQzNDAyNTUtYTBhNC00MTFkLWE5YTEtMzZmOGZjZjBlMjVjL2xvZ2luIiBUaGlua1RpbWU9IjgiIFRpbWVvdXQ9IjMwMCIgUGFyc2VEZXBlbmRlbnRSZXF1ZXN0cz0iVHJ1ZSIgRm9sbG93UmVkaXJlY3RzPSJUcnVlIiBSZWNvcmRSZXN1bHQ9IlRydWUiIENhY2hlPSJGYWxzZSIgUmVzcG9uc2VUaW1lR29hbD0iMCIgRW5jb2Rpbmc9InV0Zi04IiBFeHBlY3RlZEh0dHBTdGF0dXNDb2RlPSIwIiBFeHBlY3RlZFJlc3BvbnNlVXJsPSIiIFJlcG9ydGluZ05hbWU9IiIgSWdub3JlSHR0cFN0YXR1c0NvZGU9IkZhbHNlIj4NCiAgICAgIDxIZWFkZXJzPg0KICAgICAgICA8SGVhZGVyIE5hbWU9IlJlZmVyZXIiIFZhbHVlPSJodHRwczovL2xvZ2luLm1pY3Jvc29mdG9ubGluZS5jb20vNzQzNDAyNTUtYTBhNC00MTFkLWE5YTEtMzZmOGZjZjBlMjVjL29hdXRoMi9hdXRob3JpemU/Y2xpZW50X2lkPTc3MDk5NWQ1LTdmYjItNGJiMS1iOTZkLWY2YmIyOWFiN2U0NCZhbXA7cmVkaXJlY3RfdXJpPWh0dHAlM0ElMkYlMkZ3d3cubGVzc2lzbW9vcmUubmV0JTJGc2lnbmluLW9pZGMmYW1wO3Jlc3BvbnNlX3R5cGU9aWRfdG9rZW4mYW1wO3Njb3BlPW9wZW5pZCUyMHByb2ZpbGUmYW1wO3Jlc3BvbnNlX21vZGU9Zm9ybV9wb3N0JmFtcDtub25jZT02MzYzMDIwMjQ2NDYyNjkwMzAuTjJJMU9HVTVaalV0TnpWbU1DMDBaREEwTFRneVpUQXRaamcxWXpZd1lqRmpOV1E1T0dRME5tTTRORFV0TTJNell5MDBZVFkxTFdFMU9HUXRPVEJsTjJRd00yVmlOMkkyJmFtcDtzdGF0ZT1DZkRKOEFoWDlTZmtVUGRQaHRvaUdVUkhmSUZjVEI2NVh3S1Vqd25oWFU2SzNOeWpyZ0J2UU9LMENfUE9FVjZEd1psR0pxYUNmdHNSNzhxai1mb1VHcHJfUkR0b3Q4Z1ZRWVN3QkRtTHdTNzJHdWFMbTdMcnExYkxRQ3p3V25CUExSX21pbVJWXzN2c3lPYmt6N3FJUXN0WVhYM21ySlAxblMzSHVscm9MZWZ3ZS1wVGRhSnpSZWdpSVBqYndMcXFzWkFpdFZsVURxbHcydmk1SE9wYl9rd0dSMXF0MEhnS2JsT0V5OHViYWZHamcxSllYdDBBZUZjQm5ieVgyYl9UZ19mc1E5cVFjaFhPWlRsX29RZkZJX1hTdDZ4N3hoSWRCY0pEdUFadTBrOXdNeXZkSFJmSTM4aDJ4bHZra21VV1JuR1lnSFJmLW91b1lpdlFTRTBtaWZ6cm5qZkhjWjZlWjlLWU1DeW5haENUdjFyaiIgLz4NCiAgICAgIDwvSGVhZGVycz4NCiAgICAgIDxGb3JtUG9zdEh0dHBCb2R5Pg0KICAgICAgICA8Rm9ybVBvc3RQYXJhbWV0ZXIgTmFtZT0ibG9naW4iIFZhbHVlPSJqb2huZEBsZXNzaXNtb29yZS5uZXQiIFJlY29yZGVkVmFsdWU9ImpvaG5kQGxlc3Npc21vb3JlLm5ldCIgQ29ycmVsYXRpb25CaW5kaW5nPSIiIFVybEVuY29kZT0iVHJ1ZSIgLz4NCiAgICAgICAgPEZvcm1Qb3N0UGFyYW1ldGVyIE5hbWU9InBhc3N3ZCIgVmFsdWU9IjY5NzU1YXp1cmUhQCIgUmVjb3JkZWRWYWx1ZT0iNjk3NTVhenVyZSFAIiBDb3JyZWxhdGlvbkJpbmRpbmc9IiIgVXJsRW5jb2RlPSJUcnVlIiAvPg0KICAgICAgICA8Rm9ybVBvc3RQYXJhbWV0ZXIgTmFtZT0iY3R4IiBWYWx1ZT0iclFJSUFZMlNPNF9qVkFCR0o1UFoxZTRLd1dwcFlLc3RSaUF4OHN5OTE2OTRwQzN5R3NlSkU4ZUpuYkZkWVBsMV9ZZ2Y4U1B4MkEwZE5hSUUwU0Fob1cxV29rQm82YUNiYW10LUFWQWhLa3JDUDZENWlxODR4ZEg1cEFzdjRmVTV5d0tPbzEyYVlMR05DTXEySVdGempFdGd4cllSWjltc1IxSEZzeWRQXzdodnFHZXZmLWxfbzNfNDNjZWpUNmV2T2g4RlZiVzd2cnFxNl9veTlzb3lMSk1zSzd6TDFLdXV5dEJQdzVUSVF0ZjVxZE41Mi1uODN1bThPaTBaa2lFQkFvaGlLQVl4SENEQjVRSUpVT0pWMm9qVWF0RnVrdmtRQUdQVUI2TGlONGJTcjR6SWgzcXIxM3AwRXkxdVpWcmlaYkJJNXRSaXBGWnpOR18xQmdCZDBhRjRPejV5NUVwU0J2RUN5ZlVjYmNJakdfMTItcDdVMzFjQi1tLXlJbXk5djA4ZjQ2eEl6RjFXVmw5MV96b2Q0dEcwMXc4MGJvMjM2dEpkQmxVVzh1cHFnb1ViUnhrd3RGYlAxS2hPQTAxbFp1U2lpUXBfY0pDbEdSaWFTMm04WVVhMUVmUFQzQnJpcWx5eHZUd2ljS2J5dThKY2phcXM2dmtiV1ZfWGcxRWkxbXNXOFh0TFRGaXh5S0V0eXNPMnZrMEhTM0ZsSm1HeTJwamtvV3drZTl1eXVTQ1hsYTVwWkZKTWx6QmRrNU45WEdTaWgydVAyQ211TlcxWG5oOEt5OGl1eFR3dmpYNVliV0oxbE1jMU9vVDBSTnJaNXJibVZ6Q3Z3TVNmMmJFMGJucDcyOEw4MGVWVTF5clE5MjZjUVdvM0dySk54VGR4S1hPNTdBU2FaQ2l4bWNuNFJqQzFkY1hjc1hlQjRBNmM2V2pmTl9aZ3k5WHo1dUJPVmxnZ2V3RzZpd19iYmFMZXJsSmU5NDhua2UwelBUekk2ekZJUXR3V2FZUW5qc0Y0QmpmVDU4TW10WUtoY29CRjlFUDNuS1ZJQ2lDYUppeGdVUVFGb1V0WW5BVUprc0U5N0dEZ0lkcDUwejJuU00teExKWWxJTXRDZ3VKSWxyQWRtaUV3QUphSEhCb2p5N3J2dnB2dHZEUjBYLXlLRElleDlfYXM4LWZaTzZCN19lalJrNmNuSDV5OE9Qbm5yUFB0ZzJQQ3YzNy1jXzctbDYtbEg4WFB2b2RmUHotNWYzQUZsVmthWHlpRkxNUUNMbHRLd0hmTlhsWlNYb3Ryb0ZfWTQybHprWlpTc0F6QlMzZ052M2o0OE0zal85bjl2dzIiIFJlY29yZGVkVmFsdWU9InJRSUlBWTJTTzRfalZBQkdKNVBaMWU0S3dXcHBZS3N0UmlBeDhzeTkxNjk0cEMzeUdzZUpFOGVKbmJGZFlQbDFfWWdmOFNQeDJBMGROYUlFMFNBaG9XMVdva0JvNmFDYmFtdC1BVkFoS2tyQ1A2RDVpcTg0eGRINXBBc3Y0ZlU1eXdLT28xMmFZTEdOQ01xMklXRnpqRXRneHJZUlo5bXNSMUhGc3lkUF83aHZxR2V2Zi1sX28zXzQzY2VqVDZldk9oOEZWYlc3dnJxcTZfb3k5c295TEpNc0s3ekwxS3V1eXRCUHc1VElRdGY1cWRONTItbjgzdW04T2kwWmtpRUJBb2hpS0FZeEhDREI1UUlKVU9KVjJvalVhdEZ1a3ZrUUFHUFVCNkxpTjRiU3I0ekloM3FyMTNwMEV5MXVaVnJpWmJCSTV0UmlwRlp6TkdfMUJnQmQwYUY0T3o1eTVFcFNCdkVDeWZVY2JjSWpHXzEyLXA3VTMxY0ItbS15SW15OXYwOGY0NnhJekYxV1ZsOTFfem9kNHRHMDF3ODBibzIzNnRKZEJsVVc4dXBxZ29VYlJ4a3d0RmJQMUtoT0EwMWxadVNpaVFwX2NKQ2xHUmlhUzJtOFlVYTFFZlBUM0JyaXFseXh2VHdpY0tieXU4SmNqYXFzNnZrYldWX1hnMUVpMW1zVzhYdExURml4eUtFdHlzTzJ2azBIUzNGbEptR3kycGprb1d3a2U5dXl1U0NYbGE1cFpGSk1sekJkazVOOVhHU2loMnVQMkNtdU5XMVhuaDhLeThpdXhUd3ZqWDVZYldKMWxNYzFPb1QwUk5yWjVyYm1WekN2d01TZjJiRTBibnA3MjhMODBlVlUxeXJROTI2Y1FXbzNHckpOeFRkeEtYTzU3QVNhWkNpeG1jbjRSakMxZGNYY3NYZUI0QTZjNldqZk5fWmd5OVh6NXVCT1ZsZ2dld0c2aXdfYmJhTGVybEplOTQ4bmtlMHpQVHpJNnpGSVF0d1dhWVFuanNGNEJqZlQ1OE1tdFlLaGNvQkY5RVAzbktWSUNpQ2FKaXhnVVFRRm9VdFluQVVKa3NFOTdHRGdJZHA1MHoyblNNLXhMSllsSU10Q2d1SklsckFkbWlFd0FKYUhIQm9qeTdydnZwdnR2RFIwWC15S0RJZXg5X2FzOC1mWk82QjdfZWpSazZjbkg1eThPUG5uclBQdGcyUEN2MzctY183LWw2LWxIOFhQdm9kZlB6LTVmM0FGbFZrYVh5aUZMTVFDTGx0S3dIZk5YbFpTWG90cm9GX1k0Mmx6a1paU3NBekJTM2dOdjNqNDhNM2pfOW45dncyIiBDb3JyZWxhdGlvbkJpbmRpbmc9Int7Rm9ybVBvc3RQYXJhbTIuY3R4fX0iIFVybEVuY29kZT0iVHJ1ZSIgLz4NCiAgICAgICAgPEZvcm1Qb3N0UGFyYW1ldGVyIE5hbWU9ImZsb3dUb2tlbiIgVmFsdWU9IkFRQUJBQUVBQUFCbmZpRy1tQTZOVGFlN0NkV1c3UWZkY2pUZ3RNTVVpR0MtZzdIU295TG8tSlYtTmcxeWd2MlAzblhEb0RKRFB1dl82SjN6SzJrSHluNDhkMTY0eURGZGVFTWRJYlhlZF9hOWh3ekVqSTBhQ3BkWURYa01ZbkUyTXAxblNSWm1JaHpiazc1SWdYMkl3WWpwMGZUdFFzQkplVlF0MXZSMUtzMUpGQ0pUbGFhb0R0U1ozQURNRXctT2RTS0lUckxTUktIcGRSQWQyc2tEbmt5T1cyMk9YRGNWZHZybHE0emFWSXJwMGZmTVhxd2pmQ05yVzNqZmpMSjd4WWhzdS1yTmNPZmNFMFBaQWtBVHNEcVJrY0hDMVdJUU55SXcxVVZwQzRwWnkzSURYMGl0QkNBQSIgUmVjb3JkZWRWYWx1ZT0iQVFBQkFBRUFBQUJuZmlHLW1BNk5UYWU3Q2RXVzdRZmRjalRndE1NVWlHQy1nN0hTb3lMby1KVi1OZzF5Z3YyUDNuWERvREpEUHV2XzZKM3pLMmtIeW40OGQxNjR5REZkZUVNZEliWGVkX2E5aHd6RWpJMGFDcGRZRFhrTVluRTJNcDFuU1JabUloemJrNzVJZ1gySXdZanAwZlR0UXNCSmVWUXQxdlIxS3MxSkZDSlRsYWFvRHRTWjNBRE1Fdy1PZFNLSVRyTFNSS0hwZFJBZDJza0Rua3lPVzIyT1hEY1ZkdnJscTR6YVZJcnAwZmZNWHF3amZDTnJXM2pmakxKN3hZaHN1LXJOY09mY0UwUFpBa0FUc0RxUmtjSEMxV0lRTnlJdzFVVnBDNHBaeTNJRFgwaXRCQ0FBIiBDb3JyZWxhdGlvbkJpbmRpbmc9Int7Rm9ybVBvc3RQYXJhbTMuZmxvd1Rva2VufX0iIFVybEVuY29kZT0iVHJ1ZSIgLz4NCiAgICAgICAgPEZvcm1Qb3N0UGFyYW1ldGVyIE5hbWU9ImNhbmFyeSIgVmFsdWU9IjFUS25sK1RyUUlsSWZzejRJZnh5dVFUbkdYbHcwWStiRUp5K25zT2hQaTA9MToxIiBSZWNvcmRlZFZhbHVlPSIxVEtubCtUclFJbElmc3o0SWZ4eXVRVG5HWGx3MFkrYkVKeStuc09oUGkwPTE6MSIgQ29ycmVsYXRpb25CaW5kaW5nPSJ7e0Zvcm1Qb3N0UGFyYW00LmNhbmFyeX19IiBVcmxFbmNvZGU9IlRydWUiIC8+DQogICAgICAgIDxGb3JtUG9zdFBhcmFtZXRlciBOYW1lPSJkc3NvVG9rZW4iIFZhbHVlPSJ7eyRISURERU4xLmRzc29Ub2tlbn19IiBSZWNvcmRlZFZhbHVlPSIiIENvcnJlbGF0aW9uQmluZGluZz0iIiBVcmxFbmNvZGU9IlRydWUiIC8+DQogICAgICAgIDxGb3JtUG9zdFBhcmFtZXRlciBOYW1lPSJuMSIgVmFsdWU9IjkyNDM0IiBSZWNvcmRlZFZhbHVlPSI5MjQzNCIgQ29ycmVsYXRpb25CaW5kaW5nPSIiIFVybEVuY29kZT0iVHJ1ZSIgLz4NCiAgICAgICAgPEZvcm1Qb3N0UGFyYW1ldGVyIE5hbWU9Im4yIiBWYWx1ZT0iLTE0OTQ2MDU2MDAwMDAiIFJlY29yZGVkVmFsdWU9Ii0xNDk0NjA1NjAwMDAwIiBDb3JyZWxhdGlvbkJpbmRpbmc9IiIgVXJsRW5jb2RlPSJUcnVlIiAvPg0KICAgICAgICA8Rm9ybVBvc3RQYXJhbWV0ZXIgTmFtZT0ibjMiIFZhbHVlPSItMTQ5NDYwNTYwMDAwMCIgUmVjb3JkZWRWYWx1ZT0iLTE0OTQ2MDU2MDAwMDAiIENvcnJlbGF0aW9uQmluZGluZz0iIiBVcmxFbmNvZGU9IlRydWUiIC8+DQogICAgICAgIDxGb3JtUG9zdFBhcmFtZXRlciBOYW1lPSJuNCIgVmFsdWU9IjkyNDM4IiBSZWNvcmRlZFZhbHVlPSI5MjQzOCIgQ29ycmVsYXRpb25CaW5kaW5nPSIiIFVybEVuY29kZT0iVHJ1ZSIgLz4NCiAgICAgICAgPEZvcm1Qb3N0UGFyYW1ldGVyIE5hbWU9Im41IiBWYWx1ZT0iOTI0MzgiIFJlY29yZGVkVmFsdWU9IjkyNDM4IiBDb3JyZWxhdGlvbkJpbmRpbmc9IiIgVXJsRW5jb2RlPSJUcnVlIiAvPg0KICAgICAgICA8Rm9ybVBvc3RQYXJhbWV0ZXIgTmFtZT0ibjYiIFZhbHVlPSI5MjQzOCIgUmVjb3JkZWRWYWx1ZT0iOTI0MzgiIENvcnJlbGF0aW9uQmluZGluZz0iIiBVcmxFbmNvZGU9IlRydWUiIC8+DQogICAgICAgIDxGb3JtUG9zdFBhcmFtZXRlciBOYW1lPSJuNyIgVmFsdWU9IjkyNDM4IiBSZWNvcmRlZFZhbHVlPSI5MjQzOCIgQ29ycmVsYXRpb25CaW5kaW5nPSIiIFVybEVuY29kZT0iVHJ1ZSIgLz4NCiAgICAgICAgPEZvcm1Qb3N0UGFyYW1ldGVyIE5hbWU9Im44IiBWYWx1ZT0iTmFOIiBSZWNvcmRlZFZhbHVlPSJOYU4iIENvcnJlbGF0aW9uQmluZGluZz0iIiBVcmxFbmNvZGU9IlRydWUiIC8+DQogICAgICAgIDxGb3JtUG9zdFBhcmFtZXRlciBOYW1lPSJuOSIgVmFsdWU9IjkyNDM4IiBSZWNvcmRlZFZhbHVlPSI5MjQzOCIgQ29ycmVsYXRpb25CaW5kaW5nPSIiIFVybEVuY29kZT0iVHJ1ZSIgLz4NCiAgICAgICAgPEZvcm1Qb3N0UGFyYW1ldGVyIE5hbWU9Im4xMCIgVmFsdWU9IjkyNzM5IiBSZWNvcmRlZFZhbHVlPSI5MjczOSIgQ29ycmVsYXRpb25CaW5kaW5nPSIiIFVybEVuY29kZT0iVHJ1ZSIgLz4NCiAgICAgICAgPEZvcm1Qb3N0UGFyYW1ldGVyIE5hbWU9Im4xMSIgVmFsdWU9IjkyNzQwIiBSZWNvcmRlZFZhbHVlPSI5Mjc0MCIgQ29ycmVsYXRpb25CaW5kaW5nPSIiIFVybEVuY29kZT0iVHJ1ZSIgLz4NCiAgICAgICAgPEZvcm1Qb3N0UGFyYW1ldGVyIE5hbWU9Im4xMiIgVmFsdWU9IjkyNzQ1IiBSZWNvcmRlZFZhbHVlPSI5Mjc0NSIgQ29ycmVsYXRpb25CaW5kaW5nPSIiIFVybEVuY29kZT0iVHJ1ZSIgLz4NCiAgICAgICAgPEZvcm1Qb3N0UGFyYW1ldGVyIE5hbWU9Im4xMyIgVmFsdWU9IjkyNzQwIiBSZWNvcmRlZFZhbHVlPSI5Mjc0MCIgQ29ycmVsYXRpb25CaW5kaW5nPSIiIFVybEVuY29kZT0iVHJ1ZSIgLz4NCiAgICAgICAgPEZvcm1Qb3N0UGFyYW1ldGVyIE5hbWU9Im4xNCIgVmFsdWU9IjkyODg0IiBSZWNvcmRlZFZhbHVlPSI5Mjg4NCIgQ29ycmVsYXRpb25CaW5kaW5nPSIiIFVybEVuY29kZT0iVHJ1ZSIgLz4NCiAgICAgICAgPEZvcm1Qb3N0UGFyYW1ldGVyIE5hbWU9Im4xNSIgVmFsdWU9IjEwNiIgUmVjb3JkZWRWYWx1ZT0iMTA2IiBDb3JyZWxhdGlvbkJpbmRpbmc9IiIgVXJsRW5jb2RlPSJUcnVlIiAvPg0KICAgICAgICA8Rm9ybVBvc3RQYXJhbWV0ZXIgTmFtZT0ibjE2IiBWYWx1ZT0iOTI5OTIiIFJlY29yZGVkVmFsdWU9IjkyOTkyIiBDb3JyZWxhdGlvbkJpbmRpbmc9IiIgVXJsRW5jb2RlPSJUcnVlIiAvPg0KICAgICAgICA8Rm9ybVBvc3RQYXJhbWV0ZXIgTmFtZT0ibjE3IiBWYWx1ZT0iOTI5OTMiIFJlY29yZGVkVmFsdWU9IjkyOTkzIiBDb3JyZWxhdGlvbkJpbmRpbmc9IiIgVXJsRW5jb2RlPSJUcnVlIiAvPg0KICAgICAgICA8Rm9ybVBvc3RQYXJhbWV0ZXIgTmFtZT0ibjE4IiBWYWx1ZT0iOTMwMDQiIFJlY29yZGVkVmFsdWU9IjkzMDA0IiBDb3JyZWxhdGlvbkJpbmRpbmc9IiIgVXJsRW5jb2RlPSJUcnVlIiAvPg0KICAgICAgICA8Rm9ybVBvc3RQYXJhbWV0ZXIgTmFtZT0ibjE5IiBWYWx1ZT0iMTcwLjAxMjIwNTI1MDA1MTkyIiBSZWNvcmRlZFZhbHVlPSIxNzAuMDEyMjA1MjUwMDUxOTIiIENvcnJlbGF0aW9uQmluZGluZz0iIiBVcmxFbmNvZGU9IlRydWUiIC8+DQogICAgICAgIDxGb3JtUG9zdFBhcmFtZXRlciBOYW1lPSJuMjAiIFZhbHVlPSIxIiBSZWNvcmRlZFZhbHVlPSIxIiBDb3JyZWxhdGlvbkJpbmRpbmc9IiIgVXJsRW5jb2RlPSJUcnVlIiAvPg0KICAgICAgICA8Rm9ybVBvc3RQYXJhbWV0ZXIgTmFtZT0ibjIxIiBWYWx1ZT0iMCIgUmVjb3JkZWRWYWx1ZT0iMCIgQ29ycmVsYXRpb25CaW5kaW5nPSJ7e0Zvcm1Qb3N0UGFyYW01Lm4yMX19IiBVcmxFbmNvZGU9IlRydWUiIC8+DQogICAgICAgIDxGb3JtUG9zdFBhcmFtZXRlciBOYW1lPSJuMjIiIFZhbHVlPSIwIiBSZWNvcmRlZFZhbHVlPSIwIiBDb3JyZWxhdGlvbkJpbmRpbmc9Int7Rm9ybVBvc3RQYXJhbTYubjIyfX0iIFVybEVuY29kZT0iVHJ1ZSIgLz4NCiAgICAgICAgPEZvcm1Qb3N0UGFyYW1ldGVyIE5hbWU9Im4yMyIgVmFsdWU9IjEiIFJlY29yZGVkVmFsdWU9IjEiIENvcnJlbGF0aW9uQmluZGluZz0iIiBVcmxFbmNvZGU9IlRydWUiIC8+DQogICAgICAgIDxGb3JtUG9zdFBhcmFtZXRlciBOYW1lPSJuMjQiIFZhbHVlPSI1Ni45OTk4ODYyNDM5OTAzMiIgUmVjb3JkZWRWYWx1ZT0iNTYuOTk5ODg2MjQzOTkwMzIiIENvcnJlbGF0aW9uQmluZGluZz0iIiBVcmxFbmNvZGU9IlRydWUiIC8+DQogICAgICAgIDxGb3JtUG9zdFBhcmFtZXRlciBOYW1lPSJuMjUiIFZhbHVlPSIxIiBSZWNvcmRlZFZhbHVlPSIxIiBDb3JyZWxhdGlvbkJpbmRpbmc9IiIgVXJsRW5jb2RlPSJUcnVlIiAvPg0KICAgICAgICA8Rm9ybVBvc3RQYXJhbWV0ZXIgTmFtZT0ibjI2IiBWYWx1ZT0iMCIgUmVjb3JkZWRWYWx1ZT0iMCIgQ29ycmVsYXRpb25CaW5kaW5nPSJ7e0Zvcm1Qb3N0UGFyYW03Lm4yNn19IiBVcmxFbmNvZGU9IlRydWUiIC8+DQogICAgICAgIDxGb3JtUG9zdFBhcmFtZXRlciBOYW1lPSJuMjciIFZhbHVlPSIwIiBSZWNvcmRlZFZhbHVlPSIwIiBDb3JyZWxhdGlvbkJpbmRpbmc9Int7Rm9ybVBvc3RQYXJhbTgubjI3fX0iIFVybEVuY29kZT0iVHJ1ZSIgLz4NCiAgICAgICAgPEZvcm1Qb3N0UGFyYW1ldGVyIE5hbWU9Im4yOCIgVmFsdWU9IjAiIFJlY29yZGVkVmFsdWU9IjAiIENvcnJlbGF0aW9uQmluZGluZz0ie3tGb3JtUG9zdFBhcmFtOS5uMjh9fSIgVXJsRW5jb2RlPSJUcnVlIiAvPg0KICAgICAgICA8Rm9ybVBvc3RQYXJhbWV0ZXIgTmFtZT0ibjI5IiBWYWx1ZT0iLTE0OTQ2MDU2OTI4NTMiIFJlY29yZGVkVmFsdWU9Ii0xNDk0NjA1NjkyODUzIiBDb3JyZWxhdGlvbkJpbmRpbmc9IiIgVXJsRW5jb2RlPSJUcnVlIiAvPg0KICAgICAgICA8Rm9ybVBvc3RQYXJhbWV0ZXIgTmFtZT0ibjMwIiBWYWx1ZT0iLTE0OTQ2MDU2OTI4NTMiIFJlY29yZGVkVmFsdWU9Ii0xNDk0NjA1NjkyODUzIiBDb3JyZWxhdGlvbkJpbmRpbmc9IiIgVXJsRW5jb2RlPSJUcnVlIiAvPg0KICAgICAgICA8Rm9ybVBvc3RQYXJhbWV0ZXIgTmFtZT0ibjMxIiBWYWx1ZT0iMCIgUmVjb3JkZWRWYWx1ZT0iMCIgQ29ycmVsYXRpb25CaW5kaW5nPSJ7e0Zvcm1Qb3N0UGFyYW0xMC5uMzF9fSIgVXJsRW5jb2RlPSJUcnVlIiAvPg0KICAgICAgICA8Rm9ybVBvc3RQYXJhbWV0ZXIgTmFtZT0ibjMyIiBWYWx1ZT0iMCIgUmVjb3JkZWRWYWx1ZT0iMCIgQ29ycmVsYXRpb25CaW5kaW5nPSJ7e0Zvcm1Qb3N0UGFyYW0xMS5uMzJ9fSIgVXJsRW5jb2RlPSJUcnVlIiAvPg0KICAgICAgICA8Rm9ybVBvc3RQYXJhbWV0ZXIgTmFtZT0ibjMzIiBWYWx1ZT0iMCIgUmVjb3JkZWRWYWx1ZT0iMCIgQ29ycmVsYXRpb25CaW5kaW5nPSJ7e0Zvcm1Qb3N0UGFyYW0xMi5uMzN9fSIgVXJsRW5jb2RlPSJUcnVlIiAvPg0KICAgICAgICA8Rm9ybVBvc3RQYXJhbWV0ZXIgTmFtZT0ibjM0IiBWYWx1ZT0iMCIgUmVjb3JkZWRWYWx1ZT0iMCIgQ29ycmVsYXRpb25CaW5kaW5nPSJ7e0Zvcm1Qb3N0UGFyYW0xMy5uMzR9fSIgVXJsRW5jb2RlPSJUcnVlIiAvPg0KICAgICAgICA8Rm9ybVBvc3RQYXJhbWV0ZXIgTmFtZT0ibjM1IiBWYWx1ZT0iMCIgUmVjb3JkZWRWYWx1ZT0iMCIgQ29ycmVsYXRpb25CaW5kaW5nPSJ7e0Zvcm1Qb3N0UGFyYW0xNC5uMzV9fSIgVXJsRW5jb2RlPSJUcnVlIiAvPg0KICAgICAgICA8Rm9ybVBvc3RQYXJhbWV0ZXIgTmFtZT0ibjM2IiBWYWx1ZT0iMCIgUmVjb3JkZWRWYWx1ZT0iMCIgQ29ycmVsYXRpb25CaW5kaW5nPSJ7e0Zvcm1Qb3N0UGFyYW0xNS5uMzZ9fSIgVXJsRW5jb2RlPSJUcnVlIiAvPg0KICAgICAgICA8Rm9ybVBvc3RQYXJhbWV0ZXIgTmFtZT0ibjM3IiBWYWx1ZT0iMCIgUmVjb3JkZWRWYWx1ZT0iMCIgQ29ycmVsYXRpb25CaW5kaW5nPSJ7e0Zvcm1Qb3N0UGFyYW0xNi5uMzd9fSIgVXJsRW5jb2RlPSJUcnVlIiAvPg0KICAgICAgICA8Rm9ybVBvc3RQYXJhbWV0ZXIgTmFtZT0ibjM4IiBWYWx1ZT0iMCIgUmVjb3JkZWRWYWx1ZT0iMCIgQ29ycmVsYXRpb25CaW5kaW5nPSJ7e0Zvcm1Qb3N0UGFyYW0xNy5uMzh9fSIgVXJsRW5jb2RlPSJUcnVlIiAvPg0KICAgICAgICA8Rm9ybVBvc3RQYXJhbWV0ZXIgTmFtZT0ibjM5IiBWYWx1ZT0iMCIgUmVjb3JkZWRWYWx1ZT0iMCIgQ29ycmVsYXRpb25CaW5kaW5nPSJ7e0Zvcm1Qb3N0UGFyYW0xOC5uMzl9fSIgVXJsRW5jb2RlPSJUcnVlIiAvPg0KICAgICAgICA8Rm9ybVBvc3RQYXJhbWV0ZXIgTmFtZT0ibjQwIiBWYWx1ZT0iMCIgUmVjb3JkZWRWYWx1ZT0iMCIgQ29ycmVsYXRpb25CaW5kaW5nPSJ7e0Zvcm1Qb3N0UGFyYW0xOS5uNDB9fSIgVXJsRW5jb2RlPSJUcnVlIiAvPg0KICAgICAgICA8Rm9ybVBvc3RQYXJhbWV0ZXIgTmFtZT0ibjQxIiBWYWx1ZT0iNTcyLjk0OTI0ODU2ODg1NTMiIFJlY29yZGVkVmFsdWU9IjU3Mi45NDkyNDg1Njg4NTUzIiBDb3JyZWxhdGlvbkJpbmRpbmc9IiIgVXJsRW5jb2RlPSJUcnVlIiAvPg0KICAgICAgICA8Rm9ybVBvc3RQYXJhbWV0ZXIgTmFtZT0ibjQyIiBWYWx1ZT0iNTA0LjM0MTExNzQ5NDU2MjM1IiBSZWNvcmRlZFZhbHVlPSI1MDQuMzQxMTE3NDk0NTYyMzUiIENvcnJlbGF0aW9uQmluZGluZz0iIiBVcmxFbmNvZGU9IlRydWUiIC8+DQogICAgICAgIDxGb3JtUG9zdFBhcmFtZXRlciBOYW1lPSJuNDMiIFZhbHVlPSI1NjkuODU1MTcwNjM4MjkwOSIgUmVjb3JkZWRWYWx1ZT0iNTY5Ljg1NTE3MDYzODI5MDkiIENvcnJlbGF0aW9uQmluZGluZz0iIiBVcmxFbmNvZGU9IlRydWUiIC8+DQogICAgICAgIDxGb3JtUG9zdFBhcmFtZXRlciBOYW1lPSJ0eXBlIiBWYWx1ZT0iMTEiIFJlY29yZGVkVmFsdWU9IjExIiBDb3JyZWxhdGlvbkJpbmRpbmc9IiIgVXJsRW5jb2RlPSJUcnVlIiAvPg0KICAgICAgICA8Rm9ybVBvc3RQYXJhbWV0ZXIgTmFtZT0iTG9naW5PcHRpb25zIiBWYWx1ZT0iMyIgUmVjb3JkZWRWYWx1ZT0iMyIgQ29ycmVsYXRpb25CaW5kaW5nPSIiIFVybEVuY29kZT0iVHJ1ZSIgLz4NCiAgICAgICAgPEZvcm1Qb3N0UGFyYW1ldGVyIE5hbWU9Ik5ld1VzZXIiIFZhbHVlPSIxIiBSZWNvcmRlZFZhbHVlPSIxIiBDb3JyZWxhdGlvbkJpbmRpbmc9IiIgVXJsRW5jb2RlPSJUcnVlIiAvPg0KICAgICAgICA8Rm9ybVBvc3RQYXJhbWV0ZXIgTmFtZT0iaWRzYmhvIiBWYWx1ZT0iMSIgUmVjb3JkZWRWYWx1ZT0iMSIgQ29ycmVsYXRpb25CaW5kaW5nPSIiIFVybEVuY29kZT0iVHJ1ZSIgLz4NCiAgICAgICAgPEZvcm1Qb3N0UGFyYW1ldGVyIE5hbWU9IlB3ZFBhZCIgVmFsdWU9IiIgUmVjb3JkZWRWYWx1ZT0iIiBDb3JyZWxhdGlvbkJpbmRpbmc9IiIgVXJsRW5jb2RlPSJUcnVlIiAvPg0KICAgICAgICA8Rm9ybVBvc3RQYXJhbWV0ZXIgTmFtZT0ic3NvIiBWYWx1ZT0iIiBSZWNvcmRlZFZhbHVlPSIiIENvcnJlbGF0aW9uQmluZGluZz0iIiBVcmxFbmNvZGU9IlRydWUiIC8+DQogICAgICAgIDxGb3JtUG9zdFBhcmFtZXRlciBOYW1lPSJ2diIgVmFsdWU9IiIgUmVjb3JkZWRWYWx1ZT0iIiBDb3JyZWxhdGlvbkJpbmRpbmc9IiIgVXJsRW5jb2RlPSJUcnVlIiAvPg0KICAgICAgICA8Rm9ybVBvc3RQYXJhbWV0ZXIgTmFtZT0idWl2ZXIiIFZhbHVlPSIxIiBSZWNvcmRlZFZhbHVlPSIxIiBDb3JyZWxhdGlvbkJpbmRpbmc9IiIgVXJsRW5jb2RlPSJUcnVlIiAvPg0KICAgICAgICA8Rm9ybVBvc3RQYXJhbWV0ZXIgTmFtZT0iaTEyIiBWYWx1ZT0iMSIgUmVjb3JkZWRWYWx1ZT0iMSIgQ29ycmVsYXRpb25CaW5kaW5nPSIiIFVybEVuY29kZT0iVHJ1ZSIgLz4NCiAgICAgICAgPEZvcm1Qb3N0UGFyYW1ldGVyIE5hbWU9ImkxMyIgVmFsdWU9IkZpcmVmb3giIFJlY29yZGVkVmFsdWU9IkZpcmVmb3giIENvcnJlbGF0aW9uQmluZGluZz0iIiBVcmxFbmNvZGU9IlRydWUiIC8+DQogICAgICAgIDxGb3JtUG9zdFBhcmFtZXRlciBOYW1lPSJpMTQiIFZhbHVlPSIxMS4wIiBSZWNvcmRlZFZhbHVlPSIxMS4wIiBDb3JyZWxhdGlvbkJpbmRpbmc9Int7Rm9ybVBvc3RQYXJhbTIwLmkxNH19IiBVcmxFbmNvZGU9IlRydWUiIC8+DQogICAgICAgIDxGb3JtUG9zdFBhcmFtZXRlciBOYW1lPSJpMTUiIFZhbHVlPSIxNDcyIiBSZWNvcmRlZFZhbHVlPSIxNDcyIiBDb3JyZWxhdGlvbkJpbmRpbmc9IiIgVXJsRW5jb2RlPSJUcnVlIiAvPg0KICAgICAgICA8Rm9ybVBvc3RQYXJhbWV0ZXIgTmFtZT0iaTE2IiBWYWx1ZT0iOTQ5IiBSZWNvcmRlZFZhbHVlPSI5NDkiIENvcnJlbGF0aW9uQmluZGluZz0iIiBVcmxFbmNvZGU9IlRydWUiIC8+DQogICAgICAgIDxGb3JtUG9zdFBhcmFtZXRlciBOYW1lPSJpMjAiIFZhbHVlPSIiIFJlY29yZGVkVmFsdWU9IiIgQ29ycmVsYXRpb25CaW5kaW5nPSIiIFVybEVuY29kZT0iVHJ1ZSIgLz4NCiAgICAgIDwvRm9ybVBvc3RIdHRwQm9keT4NCiAgICA8L1JlcXVlc3Q+DQogICAgPFJlcXVlc3QgTWV0aG9kPSJHRVQiIEd1aWQ9ImIzNDY5MGY4LTJjMmEtNDgxOC05MGI5LTU2ZGExNmUxYjQ4ZiIgVmVyc2lvbj0iMS4xIiBVcmw9Imh0dHA6Ly9hcGkuYmluZy5jb20vcXNtbC5hc3B4IiBUaGlua1RpbWU9IjAiIFRpbWVvdXQ9IjMwMCIgUGFyc2VEZXBlbmRlbnRSZXF1ZXN0cz0iVHJ1ZSIgRm9sbG93UmVkaXJlY3RzPSJUcnVlIiBSZWNvcmRSZXN1bHQ9IlRydWUiIENhY2hlPSJGYWxzZSIgUmVzcG9uc2VUaW1lR29hbD0iMCIgRW5jb2Rpbmc9InV0Zi04IiBFeHBlY3RlZEh0dHBTdGF0dXNDb2RlPSIwIiBFeHBlY3RlZFJlc3BvbnNlVXJsPSIiIFJlcG9ydGluZ05hbWU9IiIgSWdub3JlSHR0cFN0YXR1c0NvZGU9IkZhbHNlIj4NCiAgICAgIDxRdWVyeVN0cmluZ1BhcmFtZXRlcnM+DQogICAgICAgIDxRdWVyeVN0cmluZ1BhcmFtZXRlciBOYW1lPSJxdWVyeSIgVmFsdWU9ImxlIiBSZWNvcmRlZFZhbHVlPSJsZSIgQ29ycmVsYXRpb25CaW5kaW5nPSIiIFVybEVuY29kZT0iRmFsc2UiIFVzZVRvR3JvdXBSZXN1bHRzPSJGYWxzZSIgLz4NCiAgICAgICAgPFF1ZXJ5U3RyaW5nUGFyYW1ldGVyIE5hbWU9InNyYyIgVmFsdWU9IklFLUFkZHJlc3MiIFJlY29yZGVkVmFsdWU9IklFLUFkZHJlc3MiIENvcnJlbGF0aW9uQmluZGluZz0iIiBVcmxFbmNvZGU9IkZhbHNlIiBVc2VUb0dyb3VwUmVzdWx0cz0iRmFsc2UiIC8+DQogICAgICAgIDxRdWVyeVN0cmluZ1BhcmFtZXRlciBOYW1lPSJtYXh3aWR0aCIgVmFsdWU9IjMyNzY1IiBSZWNvcmRlZFZhbHVlPSIzMjc2NSIgQ29ycmVsYXRpb25CaW5kaW5nPSIiIFVybEVuY29kZT0iRmFsc2UiIFVzZVRvR3JvdXBSZXN1bHRzPSJGYWxzZSIgLz4NCiAgICAgICAgPFF1ZXJ5U3RyaW5nUGFyYW1ldGVyIE5hbWU9InJvd2hlaWdodCIgVmFsdWU9IjIwIiBSZWNvcmRlZFZhbHVlPSIyMCIgQ29ycmVsYXRpb25CaW5kaW5nPSIiIFVybEVuY29kZT0iRmFsc2UiIFVzZVRvR3JvdXBSZXN1bHRzPSJGYWxzZSIgLz4NCiAgICAgICAgPFF1ZXJ5U3RyaW5nUGFyYW1ldGVyIE5hbWU9InNlY3Rpb25IZWlnaHQiIFZhbHVlPSIxNjAiIFJlY29yZGVkVmFsdWU9IjE2MCIgQ29ycmVsYXRpb25CaW5kaW5nPSIiIFVybEVuY29kZT0iRmFsc2UiIFVzZVRvR3JvdXBSZXN1bHRzPSJGYWxzZSIgLz4NCiAgICAgICAgPFF1ZXJ5U3RyaW5nUGFyYW1ldGVyIE5hbWU9IkZPUk0iIFZhbHVlPSJJRThTU0MiIFJlY29yZGVkVmFsdWU9IklFOFNTQyIgQ29ycmVsYXRpb25CaW5kaW5nPSIiIFVybEVuY29kZT0iRmFsc2UiIFVzZVRvR3JvdXBSZXN1bHRzPSJGYWxzZSIgLz4NCiAgICAgICAgPFF1ZXJ5U3RyaW5nUGFyYW1ldGVyIE5hbWU9Im1hcmtldCIgVmFsdWU9ImVuLVVTIiBSZWNvcmRlZFZhbHVlPSJlbi1VUyIgQ29ycmVsYXRpb25CaW5kaW5nPSIiIFVybEVuY29kZT0iRmFsc2UiIFVzZVRvR3JvdXBSZXN1bHRzPSJGYWxzZSIgLz4NCiAgICAgIDwvUXVlcnlTdHJpbmdQYXJhbWV0ZXJzPg0KICAgIDwvUmVxdWVzdD4NCiAgICA8UmVxdWVzdCBNZXRob2Q9IkdFVCIgR3VpZD0iYzExYTRmNzgtZDRlZS00NmRiLThjNWMtNTMzNDQxYjg2MTkxIiBWZXJzaW9uPSIxLjEiIFVybD0iaHR0cDovL2FwaS5iaW5nLmNvbS9xc21sLmFzcHgiIFRoaW5rVGltZT0iMCIgVGltZW91dD0iMzAwIiBQYXJzZURlcGVuZGVudFJlcXVlc3RzPSJUcnVlIiBGb2xsb3dSZWRpcmVjdHM9IlRydWUiIFJlY29yZFJlc3VsdD0iVHJ1ZSIgQ2FjaGU9IkZhbHNlIiBSZXNwb25zZVRpbWVHb2FsPSIwIiBFbmNvZGluZz0idXRmLTgiIEV4cGVjdGVkSHR0cFN0YXR1c0NvZGU9IjAiIEV4cGVjdGVkUmVzcG9uc2VVcmw9IiIgUmVwb3J0aW5nTmFtZT0iIiBJZ25vcmVIdHRwU3RhdHVzQ29kZT0iRmFsc2UiPg0KICAgICAgPFF1ZXJ5U3RyaW5nUGFyYW1ldGVycz4NCiAgICAgICAgPFF1ZXJ5U3RyaW5nUGFyYW1ldGVyIE5hbWU9InF1ZXJ5IiBWYWx1ZT0ibGVzIiBSZWNvcmRlZFZhbHVlPSJsZXMiIENvcnJlbGF0aW9uQmluZGluZz0iIiBVcmxFbmNvZGU9IkZhbHNlIiBVc2VUb0dyb3VwUmVzdWx0cz0iRmFsc2UiIC8+DQogICAgICAgIDxRdWVyeVN0cmluZ1BhcmFtZXRlciBOYW1lPSJzcmMiIFZhbHVlPSJJRS1BZGRyZXNzIiBSZWNvcmRlZFZhbHVlPSJJRS1BZGRyZXNzIiBDb3JyZWxhdGlvbkJpbmRpbmc9IiIgVXJsRW5jb2RlPSJGYWxzZSIgVXNlVG9Hcm91cFJlc3VsdHM9IkZhbHNlIiAvPg0KICAgICAgICA8UXVlcnlTdHJpbmdQYXJhbWV0ZXIgTmFtZT0ibWF4d2lkdGgiIFZhbHVlPSIzMjc2NSIgUmVjb3JkZWRWYWx1ZT0iMzI3NjUiIENvcnJlbGF0aW9uQmluZGluZz0iIiBVcmxFbmNvZGU9IkZhbHNlIiBVc2VUb0dyb3VwUmVzdWx0cz0iRmFsc2UiIC8+DQogICAgICAgIDxRdWVyeVN0cmluZ1BhcmFtZXRlciBOYW1lPSJyb3doZWlnaHQiIFZhbHVlPSIyMCIgUmVjb3JkZWRWYWx1ZT0iMjAiIENvcnJlbGF0aW9uQmluZGluZz0iIiBVcmxFbmNvZGU9IkZhbHNlIiBVc2VUb0dyb3VwUmVzdWx0cz0iRmFsc2UiIC8+DQogICAgICAgIDxRdWVyeVN0cmluZ1BhcmFtZXRlciBOYW1lPSJzZWN0aW9uSGVpZ2h0IiBWYWx1ZT0iMTYwIiBSZWNvcmRlZFZhbHVlPSIxNjAiIENvcnJlbGF0aW9uQmluZGluZz0iIiBVcmxFbmNvZGU9IkZhbHNlIiBVc2VUb0dyb3VwUmVzdWx0cz0iRmFsc2UiIC8+DQogICAgICAgIDxRdWVyeVN0cmluZ1BhcmFtZXRlciBOYW1lPSJGT1JNIiBWYWx1ZT0iSUU4U1NDIiBSZWNvcmRlZFZhbHVlPSJJRThTU0MiIENvcnJlbGF0aW9uQmluZGluZz0iIiBVcmxFbmNvZGU9IkZhbHNlIiBVc2VUb0dyb3VwUmVzdWx0cz0iRmFsc2UiIC8+DQogICAgICAgIDxRdWVyeVN0cmluZ1BhcmFtZXRlciBOYW1lPSJtYXJrZXQiIFZhbHVlPSJlbi1VUyIgUmVjb3JkZWRWYWx1ZT0iZW4tVVMiIENvcnJlbGF0aW9uQmluZGluZz0iIiBVcmxFbmNvZGU9IkZhbHNlIiBVc2VUb0dyb3VwUmVzdWx0cz0iRmFsc2UiIC8+DQogICAgICA8L1F1ZXJ5U3RyaW5nUGFyYW1ldGVycz4NCiAgICA8L1JlcXVlc3Q+DQogICAgPFJlcXVlc3QgTWV0aG9kPSJHRVQiIEd1aWQ9ImY5MWNkZWVkLTYwMTctNGRjOC04Y2RlLTA1YTJkZjI5ZmRlMiIgVmVyc2lvbj0iMS4xIiBVcmw9Imh0dHA6Ly9hcGkuYmluZy5jb20vcXNtbC5hc3B4IiBUaGlua1RpbWU9IjEiIFRpbWVvdXQ9IjMwMCIgUGFyc2VEZXBlbmRlbnRSZXF1ZXN0cz0iVHJ1ZSIgRm9sbG93UmVkaXJlY3RzPSJUcnVlIiBSZWNvcmRSZXN1bHQ9IlRydWUiIENhY2hlPSJGYWxzZSIgUmVzcG9uc2VUaW1lR29hbD0iMCIgRW5jb2Rpbmc9InV0Zi04IiBFeHBlY3RlZEh0dHBTdGF0dXNDb2RlPSIwIiBFeHBlY3RlZFJlc3BvbnNlVXJsPSIiIFJlcG9ydGluZ05hbWU9IiIgSWdub3JlSHR0cFN0YXR1c0NvZGU9IkZhbHNlIj4NCiAgICAgIDxRdWVyeVN0cmluZ1BhcmFtZXRlcnM+DQogICAgICAgIDxRdWVyeVN0cmluZ1BhcmFtZXRlciBOYW1lPSJxdWVyeSIgVmFsdWU9Imxlc3MiIFJlY29yZGVkVmFsdWU9Imxlc3MiIENvcnJlbGF0aW9uQmluZGluZz0iIiBVcmxFbmNvZGU9IkZhbHNlIiBVc2VUb0dyb3VwUmVzdWx0cz0iRmFsc2UiIC8+DQogICAgICAgIDxRdWVyeVN0cmluZ1BhcmFtZXRlciBOYW1lPSJzcmMiIFZhbHVlPSJJRS1BZGRyZXNzIiBSZWNvcmRlZFZhbHVlPSJJRS1BZGRyZXNzIiBDb3JyZWxhdGlvbkJpbmRpbmc9IiIgVXJsRW5jb2RlPSJGYWxzZSIgVXNlVG9Hcm91cFJlc3VsdHM9IkZhbHNlIiAvPg0KICAgICAgICA8UXVlcnlTdHJpbmdQYXJhbWV0ZXIgTmFtZT0ibWF4d2lkdGgiIFZhbHVlPSIzMjc2NSIgUmVjb3JkZWRWYWx1ZT0iMzI3NjUiIENvcnJlbGF0aW9uQmluZGluZz0iIiBVcmxFbmNvZGU9IkZhbHNlIiBVc2VUb0dyb3VwUmVzdWx0cz0iRmFsc2UiIC8+DQogICAgICAgIDxRdWVyeVN0cmluZ1BhcmFtZXRlciBOYW1lPSJyb3doZWlnaHQiIFZhbHVlPSIyMCIgUmVjb3JkZWRWYWx1ZT0iMjAiIENvcnJlbGF0aW9uQmluZGluZz0iIiBVcmxFbmNvZGU9IkZhbHNlIiBVc2VUb0dyb3VwUmVzdWx0cz0iRmFsc2UiIC8+DQogICAgICAgIDxRdWVyeVN0cmluZ1BhcmFtZXRlciBOYW1lPSJzZWN0aW9uSGVpZ2h0IiBWYWx1ZT0iMTYwIiBSZWNvcmRlZFZhbHVlPSIxNjAiIENvcnJlbGF0aW9uQmluZGluZz0iIiBVcmxFbmNvZGU9IkZhbHNlIiBVc2VUb0dyb3VwUmVzdWx0cz0iRmFsc2UiIC8+DQogICAgICAgIDxRdWVyeVN0cmluZ1BhcmFtZXRlciBOYW1lPSJGT1JNIiBWYWx1ZT0iSUU4U1NDIiBSZWNvcmRlZFZhbHVlPSJJRThTU0MiIENvcnJlbGF0aW9uQmluZGluZz0iIiBVcmxFbmNvZGU9IkZhbHNlIiBVc2VUb0dyb3VwUmVzdWx0cz0iRmFsc2UiIC8+DQogICAgICAgIDxRdWVyeVN0cmluZ1BhcmFtZXRlciBOYW1lPSJtYXJrZXQiIFZhbHVlPSJlbi1VUyIgUmVjb3JkZWRWYWx1ZT0iZW4tVVMiIENvcnJlbGF0aW9uQmluZGluZz0iIiBVcmxFbmNvZGU9IkZhbHNlIiBVc2VUb0dyb3VwUmVzdWx0cz0iRmFsc2UiIC8+DQogICAgICA8L1F1ZXJ5U3RyaW5nUGFyYW1ldGVycz4NCiAgICA8L1JlcXVlc3Q+DQogICAgPFJlcXVlc3QgTWV0aG9kPSJHRVQiIEd1aWQ9IjQwNDg4MzNkLWU3NDMtNDRjMy04Y2E1LTcyMGUwYzIzMjg2ZiIgVmVyc2lvbj0iMS4xIiBVcmw9Imh0dHA6Ly93d3cubGVzc2lzbW9vcmUubmV0LyIgVGhpbmtUaW1lPSIwIiBUaW1lb3V0PSIzMDAiIFBhcnNlRGVwZW5kZW50UmVxdWVzdHM9IlRydWUiIEZvbGxvd1JlZGlyZWN0cz0iVHJ1ZSIgUmVjb3JkUmVzdWx0PSJUcnVlIiBDYWNoZT0iRmFsc2UiIFJlc3BvbnNlVGltZUdvYWw9IjAiIEVuY29kaW5nPSJ1dGYtOCIgRXhwZWN0ZWRIdHRwU3RhdHVzQ29kZT0iMCIgRXhwZWN0ZWRSZXNwb25zZVVybD0iIiBSZXBvcnRpbmdOYW1lPSIiIElnbm9yZUh0dHBTdGF0dXNDb2RlPSJGYWxzZSI+DQogICAgICA8RGVwZW5kZW50UmVxdWVzdHM+DQogICAgICAgIDxSZXF1ZXN0IE1ldGhvZD0iR0VUIiBHdWlkPSIyMzk3MmZmMS03OWEyLTQxNWEtODllMS1lOTE1YjhmODkwZjYiIFZlcnNpb249IjEuMSIgVXJsPSJodHRwOi8vd3d3Lmxlc3Npc21vb3JlLm5ldC9hc3NldHMvZm9udHMvZm9udGF3ZXNvbWUtd2ViZm9udC5lb3QiIFRoaW5rVGltZT0iMCIgVGltZW91dD0iMzAwIiBQYXJzZURlcGVuZGVudFJlcXVlc3RzPSJUcnVlIiBGb2xsb3dSZWRpcmVjdHM9IlRydWUiIFJlY29yZFJlc3VsdD0iVHJ1ZSIgQ2FjaGU9IkZhbHNlIiBSZXNwb25zZVRpbWVHb2FsPSIwIiBFbmNvZGluZz0idXRmLTgiIEV4cGVjdGVkSHR0cFN0YXR1c0NvZGU9IjAiIEV4cGVjdGVkUmVzcG9uc2VVcmw9IiIgUmVwb3J0aW5nTmFtZT0iIiBJZ25vcmVIdHRwU3RhdHVzQ29kZT0iRmFsc2UiPg0KICAgICAgICAgIDxIZWFkZXJzPg0KICAgICAgICAgICAgPEhlYWRlciBOYW1lPSJSZWZlcmVyIiBWYWx1ZT0iaHR0cDovL3d3dy5sZXNzaXNtb29yZS5uZXQvIiAvPg0KICAgICAgICAgIDwvSGVhZGVycz4NCiAgICAgICAgICA8UXVlcnlTdHJpbmdQYXJhbWV0ZXJzPg0KICAgICAgICAgICAgPFF1ZXJ5U3RyaW5nUGFyYW1ldGVyIE5hbWU9IiIgVmFsdWU9IiIgUmVjb3JkZWRWYWx1ZT0iIiBDb3JyZWxhdGlvbkJpbmRpbmc9IiIgVXJsRW5jb2RlPSJGYWxzZSIgVXNlVG9Hcm91cFJlc3VsdHM9IkZhbHNlIiAvPg0KICAgICAgICAgIDwvUXVlcnlTdHJpbmdQYXJhbWV0ZXJzPg0KICAgICAgICA8L1JlcXVlc3Q+DQogICAgICA8L0RlcGVuZGVudFJlcXVlc3RzPg0KICAgIDwvUmVxdWVzdD4NCiAgICA8UmVxdWVzdCBNZXRob2Q9IlBPU1QiIEd1aWQ9ImJmNmUxOThmLTU0ZWYtNDRmMy1hNjIzLTM2ZDcwY2I1MzA1ZCIgVmVyc2lvbj0iMS4xIiBVcmw9Imh0dHBzOi8vZGMuc2VydmljZXMudmlzdWFsc3R1ZGlvLmNvbS92Mi90cmFjayIgVGhpbmtUaW1lPSIwIiBUaW1lb3V0PSIzMDAiIFBhcnNlRGVwZW5kZW50UmVxdWVzdHM9IlRydWUiIEZvbGxvd1JlZGlyZWN0cz0iVHJ1ZSIgUmVjb3JkUmVzdWx0PSJUcnVlIiBDYWNoZT0iRmFsc2UiIFJlc3BvbnNlVGltZUdvYWw9IjAiIEVuY29kaW5nPSJ1dGYtOCIgRXhwZWN0ZWRIdHRwU3RhdHVzQ29kZT0iMCIgRXhwZWN0ZWRSZXNwb25zZVVybD0iIiBSZXBvcnRpbmdOYW1lPSIiIElnbm9yZUh0dHBTdGF0dXNDb2RlPSJGYWxzZSI+DQogICAgICA8SGVhZGVycz4NCiAgICAgICAgPEhlYWRlciBOYW1lPSJSZWZlcmVyIiBWYWx1ZT0iaHR0cDovL3d3dy5sZXNzaXNtb29yZS5uZXQvIiAvPg0KICAgICAgPC9IZWFkZXJzPg0KICAgICAgPFN0cmluZ0h0dHBCb2R5IENvbnRlbnRUeXBlPSJhcHBsaWNhdGlvbi9qc29uIiBJbnNlcnRCeXRlT3JkZXJNYXJrPSJGYWxzZSI+V3dCN0FDSUFkQUJwQUcwQVpRQWlBRG9BSWdBeUFEQUFNUUEzQUMwQU1BQTFBQzBBTVFBeUFGUUFNUUEyQURvQU1RQTFBRG9BTXdBeEFDNEFOQUF6QURrQVdnQWlBQ3dBSWdCcEFFc0FaUUI1QUNJQU9nQWlBRFVBT0FBeUFHRUFZZ0F3QUdJQU9RQXRBR1FBTUFBMkFHSUFMUUEwQURnQU5RQXpBQzBBT0FBMEFHTUFOd0F0QURJQU9BQTBBR0lBTmdCaUFHVUFZUUEyQUdRQU9RQXpBQ0lBTEFBaUFHNEFZUUJ0QUdVQUlnQTZBQ0lBVFFCcEFHTUFjZ0J2QUhNQWJ3Qm1BSFFBTGdCQkFIQUFjQUJzQUdrQVl3QmhBSFFBYVFCdkFHNEFTUUJ1QUhNQWFRQm5BR2dBZEFCekFDNEFOUUE0QURJQVlRQmlBREFBWWdBNUFHUUFNQUEyQUdJQU5BQTRBRFVBTXdBNEFEUUFZd0EzQURJQU9BQTBBR0lBTmdCaUFHVUFZUUEyQUdRQU9RQXpBQzRBVUFCaEFHY0FaUUIyQUdrQVpRQjNBQ0lBTEFBaUFIUUFZUUJuQUhNQUlnQTZBSHNBSWdCaEFHa0FMZ0J6QUdVQWN3QnpBR2tBYndCdUFDNEFhUUJrQUNJQU9nQWlBRGNBY0FCTUFIa0FhUUFpQUN3QUlnQmhBR2tBTGdCa0FHVUFkZ0JwQUdNQVpRQXVBR2tBWkFBaUFEb0FJZ0JpQUhJQWJ3QjNBSE1BWlFCeUFDSUFMQUFpQUdFQWFRQXVBR1FBWlFCMkFHa0FZd0JsQUM0QWRBQjVBSEFBWlFBaUFEb0FJZ0JDQUhJQWJ3QjNBSE1BWlFCeUFDSUFMQUFpQUdFQWFRQXVBR2tBYmdCMEFHVUFjZ0J1QUdFQWJBQXVBSE1BWkFCckFGWUFaUUJ5QUhNQWFRQnZBRzRBSWdBNkFDSUFhZ0JoQUhZQVlRQnpBR01BY2dCcEFIQUFkQUE2QURFQUxnQXdBQzRBT1FBaUFDd0FJZ0JoQUdrQUxnQjFBSE1BWlFCeUFDNEFhUUJrQUNJQU9nQWlBRWtBYUFCMUFFb0FVQUFpQUN3QUlnQmhBR2tBTGdCdkFIQUFaUUJ5QUdFQWRBQnBBRzhBYmdBdUFHa0FaQUFpQURvQUlnQXlBRklBYkFCSEFIQUFJZ0FzQUNJQVlRQnBBQzRBYndCd0FHVUFjZ0JoQUhRQWFRQnZBRzRBTGdCdUFHRUFiUUJsQUNJQU9nQWlBQzhBSWdCOUFDd0FJZ0JrQUdFQWRBQmhBQ0lBT2dCN0FDSUFZZ0JoQUhNQVpRQlVBSGtBY0FCbEFDSUFPZ0FpQUZBQVlRQm5BR1VBZGdCcEFHVUFkd0JFQUdFQWRBQmhBQ0lBTEFBaUFHSUFZUUJ6QUdVQVJBQmhBSFFBWVFBaUFEb0Fld0FpQUhZQVpRQnlBQ0lBT2dBeUFDd0FJZ0J1QUdFQWJRQmxBQ0lBT2dBaUFFd0FaUUJ6QUhNQUlBQkpBSE1BSUFCTkFHOEFid0J5QUdVQUlBQjhBQ0FBVXdCdkFHWUFkQUIzQUdFQWNnQmxBQ0FBUkFCbEFITUFZUUJ5QUhJQWJ3QnNBR3dBYndBaUFDd0FJZ0IxQUhJQWJBQWlBRG9BSWdCb0FIUUFkQUJ3QURvQUx3QXZBSGNBZHdCM0FDNEFiQUJsQUhNQWN3QnBBSE1BYlFCdkFHOEFjZ0JsQUM0QWJnQmxBSFFBTHdBaUFDd0FJZ0JrQUhVQWNnQmhBSFFBYVFCdkFHNEFJZ0E2QUNJQU1BQXdBRG9BTUFBd0FEb0FNQUF3QUM0QU53QXpBRFlBSWdCOUFIMEFmUUFzQUhzQUlnQjBBR2tBYlFCbEFDSUFPZ0FpQURJQU1BQXhBRGNBTFFBd0FEVUFMUUF4QURJQVZBQXhBRFlBT2dBeEFEVUFPZ0F6QURFQUxnQTBBRGNBTmdCYUFDSUFMQUFpQUdrQVN3QmxBSGtBSWdBNkFDSUFOUUE0QURJQVlRQmlBREFBWWdBNUFDMEFaQUF3QURZQVlnQXRBRFFBT0FBMUFETUFMUUE0QURRQVl3QTNBQzBBTWdBNEFEUUFZZ0EyQUdJQVpRQmhBRFlBWkFBNUFETUFJZ0FzQUNJQWJnQmhBRzBBWlFBaUFEb0FJZ0JOQUdrQVl3QnlBRzhBY3dCdkFHWUFkQUF1QUVFQWNBQndBR3dBYVFCakFHRUFkQUJwQUc4QWJnQkpBRzRBY3dCcEFHY0FhQUIwQUhNQUxnQTFBRGdBTWdCaEFHSUFNQUJpQURrQVpBQXdBRFlBWWdBMEFEZ0FOUUF6QURnQU5BQmpBRGNBTWdBNEFEUUFZZ0EyQUdJQVpRQmhBRFlBWkFBNUFETUFMZ0JRQUdFQVp3QmxBSFlBYVFCbEFIY0FVQUJsQUhJQVpnQnZBSElBYlFCaEFHNEFZd0JsQUNJQUxBQWlBSFFBWVFCbkFITUFJZ0E2QUhzQUlnQmhBR2tBTGdCekFHVUFjd0J6QUdrQWJ3QnVBQzRBYVFCa0FDSUFPZ0FpQURjQWNBQk1BSGtBYVFBaUFDd0FJZ0JoQUdrQUxnQmtBR1VBZGdCcEFHTUFaUUF1QUdrQVpBQWlBRG9BSWdCaUFISUFid0IzQUhNQVpRQnlBQ0lBTEFBaUFHRUFhUUF1QUdRQVpRQjJBR2tBWXdCbEFDNEFkQUI1QUhBQVpRQWlBRG9BSWdCQ0FISUFid0IzQUhNQVpRQnlBQ0lBTEFBaUFHRUFhUUF1QUdrQWJnQjBBR1VBY2dCdUFHRUFiQUF1QUhNQVpBQnJBRllBWlFCeUFITUFhUUJ2QUc0QUlnQTZBQ0lBYWdCaEFIWUFZUUJ6QUdNQWNnQnBBSEFBZEFBNkFERUFMZ0F3QUM0QU9RQWlBQ3dBSWdCaEFHa0FMZ0IxQUhNQVpRQnlBQzRBYVFCa0FDSUFPZ0FpQUVrQWFBQjFBRW9BVUFBaUFDd0FJZ0JoQUdrQUxnQnZBSEFBWlFCeUFHRUFkQUJwQUc4QWJnQXVBR2tBWkFBaUFEb0FJZ0F5QUZJQWJBQkhBSEFBSWdBc0FDSUFZUUJwQUM0QWJ3QndBR1VBY2dCaEFIUUFhUUJ2QUc0QUxnQnVBR0VBYlFCbEFDSUFPZ0FpQUM4QUlnQjlBQ3dBSWdCa0FHRUFkQUJoQUNJQU9nQjdBQ0lBWWdCaEFITUFaUUJVQUhrQWNBQmxBQ0lBT2dBaUFGQUFZUUJuQUdVQWRnQnBBR1VBZHdCUUFHVUFjZ0JtQUc4QWNnQnRBR0VBYmdCakFHVUFSQUJoQUhRQVlRQWlBQ3dBSWdCaUFHRUFjd0JsQUVRQVlRQjBBR0VBSWdBNkFIc0FJZ0IyQUdVQWNnQWlBRG9BTWdBc0FDSUFiZ0JoQUcwQVpRQWlBRG9BSWdCTUFHVUFjd0J6QUNBQVNRQnpBQ0FBVFFCdkFHOEFjZ0JsQUNBQWZBQWdBRk1BYndCbUFIUUFkd0JoQUhJQVpRQWdBRVFBWlFCekFHRUFjZ0J5QUc4QWJBQnNBRzhBSWdBc0FDSUFkUUJ5QUd3QUlnQTZBQ0lBYUFCMEFIUUFjQUE2QUM4QUx3QjNBSGNBZHdBdUFHd0FaUUJ6QUhNQWFRQnpBRzBBYndCdkFISUFaUUF1QUc0QVpRQjBBQzhBSWdBc0FDSUFaQUIxQUhJQVlRQjBBR2tBYndCdUFDSUFPZ0FpQURBQU1BQTZBREFBTUFBNkFEQUFNQUF1QURjQU13QTJBQ0lBTEFBaUFIQUFaUUJ5QUdZQVZBQnZBSFFBWVFCc0FDSUFPZ0FpQURBQU1BQTZBREFBTUFBNkFEQUFNQUF1QURjQU13QTJBQ0lBTEFBaUFHNEFaUUIwQUhjQWJ3QnlBR3NBUXdCdkFHNEFiZ0JsQUdNQWRBQWlBRG9BSWdBd0FEQUFPZ0F3QURBQU9nQXdBREFBTGdBd0FEQUFNQUFpQUN3QUlnQnpBR1VBYmdCMEFGSUFaUUJ4QUhVQVpRQnpBSFFBSWdBNkFDSUFNQUF3QURvQU1BQXdBRG9BTUFBd0FDNEFNQUF3QURFQUlnQXNBQ0lBY2dCbEFHTUFaUUJwQUhZQVpRQmtBRklBWlFCekFIQUFid0J1QUhNQVpRQWlBRG9BSWdBd0FEQUFPZ0F3QURBQU9nQXdBREFBTGdBd0FERUFNQUFpQUN3QUlnQmtBRzhBYlFCUUFISUFid0JqQUdVQWN3QnpBR2tBYmdCbkFDSUFPZ0FpQURBQU1BQTZBREFBTUFBNkFEQUFNQUF1QURRQU9RQTVBQ0lBZlFCOUFIMEFYUUE9PC9TdHJpbmdIdHRwQm9keT4NCiAgICA8L1JlcXVlc3Q+DQogIDwvSXRlbXM+DQogIDxWYWxpZGF0aW9uUnVsZXM+DQogICAgPFZhbGlkYXRpb25SdWxlIENsYXNzbmFtZT0iTWljcm9zb2Z0LlZpc3VhbFN0dWRpby5UZXN0VG9vbHMuV2ViVGVzdGluZy5SdWxlcy5WYWxpZGF0ZVJlc3BvbnNlVXJsLCBNaWNyb3NvZnQuVmlzdWFsU3R1ZGlvLlF1YWxpdHlUb29scy5XZWJUZXN0RnJhbWV3b3JrLCBWZXJzaW9uPTEwLjAuMC4wLCBDdWx0dXJlPW5ldXRyYWwsIFB1YmxpY0tleVRva2VuPWIwM2Y1ZjdmMTFkNTBhM2EiIERpc3BsYXlOYW1lPSJSZXNwb25zZSBVUkwiIERlc2NyaXB0aW9uPSJWYWxpZGF0ZXMgdGhhdCB0aGUgcmVzcG9uc2UgVVJMIGFmdGVyIHJlZGlyZWN0cyBhcmUgZm9sbG93ZWQgaXMgdGhlIHNhbWUgYXMgdGhlIHJlY29yZGVkIHJlc3BvbnNlIFVSTC4gIFF1ZXJ5U3RyaW5nIHBhcmFtZXRlcnMgYXJlIGlnbm9yZWQuIiBMZXZlbD0iTG93IiBFeGVjdHVpb25PcmRlcj0iQmVmb3JlRGVwZW5kZW50cyIgLz4NCiAgICA8VmFsaWRhdGlvblJ1bGUgQ2xhc3NuYW1lPSJNaWNyb3NvZnQuVmlzdWFsU3R1ZGlvLlRlc3RUb29scy5XZWJUZXN0aW5nLlJ1bGVzLlZhbGlkYXRpb25SdWxlUmVzcG9uc2VUaW1lR29hbCwgTWljcm9zb2Z0LlZpc3VhbFN0dWRpby5RdWFsaXR5VG9vbHMuV2ViVGVzdEZyYW1ld29yaywgVmVyc2lvbj0xMC4wLjAuMCwgQ3VsdHVyZT1uZXV0cmFsLCBQdWJsaWNLZXlUb2tlbj1iMDNmNWY3ZjExZDUwYTNhIiBEaXNwbGF5TmFtZT0iUmVzcG9uc2UgVGltZSBHb2FsIiBEZXNjcmlwdGlvbj0iVmFsaWRhdGVzIHRoYXQgdGhlIHJlc3BvbnNlIHRpbWUgZm9yIHRoZSByZXF1ZXN0IGlzIGxlc3MgdGhhbiBvciBlcXVhbCB0byB0aGUgcmVzcG9uc2UgdGltZSBnb2FsIGFzIHNwZWNpZmllZCBvbiB0aGUgcmVxdWVzdC4gIFJlc3BvbnNlIHRpbWUgZ29hbHMgb2YgemVybyB3aWxsIGJlIGlnbm9yZWQuIiBMZXZlbD0iTG93IiBFeGVjdHVpb25PcmRlcj0iQWZ0ZXJEZXBlbmRlbnRzIj4NCiAgICAgIDxSdWxlUGFyYW1ldGVycz4NCiAgICAgICAgPFJ1bGVQYXJhbWV0ZXIgTmFtZT0iVG9sZXJhbmNlIiBWYWx1ZT0iMCIgLz4NCiAgICAgIDwvUnVsZVBhcmFtZXRlcnM+DQogICAgPC9WYWxpZGF0aW9uUnVsZT4NCiAgPC9WYWxpZGF0aW9uUnVsZXM+DQo8L1dlYlRlc3Q+">
      <Execution id="95e1912b-fbd0-4feb-a180-bd4e4c4b7ee7" />
    </WebTest>
  </TestDefinitions>
  <TestLists>
    <TestList name="Results Not in a List" id="8c84fa94-04c1-424b-9868-57a2d4851a1d" />
    <TestList name="All Loaded Results" id="19431567-8539-422a-85d7-44ee4e166bda" />
  </TestLists>
  <TestEntries>
    <TestEntry isTransparent="false" testId="d7f37a64-0760-413f-9924-d27c5b375dfd" executionId="95e1912b-fbd0-4feb-a180-bd4e4c4b7ee7" testListId="8c84fa94-04c1-424b-9868-57a2d4851a1d" />
  </TestEntries>
  <Results>
    <WebTestResult executionId="95e1912b-fbd0-4feb-a180-bd4e4c4b7ee7" testId="d7f37a64-0760-413f-9924-d27c5b375dfd" testName="WebTest1" computerName="JACKFROST" duration="00:00:07.1370054" startTime="2017-05-12T11:16:06.6626646-05:00" endTime="2017-05-12T11:16:24.5274977-05:00" testType="4e7599fa-5ecb-43e9-a887-cd63cf72d207" outcome="Passed" testListId="8c84fa94-04c1-424b-9868-57a2d4851a1d" relativeResultsDirectory="95e1912b-fbd0-4feb-a180-bd4e4c4b7ee7">
      <ResultFiles>
        <ResultFile path="WebTest1.webtestResult" />
      </ResultFiles>
      <TestSettings name="Local" id="59dbb065-7fa3-4828-ac9a-7c422d4f56ed">
        <Description>These are default test settings for a local test run.</Description>
        <Execution>
          <TestTypeSpecific>
            <WebTestRunConfiguration testTypeId="4e7599fa-5ecb-43e9-a887-cd63cf72d207">
              <Browser name="Internet Explorer 9.0" MaxConnections="6">
                <Headers>
                  <Header name="User-Agent" value="Mozilla/5.0 (compatible; MSIE 9.0; Windows NT 6.1; Trident/5.0)" />
                  <Header name="Accept" value="*/*" />
                  <Header name="Accept-Language" value="{{$IEAcceptLanguage}}" />
                  <Header name="Accept-Encoding" value="GZIP" />
                </Headers>
              </Browser>
            </WebTestRunConfiguration>
          </TestTypeSpecific>
          <AgentRule name="Execution Agents">
          </AgentRule>
        </Execution>
        <Deployment runDeploymentRoot="Tim Moore_JACKFROST 2017-05-12 11_16_02" />
        <Properties>
          <Property name="TestSettingsUIType" value="LoadTest" />
        </Properties>
      </TestSettings>
      <WebTestResultFilePath>Tim Moore_JACKFROST 2017-05-12 11_16_02\In\95e1912b-fbd0-4feb-a180-bd4e4c4b7ee7\WebTest1.webtestResult</WebTestResultFilePath>
    </WebTestResult>
  </Results>
</TestRun>