<?xml version="1.0" encoding="UTF-8"?>
<TestRun id="e1fce13a-3ad9-4483-87c5-a2a80db7bf94" name="Tim Moore@JACKFROST 2017-05-12 13:21:01" runUser="JACKFROST\Tim Moore" xmlns="http://microsoft.com/schemas/VisualStudio/TeamTest/2010">
  <TestSettings name="Local" id="59dbb065-7fa3-4828-ac9a-7c422d4f56ed">
    <Description>These are default test settings for a local test run.</Description>
    <Execution>
      <TestTypeSpecific />
      <AgentRule name="Execution Agents">
      </AgentRule>
    </Execution>
    <Deployment runDeploymentRoot="Tim Moore_JACKFROST 2017-05-12 13_21_01" />
    <Properties>
      <Property name="TestSettingsUIType" value="LoadTest" />
    </Properties>
  </TestSettings>
  <Times creation="2017-05-12T13:21:01.0550755-05:00" queuing="2017-05-12T13:21:01.4457110-05:00" start="2017-05-12T13:21:01.6019493-05:00" finish="2017-05-12T13:21:16.7079409-05:00" />
  <ResultSummary outcome="Completed">
    <Counters total="1" executed="1" passed="1" error="0" failed="0" timeout="0" aborted="0" inconclusive="0" passedButRunAborted="0" notRunnable="0" notExecuted="0" disconnected="0" warning="0" completed="0" inProgress="0" pending="0" />
  </ResultSummary>
  <TestDefinitions>
    <WebTest name="WebTest1" storage="j:\wwwroot\lessismoore\lessismoore.web\webandloadtestproject1\webtest1.webtest" id="faf9a503-2f07-4037-a7e9-54f38165c4b2" persistedWebTest="77u/PD94bWwgdmVyc2lvbj0iMS4wIiBlbmNvZGluZz0iVVRGLTgiIHN0YW5kYWxvbmU9InllcyI/Pg0KPFdlYlRlc3QgTmFtZT0iV2ViVGVzdDEiIElkPSJmYWY5YTUwMy0yZjA3LTQwMzctYTdlOS01NGYzODE2NWM0YjIiIE93bmVyPSIiIFByaW9yaXR5PSIyMTQ3NDgzNjQ3IiBFbmFibGVkPSJUcnVlIiBDc3NQcm9qZWN0U3RydWN0dXJlPSIiIENzc0l0ZXJhdGlvbj0iIiBUaW1lb3V0PSIwIiBXb3JrSXRlbUlkcz0iIiB4bWxucz0iaHR0cDovL21pY3Jvc29mdC5jb20vc2NoZW1hcy9WaXN1YWxTdHVkaW8vVGVhbVRlc3QvMjAxMCIgRGVzY3JpcHRpb249IiIgQ3JlZGVudGlhbFVzZXJOYW1lPSIiIENyZWRlbnRpYWxQYXNzd29yZD0iIiBQcmVBdXRoZW50aWNhdGU9IlRydWUiIFByb3h5PSJkZWZhdWx0IiBTdG9wT25FcnJvcj0iRmFsc2UiIFJlY29yZGVkUmVzdWx0RmlsZT0iV2ViVGVzdDEuYzBiMjU4ZTItNGMzYi00MWJhLTk5NTQtNGNiMjJmMDFjYjlhLnJlYy53ZWJ0ZXN0cmVzdWx0IiBSZXN1bHRzTG9jYWxlPSIiPg0KICA8SXRlbXM+DQogICAgPFJlcXVlc3QgTWV0aG9kPSJHRVQiIEd1aWQ9ImU0MDRiNGY3LTRiODgtNGE1Yy1iZDVmLTI4NDRiMTlhYzc5ZiIgVmVyc2lvbj0iMS4xIiBVcmw9Imh0dHA6Ly93d3cubGVzc2lzbW9vcmUubmV0LyIgVGhpbmtUaW1lPSIwIiBUaW1lb3V0PSIzMDAiIFBhcnNlRGVwZW5kZW50UmVxdWVzdHM9IlRydWUiIEZvbGxvd1JlZGlyZWN0cz0iVHJ1ZSIgUmVjb3JkUmVzdWx0PSJUcnVlIiBDYWNoZT0iRmFsc2UiIFJlc3BvbnNlVGltZUdvYWw9IjAiIEVuY29kaW5nPSJ1dGYtOCIgRXhwZWN0ZWRIdHRwU3RhdHVzQ29kZT0iMCIgRXhwZWN0ZWRSZXNwb25zZVVybD0iIiBSZXBvcnRpbmdOYW1lPSIiIElnbm9yZUh0dHBTdGF0dXNDb2RlPSJGYWxzZSI+DQogICAgICA8RGVwZW5kZW50UmVxdWVzdHM+DQogICAgICAgIDxSZXF1ZXN0IE1ldGhvZD0iR0VUIiBHdWlkPSI5NzY5MDYyMi0zMjU1LTRiMDMtODNhOS04M2VlYWU3N2Q3YzUiIFZlcnNpb249IjEuMSIgVXJsPSJodHRwOi8vd3d3Lmxlc3Npc21vb3JlLm5ldC9hc3NldHMvZm9udHMvZm9udGF3ZXNvbWUtd2ViZm9udC5lb3QiIFRoaW5rVGltZT0iMCIgVGltZW91dD0iMzAwIiBQYXJzZURlcGVuZGVudFJlcXVlc3RzPSJUcnVlIiBGb2xsb3dSZWRpcmVjdHM9IlRydWUiIFJlY29yZFJlc3VsdD0iVHJ1ZSIgQ2FjaGU9IkZhbHNlIiBSZXNwb25zZVRpbWVHb2FsPSIwIiBFbmNvZGluZz0idXRmLTgiIEV4cGVjdGVkSHR0cFN0YXR1c0NvZGU9IjAiIEV4cGVjdGVkUmVzcG9uc2VVcmw9IiIgUmVwb3J0aW5nTmFtZT0iIiBJZ25vcmVIdHRwU3RhdHVzQ29kZT0iRmFsc2UiPg0KICAgICAgICAgIDxIZWFkZXJzPg0KICAgICAgICAgICAgPEhlYWRlciBOYW1lPSJSZWZlcmVyIiBWYWx1ZT0iaHR0cDovL3d3dy5sZXNzaXNtb29yZS5uZXQvIiAvPg0KICAgICAgICAgIDwvSGVhZGVycz4NCiAgICAgICAgICA8UXVlcnlTdHJpbmdQYXJhbWV0ZXJzPg0KICAgICAgICAgICAgPFF1ZXJ5U3RyaW5nUGFyYW1ldGVyIE5hbWU9IiIgVmFsdWU9IiIgUmVjb3JkZWRWYWx1ZT0iIiBDb3JyZWxhdGlvbkJpbmRpbmc9IiIgVXJsRW5jb2RlPSJGYWxzZSIgVXNlVG9Hcm91cFJlc3VsdHM9IkZhbHNlIiAvPg0KICAgICAgICAgIDwvUXVlcnlTdHJpbmdQYXJhbWV0ZXJzPg0KICAgICAgICA8L1JlcXVlc3Q+DQogICAgICA8L0RlcGVuZGVudFJlcXVlc3RzPg0KICAgIDwvUmVxdWVzdD4NCiAgICA8UmVxdWVzdCBNZXRob2Q9Ik9QVElPTlMiIEd1aWQ9ImViMzRlYTNhLTE3MGMtNDQzNi1hZmE3LWQ5MjVkMDA0MWRhMSIgVmVyc2lvbj0iMS4xIiBVcmw9Imh0dHBzOi8vZGMuc2VydmljZXMudmlzdWFsc3R1ZGlvLmNvbS92Mi90cmFjayIgVGhpbmtUaW1lPSIwIiBUaW1lb3V0PSIzMDAiIFBhcnNlRGVwZW5kZW50UmVxdWVzdHM9IlRydWUiIEZvbGxvd1JlZGlyZWN0cz0iVHJ1ZSIgUmVjb3JkUmVzdWx0PSJUcnVlIiBDYWNoZT0iRmFsc2UiIFJlc3BvbnNlVGltZUdvYWw9IjAiIEVuY29kaW5nPSJ1dGYtOCIgRXhwZWN0ZWRIdHRwU3RhdHVzQ29kZT0iMCIgRXhwZWN0ZWRSZXNwb25zZVVybD0iIiBSZXBvcnRpbmdOYW1lPSIiIElnbm9yZUh0dHBTdGF0dXNDb2RlPSJGYWxzZSI+DQogICAgICA8U3RyaW5nSHR0cEJvZHkgQ29udGVudFR5cGU9IiIgSW5zZXJ0Qnl0ZU9yZGVyTWFyaz0iRmFsc2UiPg0KICAgICAgPC9TdHJpbmdIdHRwQm9keT4NCiAgICA8L1JlcXVlc3Q+DQogICAgPFJlcXVlc3QgTWV0aG9kPSJQT1NUIiBHdWlkPSIwNzZjODlmMi1iMjExLTQ4MWEtOGI5OS00YWQ4MmJjNzNiYTIiIFZlcnNpb249IjEuMSIgVXJsPSJodHRwczovL2RjLnNlcnZpY2VzLnZpc3VhbHN0dWRpby5jb20vdjIvdHJhY2siIFRoaW5rVGltZT0iNyIgVGltZW91dD0iMzAwIiBQYXJzZURlcGVuZGVudFJlcXVlc3RzPSJUcnVlIiBGb2xsb3dSZWRpcmVjdHM9IlRydWUiIFJlY29yZFJlc3VsdD0iVHJ1ZSIgQ2FjaGU9IkZhbHNlIiBSZXNwb25zZVRpbWVHb2FsPSIwIiBFbmNvZGluZz0idXRmLTgiIEV4cGVjdGVkSHR0cFN0YXR1c0NvZGU9IjAiIEV4cGVjdGVkUmVzcG9uc2VVcmw9IiIgUmVwb3J0aW5nTmFtZT0iIiBJZ25vcmVIdHRwU3RhdHVzQ29kZT0iRmFsc2UiPg0KICAgICAgPEhlYWRlcnM+DQogICAgICAgIDxIZWFkZXIgTmFtZT0iUmVmZXJlciIgVmFsdWU9Imh0dHA6Ly93d3cubGVzc2lzbW9vcmUubmV0LyIgLz4NCiAgICAgIDwvSGVhZGVycz4NCiAgICAgIDxTdHJpbmdIdHRwQm9keSBDb250ZW50VHlwZT0iYXBwbGljYXRpb24vanNvbiIgSW5zZXJ0Qnl0ZU9yZGVyTWFyaz0iRmFsc2UiPld3QjdBQ0lBZEFCcEFHMEFaUUFpQURvQUlnQXlBREFBTVFBM0FDMEFNQUExQUMwQU1RQXlBRlFBTVFBNEFEb0FNZ0F3QURvQU1nQTRBQzRBTXdBM0FERUFXZ0FpQUN3QUlnQnBBRXNBWlFCNUFDSUFPZ0FpQURVQU9BQXlBR0VBWWdBd0FHSUFPUUF0QUdRQU1BQTJBR0lBTFFBMEFEZ0FOUUF6QUMwQU9BQTBBR01BTndBdEFESUFPQUEwQUdJQU5nQmlBR1VBWVFBMkFHUUFPUUF6QUNJQUxBQWlBRzRBWVFCdEFHVUFJZ0E2QUNJQVRRQnBBR01BY2dCdkFITUFid0JtQUhRQUxnQkJBSEFBY0FCc0FHa0FZd0JoQUhRQWFRQnZBRzRBU1FCdUFITUFhUUJuQUdnQWRBQnpBQzRBTlFBNEFESUFZUUJpQURBQVlnQTVBR1FBTUFBMkFHSUFOQUE0QURVQU13QTRBRFFBWXdBM0FESUFPQUEwQUdJQU5nQmlBR1VBWVFBMkFHUUFPUUF6QUM0QVVBQmhBR2NBWlFCMkFHa0FaUUIzQUNJQUxBQWlBSFFBWVFCbkFITUFJZ0E2QUhzQUlnQmhBR2tBTGdCekFHVUFjd0J6QUdrQWJ3QnVBQzRBYVFCa0FDSUFPZ0FpQUcwQVdnQmhBR2NBZUFBaUFDd0FJZ0JoQUdrQUxnQmtBR1VBZGdCcEFHTUFaUUF1QUdrQVpBQWlBRG9BSWdCaUFISUFid0IzQUhNQVpRQnlBQ0lBTEFBaUFHRUFhUUF1QUdRQVpRQjJBR2tBWXdCbEFDNEFkQUI1QUhBQVpRQWlBRG9BSWdCQ0FISUFid0IzQUhNQVpRQnlBQ0lBTEFBaUFHRUFhUUF1QUdrQWJnQjBBR1VBY2dCdUFHRUFiQUF1QUhNQVpBQnJBRllBWlFCeUFITUFhUUJ2QUc0QUlnQTZBQ0lBYWdCaEFIWUFZUUJ6QUdNQWNnQnBBSEFBZEFBNkFERUFMZ0F3QUM0QU9RQWlBQ3dBSWdCaEFHa0FMZ0IxQUhNQVpRQnlBQzRBYVFCa0FDSUFPZ0FpQUVrQWFBQjFBRW9BVUFBaUFDd0FJZ0JoQUdrQUxnQnZBSEFBWlFCeUFHRUFkQUJwQUc4QWJnQXVBR2tBWkFBaUFEb0FJZ0EwQUVzQVpRQkVBRFVBSWdBc0FDSUFZUUJwQUM0QWJ3QndBR1VBY2dCaEFIUUFhUUJ2QUc0QUxnQnVBR0VBYlFCbEFDSUFPZ0FpQUM4QUlnQjlBQ3dBSWdCa0FHRUFkQUJoQUNJQU9nQjdBQ0lBWWdCaEFITUFaUUJVQUhrQWNBQmxBQ0lBT2dBaUFGQUFZUUJuQUdVQWRnQnBBR1VBZHdCRUFHRUFkQUJoQUNJQUxBQWlBR0lBWVFCekFHVUFSQUJoQUhRQVlRQWlBRG9BZXdBaUFIWUFaUUJ5QUNJQU9nQXlBQ3dBSWdCdUFHRUFiUUJsQUNJQU9nQWlBRXdBWlFCekFITUFJQUJKQUhNQUlBQk5BRzhBYndCeUFHVUFJQUI4QUNBQVV3QnZBR1lBZEFCM0FHRUFjZ0JsQUNBQVJBQmxBSE1BWVFCeUFISUFid0JzQUd3QWJ3QWlBQ3dBSWdCMUFISUFiQUFpQURvQUlnQm9BSFFBZEFCd0FEb0FMd0F2QUhjQWR3QjNBQzRBYkFCbEFITUFjd0JwQUhNQWJRQnZBRzhBY2dCbEFDNEFiZ0JsQUhRQUx3QWlBQ3dBSWdCa0FIVUFjZ0JoQUhRQWFRQnZBRzRBSWdBNkFDSUFNQUF3QURvQU1BQXdBRG9BTUFBeEFDNEFOQUF4QURRQUlnQjlBSDBBZlFBc0FIc0FJZ0IwQUdrQWJRQmxBQ0lBT2dBaUFESUFNQUF4QURjQUxRQXdBRFVBTFFBeEFESUFWQUF4QURnQU9nQXlBREFBT2dBeUFEZ0FMZ0F6QURjQU9BQmFBQ0lBTEFBaUFHa0FTd0JsQUhrQUlnQTZBQ0lBTlFBNEFESUFZUUJpQURBQVlnQTVBQzBBWkFBd0FEWUFZZ0F0QURRQU9BQTFBRE1BTFFBNEFEUUFZd0EzQUMwQU1nQTRBRFFBWWdBMkFHSUFaUUJoQURZQVpBQTVBRE1BSWdBc0FDSUFiZ0JoQUcwQVpRQWlBRG9BSWdCTkFHa0FZd0J5QUc4QWN3QnZBR1lBZEFBdUFFRUFjQUJ3QUd3QWFRQmpBR0VBZEFCcEFHOEFiZ0JKQUc0QWN3QnBBR2NBYUFCMEFITUFMZ0ExQURnQU1nQmhBR0lBTUFCaUFEa0FaQUF3QURZQVlnQTBBRGdBTlFBekFEZ0FOQUJqQURjQU1nQTRBRFFBWWdBMkFHSUFaUUJoQURZQVpBQTVBRE1BTGdCUUFHRUFad0JsQUhZQWFRQmxBSGNBVUFCbEFISUFaZ0J2QUhJQWJRQmhBRzRBWXdCbEFDSUFMQUFpQUhRQVlRQm5BSE1BSWdBNkFIc0FJZ0JoQUdrQUxnQnpBR1VBY3dCekFHa0Fid0J1QUM0QWFRQmtBQ0lBT2dBaUFHMEFXZ0JoQUdjQWVBQWlBQ3dBSWdCaEFHa0FMZ0JrQUdVQWRnQnBBR01BWlFBdUFHa0FaQUFpQURvQUlnQmlBSElBYndCM0FITUFaUUJ5QUNJQUxBQWlBR0VBYVFBdUFHUUFaUUIyQUdrQVl3QmxBQzRBZEFCNUFIQUFaUUFpQURvQUlnQkNBSElBYndCM0FITUFaUUJ5QUNJQUxBQWlBR0VBYVFBdUFHa0FiZ0IwQUdVQWNnQnVBR0VBYkFBdUFITUFaQUJyQUZZQVpRQnlBSE1BYVFCdkFHNEFJZ0E2QUNJQWFnQmhBSFlBWVFCekFHTUFjZ0JwQUhBQWRBQTZBREVBTGdBd0FDNEFPUUFpQUN3QUlnQmhBR2tBTGdCMUFITUFaUUJ5QUM0QWFRQmtBQ0lBT2dBaUFFa0FhQUIxQUVvQVVBQWlBQ3dBSWdCaEFHa0FMZ0J2QUhBQVpRQnlBR0VBZEFCcEFHOEFiZ0F1QUdrQVpBQWlBRG9BSWdBMEFFc0FaUUJFQURVQUlnQXNBQ0lBWVFCcEFDNEFid0J3QUdVQWNnQmhBSFFBYVFCdkFHNEFMZ0J1QUdFQWJRQmxBQ0lBT2dBaUFDOEFJZ0I5QUN3QUlnQmtBR0VBZEFCaEFDSUFPZ0I3QUNJQVlnQmhBSE1BWlFCVUFIa0FjQUJsQUNJQU9nQWlBRkFBWVFCbkFHVUFkZ0JwQUdVQWR3QlFBR1VBY2dCbUFHOEFjZ0J0QUdFQWJnQmpBR1VBUkFCaEFIUUFZUUFpQUN3QUlnQmlBR0VBY3dCbEFFUUFZUUIwQUdFQUlnQTZBSHNBSWdCMkFHVUFjZ0FpQURvQU1nQXNBQ0lBYmdCaEFHMEFaUUFpQURvQUlnQk1BR1VBY3dCekFDQUFTUUJ6QUNBQVRRQnZBRzhBY2dCbEFDQUFmQUFnQUZNQWJ3Qm1BSFFBZHdCaEFISUFaUUFnQUVRQVpRQnpBR0VBY2dCeUFHOEFiQUJzQUc4QUlnQXNBQ0lBZFFCeUFHd0FJZ0E2QUNJQWFBQjBBSFFBY0FBNkFDOEFMd0IzQUhjQWR3QXVBR3dBWlFCekFITUFhUUJ6QUcwQWJ3QnZBSElBWlFBdUFHNEFaUUIwQUM4QUlnQXNBQ0lBWkFCMUFISUFZUUIwQUdrQWJ3QnVBQ0lBT2dBaUFEQUFNQUE2QURBQU1BQTZBREFBTVFBdUFEUUFNUUEwQUNJQUxBQWlBSEFBWlFCeUFHWUFWQUJ2QUhRQVlRQnNBQ0lBT2dBaUFEQUFNQUE2QURBQU1BQTZBREFBTVFBdUFEUUFNUUEwQUNJQUxBQWlBRzRBWlFCMEFIY0Fid0J5QUdzQVF3QnZBRzRBYmdCbEFHTUFkQUFpQURvQUlnQXdBREFBT2dBd0FEQUFPZ0F3QURBQUxnQXdBREFBTUFBaUFDd0FJZ0J6QUdVQWJnQjBBRklBWlFCeEFIVUFaUUJ6QUhRQUlnQTZBQ0lBTUFBd0FEb0FNQUF3QURvQU1BQXdBQzRBTUFBd0FEWUFJZ0FzQUNJQWNnQmxBR01BWlFCcEFIWUFaUUJrQUZJQVpRQnpBSEFBYndCdUFITUFaUUFpQURvQUlnQXdBREFBT2dBd0FEQUFPZ0F3QURBQUxnQXlBRE1BT0FBaUFDd0FJZ0JrQUc4QWJRQlFBSElBYndCakFHVUFjd0J6QUdrQWJnQm5BQ0lBT2dBaUFEQUFNQUE2QURBQU1BQTZBREFBTUFBdUFESUFOd0F4QUNJQWZRQjlBSDBBWFFBPTwvU3RyaW5nSHR0cEJvZHk+DQogICAgPC9SZXF1ZXN0Pg0KICAgIDxSZXF1ZXN0IE1ldGhvZD0iR0VUIiBHdWlkPSJlNWNiMTUxOS1lZTUxLTRkMDgtYTIwYS0zOTcwZDQyYTQ5MWUiIFZlcnNpb249IjEuMSIgVXJsPSJodHRwOi8vd3d3Lmxlc3Npc21vb3JlLm5ldC8iIFRoaW5rVGltZT0iMCIgVGltZW91dD0iMzAwIiBQYXJzZURlcGVuZGVudFJlcXVlc3RzPSJUcnVlIiBGb2xsb3dSZWRpcmVjdHM9IlRydWUiIFJlY29yZFJlc3VsdD0iVHJ1ZSIgQ2FjaGU9IkZhbHNlIiBSZXNwb25zZVRpbWVHb2FsPSIwIiBFbmNvZGluZz0idXRmLTgiIEV4cGVjdGVkSHR0cFN0YXR1c0NvZGU9IjAiIEV4cGVjdGVkUmVzcG9uc2VVcmw9IiIgUmVwb3J0aW5nTmFtZT0iIiBJZ25vcmVIdHRwU3RhdHVzQ29kZT0iRmFsc2UiIC8+DQogICAgPFJlcXVlc3QgTWV0aG9kPSJQT1NUIiBHdWlkPSJkNmI0ODcwOC1jMWEyLTQ1YWQtOGJlZi1hZWZjMDBlMDY5MDEiIFZlcnNpb249IjEuMSIgVXJsPSJodHRwczovL2RjLnNlcnZpY2VzLnZpc3VhbHN0dWRpby5jb20vdjIvdHJhY2siIFRoaW5rVGltZT0iMiIgVGltZW91dD0iMzAwIiBQYXJzZURlcGVuZGVudFJlcXVlc3RzPSJUcnVlIiBGb2xsb3dSZWRpcmVjdHM9IlRydWUiIFJlY29yZFJlc3VsdD0iVHJ1ZSIgQ2FjaGU9IkZhbHNlIiBSZXNwb25zZVRpbWVHb2FsPSIwIiBFbmNvZGluZz0idXRmLTgiIEV4cGVjdGVkSHR0cFN0YXR1c0NvZGU9IjAiIEV4cGVjdGVkUmVzcG9uc2VVcmw9IiIgUmVwb3J0aW5nTmFtZT0iIiBJZ25vcmVIdHRwU3RhdHVzQ29kZT0iRmFsc2UiPg0KICAgICAgPEhlYWRlcnM+DQogICAgICAgIDxIZWFkZXIgTmFtZT0iUmVmZXJlciIgVmFsdWU9Imh0dHA6Ly93d3cubGVzc2lzbW9vcmUubmV0LyIgLz4NCiAgICAgIDwvSGVhZGVycz4NCiAgICAgIDxTdHJpbmdIdHRwQm9keSBDb250ZW50VHlwZT0iYXBwbGljYXRpb24vanNvbiIgSW5zZXJ0Qnl0ZU9yZGVyTWFyaz0iRmFsc2UiPld3QjdBQ0lBZEFCcEFHMEFaUUFpQURvQUlnQXlBREFBTVFBM0FDMEFNQUExQUMwQU1RQXlBRlFBTVFBNEFEb0FNZ0F3QURvQU13QTRBQzRBTmdBeUFEa0FXZ0FpQUN3QUlnQnBBRXNBWlFCNUFDSUFPZ0FpQURVQU9BQXlBR0VBWWdBd0FHSUFPUUF0QUdRQU1BQTJBR0lBTFFBMEFEZ0FOUUF6QUMwQU9BQTBBR01BTndBdEFESUFPQUEwQUdJQU5nQmlBR1VBWVFBMkFHUUFPUUF6QUNJQUxBQWlBRzRBWVFCdEFHVUFJZ0E2QUNJQVRRQnBBR01BY2dCdkFITUFid0JtQUhRQUxnQkJBSEFBY0FCc0FHa0FZd0JoQUhRQWFRQnZBRzRBU1FCdUFITUFhUUJuQUdnQWRBQnpBQzRBTlFBNEFESUFZUUJpQURBQVlnQTVBR1FBTUFBMkFHSUFOQUE0QURVQU13QTRBRFFBWXdBM0FESUFPQUEwQUdJQU5nQmlBR1VBWVFBMkFHUUFPUUF6QUM0QVVBQmhBR2NBWlFCMkFHa0FaUUIzQUNJQUxBQWlBSFFBWVFCbkFITUFJZ0E2QUhzQUlnQmhBR2tBTGdCekFHVUFjd0J6QUdrQWJ3QnVBQzRBYVFCa0FDSUFPZ0FpQUcwQVdnQmhBR2NBZUFBaUFDd0FJZ0JoQUdrQUxnQmtBR1VBZGdCcEFHTUFaUUF1QUdrQVpBQWlBRG9BSWdCaUFISUFid0IzQUhNQVpRQnlBQ0lBTEFBaUFHRUFhUUF1QUdRQVpRQjJBR2tBWXdCbEFDNEFkQUI1QUhBQVpRQWlBRG9BSWdCQ0FISUFid0IzQUhNQVpRQnlBQ0lBTEFBaUFHRUFhUUF1QUdrQWJnQjBBR1VBY2dCdUFHRUFiQUF1QUhNQVpBQnJBRllBWlFCeUFITUFhUUJ2QUc0QUlnQTZBQ0lBYWdCaEFIWUFZUUJ6QUdNQWNnQnBBSEFBZEFBNkFERUFMZ0F3QUM0QU9RQWlBQ3dBSWdCaEFHa0FMZ0IxQUhNQVpRQnlBQzRBYVFCa0FDSUFPZ0FpQUVrQWFBQjFBRW9BVUFBaUFDd0FJZ0JoQUdrQUxnQnZBSEFBWlFCeUFHRUFkQUJwQUc4QWJnQXVBR2tBWkFBaUFEb0FJZ0IzQUhNQWNRQk9BREFBSWdBc0FDSUFZUUJwQUM0QWJ3QndBR1VBY2dCaEFIUUFhUUJ2QUc0QUxnQnVBR0VBYlFCbEFDSUFPZ0FpQUM4QUlnQjlBQ3dBSWdCa0FHRUFkQUJoQUNJQU9nQjdBQ0lBWWdCaEFITUFaUUJVQUhrQWNBQmxBQ0lBT2dBaUFGQUFZUUJuQUdVQWRnQnBBR1VBZHdCRUFHRUFkQUJoQUNJQUxBQWlBR0lBWVFCekFHVUFSQUJoQUhRQVlRQWlBRG9BZXdBaUFIWUFaUUJ5QUNJQU9nQXlBQ3dBSWdCdUFHRUFiUUJsQUNJQU9nQWlBRXdBWlFCekFITUFJQUJKQUhNQUlBQk5BRzhBYndCeUFHVUFJQUI4QUNBQVV3QnZBR1lBZEFCM0FHRUFjZ0JsQUNBQVJBQmxBSE1BWVFCeUFISUFid0JzQUd3QWJ3QWlBQ3dBSWdCMUFISUFiQUFpQURvQUlnQm9BSFFBZEFCd0FEb0FMd0F2QUhjQWR3QjNBQzRBYkFCbEFITUFjd0JwQUhNQWJRQnZBRzhBY2dCbEFDNEFiZ0JsQUhRQUx3QWlBQ3dBSWdCa0FIVUFjZ0JoQUhRQWFRQnZBRzRBSWdBNkFDSUFNQUF3QURvQU1BQXdBRG9BTUFBeEFDNEFPQUExQURrQUlnQjlBSDBBZlFBc0FIc0FJZ0IwQUdrQWJRQmxBQ0lBT2dBaUFESUFNQUF4QURjQUxRQXdBRFVBTFFBeEFESUFWQUF4QURnQU9nQXlBREFBT2dBekFEZ0FMZ0EyQURNQU5RQmFBQ0lBTEFBaUFHa0FTd0JsQUhrQUlnQTZBQ0lBTlFBNEFESUFZUUJpQURBQVlnQTVBQzBBWkFBd0FEWUFZZ0F0QURRQU9BQTFBRE1BTFFBNEFEUUFZd0EzQUMwQU1nQTRBRFFBWWdBMkFHSUFaUUJoQURZQVpBQTVBRE1BSWdBc0FDSUFiZ0JoQUcwQVpRQWlBRG9BSWdCTkFHa0FZd0J5QUc4QWN3QnZBR1lBZEFBdUFFRUFjQUJ3QUd3QWFRQmpBR0VBZEFCcEFHOEFiZ0JKQUc0QWN3QnBBR2NBYUFCMEFITUFMZ0ExQURnQU1nQmhBR0lBTUFCaUFEa0FaQUF3QURZQVlnQTBBRGdBTlFBekFEZ0FOQUJqQURjQU1nQTRBRFFBWWdBMkFHSUFaUUJoQURZQVpBQTVBRE1BTGdCUUFHRUFad0JsQUhZQWFRQmxBSGNBVUFCbEFISUFaZ0J2QUhJQWJRQmhBRzRBWXdCbEFDSUFMQUFpQUhRQVlRQm5BSE1BSWdBNkFIc0FJZ0JoQUdrQUxnQnpBR1VBY3dCekFHa0Fid0J1QUM0QWFRQmtBQ0lBT2dBaUFHMEFXZ0JoQUdjQWVBQWlBQ3dBSWdCaEFHa0FMZ0JrQUdVQWRnQnBBR01BWlFBdUFHa0FaQUFpQURvQUlnQmlBSElBYndCM0FITUFaUUJ5QUNJQUxBQWlBR0VBYVFBdUFHUUFaUUIyQUdrQVl3QmxBQzRBZEFCNUFIQUFaUUFpQURvQUlnQkNBSElBYndCM0FITUFaUUJ5QUNJQUxBQWlBR0VBYVFBdUFHa0FiZ0IwQUdVQWNnQnVBR0VBYkFBdUFITUFaQUJyQUZZQVpRQnlBSE1BYVFCdkFHNEFJZ0E2QUNJQWFnQmhBSFlBWVFCekFHTUFjZ0JwQUhBQWRBQTZBREVBTGdBd0FDNEFPUUFpQUN3QUlnQmhBR2tBTGdCMUFITUFaUUJ5QUM0QWFRQmtBQ0lBT2dBaUFFa0FhQUIxQUVvQVVBQWlBQ3dBSWdCaEFHa0FMZ0J2QUhBQVpRQnlBR0VBZEFCcEFHOEFiZ0F1QUdrQVpBQWlBRG9BSWdCM0FITUFjUUJPQURBQUlnQXNBQ0lBWVFCcEFDNEFid0J3QUdVQWNnQmhBSFFBYVFCdkFHNEFMZ0J1QUdFQWJRQmxBQ0lBT2dBaUFDOEFJZ0I5QUN3QUlnQmtBR0VBZEFCaEFDSUFPZ0I3QUNJQVlnQmhBSE1BWlFCVUFIa0FjQUJsQUNJQU9nQWlBRkFBWVFCbkFHVUFkZ0JwQUdVQWR3QlFBR1VBY2dCbUFHOEFjZ0J0QUdFQWJnQmpBR1VBUkFCaEFIUUFZUUFpQUN3QUlnQmlBR0VBY3dCbEFFUUFZUUIwQUdFQUlnQTZBSHNBSWdCMkFHVUFjZ0FpQURvQU1nQXNBQ0lBYmdCaEFHMEFaUUFpQURvQUlnQk1BR1VBY3dCekFDQUFTUUJ6QUNBQVRRQnZBRzhBY2dCbEFDQUFmQUFnQUZNQWJ3Qm1BSFFBZHdCaEFISUFaUUFnQUVRQVpRQnpBR0VBY2dCeUFHOEFiQUJzQUc4QUlnQXNBQ0lBZFFCeUFHd0FJZ0E2QUNJQWFBQjBBSFFBY0FBNkFDOEFMd0IzQUhjQWR3QXVBR3dBWlFCekFITUFhUUJ6QUcwQWJ3QnZBSElBWlFBdUFHNEFaUUIwQUM4QUlnQXNBQ0lBWkFCMUFISUFZUUIwQUdrQWJ3QnVBQ0lBT2dBaUFEQUFNQUE2QURBQU1BQTZBREFBTVFBdUFEZ0FOUUE1QUNJQUxBQWlBSEFBWlFCeUFHWUFWQUJ2QUhRQVlRQnNBQ0lBT2dBaUFEQUFNQUE2QURBQU1BQTZBREFBTVFBdUFEZ0FOUUE1QUNJQUxBQWlBRzRBWlFCMEFIY0Fid0J5QUdzQVF3QnZBRzRBYmdCbEFHTUFkQUFpQURvQUlnQXdBREFBT2dBd0FEQUFPZ0F3QURBQUxnQXdBRElBT0FBaUFDd0FJZ0J6QUdVQWJnQjBBRklBWlFCeEFIVUFaUUJ6QUhRQUlnQTZBQ0lBTUFBd0FEb0FNQUF3QURvQU1BQXdBQzRBTUFBd0FETUFJZ0FzQUNJQWNnQmxBR01BWlFCcEFIWUFaUUJrQUZJQVpRQnpBSEFBYndCdUFITUFaUUFpQURvQUlnQXdBREFBT2dBd0FEQUFPZ0F3QURBQUxnQXdBREFBTndBaUFDd0FJZ0JrQUc4QWJRQlFBSElBYndCakFHVUFjd0J6QUdrQWJnQm5BQ0lBT2dBaUFEQUFNQUE2QURBQU1BQTZBREFBTVFBdUFETUFPQUF3QUNJQWZRQjlBSDBBWFFBPTwvU3RyaW5nSHR0cEJvZHk+DQogICAgPC9SZXF1ZXN0Pg0KICAgIDxSZXF1ZXN0IE1ldGhvZD0iR0VUIiBHdWlkPSIzZTAyOGJkMC1mYWYwLTRlNTUtYWQ1ZS00OWUyMTMwNzYzZDciIFZlcnNpb249IjEuMSIgVXJsPSJodHRwOi8vd3d3Lmxlc3Npc21vb3JlLm5ldC8iIFRoaW5rVGltZT0iMCIgVGltZW91dD0iMzAwIiBQYXJzZURlcGVuZGVudFJlcXVlc3RzPSJUcnVlIiBGb2xsb3dSZWRpcmVjdHM9IlRydWUiIFJlY29yZFJlc3VsdD0iVHJ1ZSIgQ2FjaGU9IkZhbHNlIiBSZXNwb25zZVRpbWVHb2FsPSIwIiBFbmNvZGluZz0idXRmLTgiIEV4cGVjdGVkSHR0cFN0YXR1c0NvZGU9IjAiIEV4cGVjdGVkUmVzcG9uc2VVcmw9IiIgUmVwb3J0aW5nTmFtZT0iIiBJZ25vcmVIdHRwU3RhdHVzQ29kZT0iRmFsc2UiIC8+DQogICAgPFJlcXVlc3QgTWV0aG9kPSJQT1NUIiBHdWlkPSI0MTdiZGE4MS01YWVhLTRhZmEtODMzNi0wZGUwYTdjM2NkYmQiIFZlcnNpb249IjEuMSIgVXJsPSJodHRwczovL2RjLnNlcnZpY2VzLnZpc3VhbHN0dWRpby5jb20vdjIvdHJhY2siIFRoaW5rVGltZT0iMCIgVGltZW91dD0iMzAwIiBQYXJzZURlcGVuZGVudFJlcXVlc3RzPSJUcnVlIiBGb2xsb3dSZWRpcmVjdHM9IlRydWUiIFJlY29yZFJlc3VsdD0iVHJ1ZSIgQ2FjaGU9IkZhbHNlIiBSZXNwb25zZVRpbWVHb2FsPSIwIiBFbmNvZGluZz0idXRmLTgiIEV4cGVjdGVkSHR0cFN0YXR1c0NvZGU9IjAiIEV4cGVjdGVkUmVzcG9uc2VVcmw9IiIgUmVwb3J0aW5nTmFtZT0iIiBJZ25vcmVIdHRwU3RhdHVzQ29kZT0iRmFsc2UiPg0KICAgICAgPEhlYWRlcnM+DQogICAgICAgIDxIZWFkZXIgTmFtZT0iUmVmZXJlciIgVmFsdWU9Imh0dHA6Ly93d3cubGVzc2lzbW9vcmUubmV0LyIgLz4NCiAgICAgIDwvSGVhZGVycz4NCiAgICAgIDxTdHJpbmdIdHRwQm9keSBDb250ZW50VHlwZT0iYXBwbGljYXRpb24vanNvbiIgSW5zZXJ0Qnl0ZU9yZGVyTWFyaz0iRmFsc2UiPld3QjdBQ0lBZEFCcEFHMEFaUUFpQURvQUlnQXlBREFBTVFBM0FDMEFNQUExQUMwQU1RQXlBRlFBTVFBNEFEb0FNZ0F3QURvQU5BQXlBQzRBTlFBeEFEWUFXZ0FpQUN3QUlnQnBBRXNBWlFCNUFDSUFPZ0FpQURVQU9BQXlBR0VBWWdBd0FHSUFPUUF0QUdRQU1BQTJBR0lBTFFBMEFEZ0FOUUF6QUMwQU9BQTBBR01BTndBdEFESUFPQUEwQUdJQU5nQmlBR1VBWVFBMkFHUUFPUUF6QUNJQUxBQWlBRzRBWVFCdEFHVUFJZ0E2QUNJQVRRQnBBR01BY2dCdkFITUFid0JtQUhRQUxnQkJBSEFBY0FCc0FHa0FZd0JoQUhRQWFRQnZBRzRBU1FCdUFITUFhUUJuQUdnQWRBQnpBQzRBTlFBNEFESUFZUUJpQURBQVlnQTVBR1FBTUFBMkFHSUFOQUE0QURVQU13QTRBRFFBWXdBM0FESUFPQUEwQUdJQU5nQmlBR1VBWVFBMkFHUUFPUUF6QUM0QVVBQmhBR2NBWlFCMkFHa0FaUUIzQUNJQUxBQWlBSFFBWVFCbkFITUFJZ0E2QUhzQUlnQmhBR2tBTGdCekFHVUFjd0J6QUdrQWJ3QnVBQzRBYVFCa0FDSUFPZ0FpQUcwQVdnQmhBR2NBZUFBaUFDd0FJZ0JoQUdrQUxnQmtBR1VBZGdCcEFHTUFaUUF1QUdrQVpBQWlBRG9BSWdCaUFISUFid0IzQUhNQVpRQnlBQ0lBTEFBaUFHRUFhUUF1QUdRQVpRQjJBR2tBWXdCbEFDNEFkQUI1QUhBQVpRQWlBRG9BSWdCQ0FISUFid0IzQUhNQVpRQnlBQ0lBTEFBaUFHRUFhUUF1QUdrQWJnQjBBR1VBY2dCdUFHRUFiQUF1QUhNQVpBQnJBRllBWlFCeUFITUFhUUJ2QUc0QUlnQTZBQ0lBYWdCaEFIWUFZUUJ6QUdNQWNnQnBBSEFBZEFBNkFERUFMZ0F3QUM0QU9RQWlBQ3dBSWdCaEFHa0FMZ0IxQUhNQVpRQnlBQzRBYVFCa0FDSUFPZ0FpQUVrQWFBQjFBRW9BVUFBaUFDd0FJZ0JoQUdrQUxnQnZBSEFBWlFCeUFHRUFkQUJwQUc4QWJnQXVBR2tBWkFBaUFEb0FJZ0JtQUhvQU9BQlhBRkFBSWdBc0FDSUFZUUJwQUM0QWJ3QndBR1VBY2dCaEFIUUFhUUJ2QUc0QUxnQnVBR0VBYlFCbEFDSUFPZ0FpQUM4QUlnQjlBQ3dBSWdCa0FHRUFkQUJoQUNJQU9nQjdBQ0lBWWdCaEFITUFaUUJVQUhrQWNBQmxBQ0lBT2dBaUFGQUFZUUJuQUdVQWRnQnBBR1VBZHdCRUFHRUFkQUJoQUNJQUxBQWlBR0lBWVFCekFHVUFSQUJoQUhRQVlRQWlBRG9BZXdBaUFIWUFaUUJ5QUNJQU9nQXlBQ3dBSWdCdUFHRUFiUUJsQUNJQU9nQWlBRXdBWlFCekFITUFJQUJKQUhNQUlBQk5BRzhBYndCeUFHVUFJQUI4QUNBQVV3QnZBR1lBZEFCM0FHRUFjZ0JsQUNBQVJBQmxBSE1BWVFCeUFISUFid0JzQUd3QWJ3QWlBQ3dBSWdCMUFISUFiQUFpQURvQUlnQm9BSFFBZEFCd0FEb0FMd0F2QUhjQWR3QjNBQzRBYkFCbEFITUFjd0JwQUhNQWJRQnZBRzhBY2dCbEFDNEFiZ0JsQUhRQUx3QWlBQ3dBSWdCa0FIVUFjZ0JoQUhRQWFRQnZBRzRBSWdBNkFDSUFNQUF3QURvQU1BQXdBRG9BTUFBeUFDNEFNQUF4QURJQUlnQjlBSDBBZlFBc0FIc0FJZ0IwQUdrQWJRQmxBQ0lBT2dBaUFESUFNQUF4QURjQUxRQXdBRFVBTFFBeEFESUFWQUF4QURnQU9nQXlBREFBT2dBMEFESUFMZ0ExQURJQU1nQmFBQ0lBTEFBaUFHa0FTd0JsQUhrQUlnQTZBQ0lBTlFBNEFESUFZUUJpQURBQVlnQTVBQzBBWkFBd0FEWUFZZ0F0QURRQU9BQTFBRE1BTFFBNEFEUUFZd0EzQUMwQU1nQTRBRFFBWWdBMkFHSUFaUUJoQURZQVpBQTVBRE1BSWdBc0FDSUFiZ0JoQUcwQVpRQWlBRG9BSWdCTkFHa0FZd0J5QUc4QWN3QnZBR1lBZEFBdUFFRUFjQUJ3QUd3QWFRQmpBR0VBZEFCcEFHOEFiZ0JKQUc0QWN3QnBBR2NBYUFCMEFITUFMZ0ExQURnQU1nQmhBR0lBTUFCaUFEa0FaQUF3QURZQVlnQTBBRGdBTlFBekFEZ0FOQUJqQURjQU1nQTRBRFFBWWdBMkFHSUFaUUJoQURZQVpBQTVBRE1BTGdCUUFHRUFad0JsQUhZQWFRQmxBSGNBVUFCbEFISUFaZ0J2QUhJQWJRQmhBRzRBWXdCbEFDSUFMQUFpQUhRQVlRQm5BSE1BSWdBNkFIc0FJZ0JoQUdrQUxnQnpBR1VBY3dCekFHa0Fid0J1QUM0QWFRQmtBQ0lBT2dBaUFHMEFXZ0JoQUdjQWVBQWlBQ3dBSWdCaEFHa0FMZ0JrQUdVQWRnQnBBR01BWlFBdUFHa0FaQUFpQURvQUlnQmlBSElBYndCM0FITUFaUUJ5QUNJQUxBQWlBR0VBYVFBdUFHUUFaUUIyQUdrQVl3QmxBQzRBZEFCNUFIQUFaUUFpQURvQUlnQkNBSElBYndCM0FITUFaUUJ5QUNJQUxBQWlBR0VBYVFBdUFHa0FiZ0IwQUdVQWNnQnVBR0VBYkFBdUFITUFaQUJyQUZZQVpRQnlBSE1BYVFCdkFHNEFJZ0E2QUNJQWFnQmhBSFlBWVFCekFHTUFjZ0JwQUhBQWRBQTZBREVBTGdBd0FDNEFPUUFpQUN3QUlnQmhBR2tBTGdCMUFITUFaUUJ5QUM0QWFRQmtBQ0lBT2dBaUFFa0FhQUIxQUVvQVVBQWlBQ3dBSWdCaEFHa0FMZ0J2QUhBQVpRQnlBR0VBZEFCcEFHOEFiZ0F1QUdrQVpBQWlBRG9BSWdCbUFIb0FPQUJYQUZBQUlnQXNBQ0lBWVFCcEFDNEFid0J3QUdVQWNnQmhBSFFBYVFCdkFHNEFMZ0J1QUdFQWJRQmxBQ0lBT2dBaUFDOEFJZ0I5QUN3QUlnQmtBR0VBZEFCaEFDSUFPZ0I3QUNJQVlnQmhBSE1BWlFCVUFIa0FjQUJsQUNJQU9nQWlBRkFBWVFCbkFHVUFkZ0JwQUdVQWR3QlFBR1VBY2dCbUFHOEFjZ0J0QUdFQWJnQmpBR1VBUkFCaEFIUUFZUUFpQUN3QUlnQmlBR0VBY3dCbEFFUUFZUUIwQUdFQUlnQTZBSHNBSWdCMkFHVUFjZ0FpQURvQU1nQXNBQ0lBYmdCaEFHMEFaUUFpQURvQUlnQk1BR1VBY3dCekFDQUFTUUJ6QUNBQVRRQnZBRzhBY2dCbEFDQUFmQUFnQUZNQWJ3Qm1BSFFBZHdCaEFISUFaUUFnQUVRQVpRQnpBR0VBY2dCeUFHOEFiQUJzQUc4QUlnQXNBQ0lBZFFCeUFHd0FJZ0E2QUNJQWFBQjBBSFFBY0FBNkFDOEFMd0IzQUhjQWR3QXVBR3dBWlFCekFITUFhUUJ6QUcwQWJ3QnZBSElBWlFBdUFHNEFaUUIwQUM4QUlnQXNBQ0lBWkFCMUFISUFZUUIwQUdrQWJ3QnVBQ0lBT2dBaUFEQUFNQUE2QURBQU1BQTZBREFBTWdBdUFEQUFNUUF5QUNJQUxBQWlBSEFBWlFCeUFHWUFWQUJ2QUhRQVlRQnNBQ0lBT2dBaUFEQUFNQUE2QURBQU1BQTZBREFBTWdBdUFEQUFNUUF5QUNJQUxBQWlBRzRBWlFCMEFIY0Fid0J5QUdzQVF3QnZBRzRBYmdCbEFHTUFkQUFpQURvQUlnQXdBREFBT2dBd0FEQUFPZ0F3QURBQUxnQXdBRE1BTndBaUFDd0FJZ0J6QUdVQWJnQjBBRklBWlFCeEFIVUFaUUJ6QUhRQUlnQTZBQ0lBTUFBd0FEb0FNQUF3QURvQU1BQXdBQzRBTUFBd0FEWUFJZ0FzQUNJQWNnQmxBR01BWlFCcEFIWUFaUUJrQUZJQVpRQnpBSEFBYndCdUFITUFaUUFpQURvQUlnQXdBREFBT2dBd0FEQUFPZ0F3QURBQUxnQXdBRFlBTmdBaUFDd0FJZ0JrQUc4QWJRQlFBSElBYndCakFHVUFjd0J6QUdrQWJnQm5BQ0lBT2dBaUFEQUFNQUE2QURBQU1BQTZBREFBTVFBdUFETUFNUUF6QUNJQWZRQjlBSDBBWFFBPTwvU3RyaW5nSHR0cEJvZHk+DQogICAgPC9SZXF1ZXN0Pg0KICA8L0l0ZW1zPg0KICA8VmFsaWRhdGlvblJ1bGVzPg0KICAgIDxWYWxpZGF0aW9uUnVsZSBDbGFzc25hbWU9Ik1pY3Jvc29mdC5WaXN1YWxTdHVkaW8uVGVzdFRvb2xzLldlYlRlc3RpbmcuUnVsZXMuVmFsaWRhdGVSZXNwb25zZVVybCwgTWljcm9zb2Z0LlZpc3VhbFN0dWRpby5RdWFsaXR5VG9vbHMuV2ViVGVzdEZyYW1ld29yaywgVmVyc2lvbj0xMC4wLjAuMCwgQ3VsdHVyZT1uZXV0cmFsLCBQdWJsaWNLZXlUb2tlbj1iMDNmNWY3ZjExZDUwYTNhIiBEaXNwbGF5TmFtZT0iUmVzcG9uc2UgVVJMIiBEZXNjcmlwdGlvbj0iVmFsaWRhdGVzIHRoYXQgdGhlIHJlc3BvbnNlIFVSTCBhZnRlciByZWRpcmVjdHMgYXJlIGZvbGxvd2VkIGlzIHRoZSBzYW1lIGFzIHRoZSByZWNvcmRlZCByZXNwb25zZSBVUkwuICBRdWVyeVN0cmluZyBwYXJhbWV0ZXJzIGFyZSBpZ25vcmVkLiIgTGV2ZWw9IkxvdyIgRXhlY3R1aW9uT3JkZXI9IkJlZm9yZURlcGVuZGVudHMiIC8+DQogICAgPFZhbGlkYXRpb25SdWxlIENsYXNzbmFtZT0iTWljcm9zb2Z0LlZpc3VhbFN0dWRpby5UZXN0VG9vbHMuV2ViVGVzdGluZy5SdWxlcy5WYWxpZGF0aW9uUnVsZVJlc3BvbnNlVGltZUdvYWwsIE1pY3Jvc29mdC5WaXN1YWxTdHVkaW8uUXVhbGl0eVRvb2xzLldlYlRlc3RGcmFtZXdvcmssIFZlcnNpb249MTAuMC4wLjAsIEN1bHR1cmU9bmV1dHJhbCwgUHVibGljS2V5VG9rZW49YjAzZjVmN2YxMWQ1MGEzYSIgRGlzcGxheU5hbWU9IlJlc3BvbnNlIFRpbWUgR29hbCIgRGVzY3JpcHRpb249IlZhbGlkYXRlcyB0aGF0IHRoZSByZXNwb25zZSB0aW1lIGZvciB0aGUgcmVxdWVzdCBpcyBsZXNzIHRoYW4gb3IgZXF1YWwgdG8gdGhlIHJlc3BvbnNlIHRpbWUgZ29hbCBhcyBzcGVjaWZpZWQgb24gdGhlIHJlcXVlc3QuICBSZXNwb25zZSB0aW1lIGdvYWxzIG9mIHplcm8gd2lsbCBiZSBpZ25vcmVkLiIgTGV2ZWw9IkxvdyIgRXhlY3R1aW9uT3JkZXI9IkFmdGVyRGVwZW5kZW50cyI+DQogICAgICA8UnVsZVBhcmFtZXRlcnM+DQogICAgICAgIDxSdWxlUGFyYW1ldGVyIE5hbWU9IlRvbGVyYW5jZSIgVmFsdWU9IjAiIC8+DQogICAgICA8L1J1bGVQYXJhbWV0ZXJzPg0KICAgIDwvVmFsaWRhdGlvblJ1bGU+DQogIDwvVmFsaWRhdGlvblJ1bGVzPg0KPC9XZWJUZXN0Pg==">
      <Execution id="a4bb8caa-34a3-4d3b-8160-3b9f274c8f6d" />
    </WebTest>
  </TestDefinitions>
  <TestLists>
    <TestList name="Results Not in a List" id="8c84fa94-04c1-424b-9868-57a2d4851a1d" />
    <TestList name="All Loaded Results" id="19431567-8539-422a-85d7-44ee4e166bda" />
  </TestLists>
  <TestEntries>
    <TestEntry isTransparent="false" testId="faf9a503-2f07-4037-a7e9-54f38165c4b2" executionId="a4bb8caa-34a3-4d3b-8160-3b9f274c8f6d" testListId="8c84fa94-04c1-424b-9868-57a2d4851a1d" />
  </TestEntries>
  <Results>
    <WebTestResult executionId="a4bb8caa-34a3-4d3b-8160-3b9f274c8f6d" testId="faf9a503-2f07-4037-a7e9-54f38165c4b2" testName="WebTest1" computerName="JACKFROST" duration="00:00:04.3163152" startTime="2017-05-12T13:21:01.6957040-05:00" endTime="2017-05-12T13:21:16.6610901-05:00" testType="4e7599fa-5ecb-43e9-a887-cd63cf72d207" outcome="Passed" testListId="8c84fa94-04c1-424b-9868-57a2d4851a1d" relativeResultsDirectory="a4bb8caa-34a3-4d3b-8160-3b9f274c8f6d">
      <ResultFiles>
        <ResultFile path="WebTest1.webtestResult" />
      </ResultFiles>
      <TestSettings name="Local" id="59dbb065-7fa3-4828-ac9a-7c422d4f56ed">
        <Description>These are default test settings for a local test run.</Description>
        <Execution>
          <TestTypeSpecific>
            <WebTestRunConfiguration testTypeId="4e7599fa-5ecb-43e9-a887-cd63cf72d207">
              <Browser name="Internet Explorer 9.0" MaxConnections="6">
                <Headers>
                  <Header name="User-Agent" value="Mozilla/5.0 (compatible; MSIE 9.0; Windows NT 6.1; Trident/5.0)" />
                  <Header name="Accept" value="*/*" />
                  <Header name="Accept-Language" value="{{$IEAcceptLanguage}}" />
                  <Header name="Accept-Encoding" value="GZIP" />
                </Headers>
              </Browser>
            </WebTestRunConfiguration>
          </TestTypeSpecific>
          <AgentRule name="Execution Agents">
          </AgentRule>
        </Execution>
        <Deployment runDeploymentRoot="Tim Moore_JACKFROST 2017-05-12 13_21_01" />
        <Properties>
          <Property name="TestSettingsUIType" value="LoadTest" />
        </Properties>
      </TestSettings>
      <WebTestResultFilePath>Tim Moore_JACKFROST 2017-05-12 13_21_01\In\a4bb8caa-34a3-4d3b-8160-3b9f274c8f6d\WebTest1.webtestResult</WebTestResultFilePath>
    </WebTestResult>
  </Results>
</TestRun>